<?xml version="1.0" encoding="UTF-8"?>
<beans xmlns="http://www.springframework.org/schema/beans"
	xmlns:context="http://www.springframework.org/schema/context"
	xmlns:xsi="http://www.w3.org/2001/XMLSchema-instance" xmlns:util="http://www.springframework.org/schema/util"
	xmlns:tx="http://www.springframework.org/schema/tx" xmlns:jpa="http://www.springframework.org/schema/data/jpa"
	xmlns:jdbc="http://www.springframework.org/schema/jdbc"
	xsi:schemaLocation="http://www.springframework.org/schema/beans 
       http://www.springframework.org/schema/beans/spring-beans.xsd 
       http://www.springframework.org/schema/util 
       http://www.springframework.org/schema/util/spring-util.xsd 
       http://www.springframework.org/schema/tx 
       http://www.springframework.org/schema/tx/spring-tx.xsd 
       http://www.springframework.org/schema/data/jpa 
       http://www.springframework.org/schema/data/jpa/spring-jpa.xsd 
       http://www.springframework.org/schema/context
	http://www.springframework.org/schema/context/spring-context-2.5.xsd
       http://www.springframework.org/schema/jdbc 
       http://www.springframework.org/schema/jdbc/spring-jdbc.xsd">


	<import resource="classpath:spring/dao-context.xml" />


	<context:component-scan base-package="pl.dominika" />
	<context:component-scan base-package="pl.dominika.service.impl" />
	<context:component-scan base-package="pl.dominika.stockbroker" />
    <context:component-scan base-package="pl.dominika.wallet" />
	 <context:component-scan base-package="pl.dominikastockbroker_test" />
		 <context:component-scan base-package="pl.dominika.calendar" />
	<tx:annotation-driven transaction-manager="transactionManager" />

	<bean id="transactionManager" class="org.springframework.orm.jpa.JpaTransactionManager">
		<property name="entityManagerFactory" ref="entityManagerFactory" />
	</bean>

	<bean id="entityManagerFactory"
		class="org.springframework.orm.jpa.LocalContainerEntityManagerFactoryBean"
		depends-on="transactionManager">
		<property name="persistenceUnitName" value="workshop" />
		<property name="dataSource" ref="dataSource" />
		<property name="jpaProperties" ref="jpaProps" />
		<property name="jpaVendorAdapter">
			<bean class="org.springframework.orm.jpa.vendor.HibernateJpaVendorAdapter" />
		</property>
		<property name="packagesToScan">
			<array>
				<value>pl.dominika.entity</value>
			</array>
		</property>
	</bean>
</beans>