<?xml version="1.0" encoding="UTF-8"?>
<testsuite name="pl.dominika.calendar_test.CalendarTest" time="0.164" tests="1" errors="1" skipped="0" failures="0">
  <properties>
    <property name="java.runtime.name" value="Java(TM) SE Runtime Environment"/>
    <property name="sun.boot.library.path" value="C:\Program Files\Java\jdk1.7.0_45\jre\bin"/>
    <property name="java.vm.version" value="24.45-b08"/>
    <property name="user.country.format" value="DE"/>
    <property name="java.vm.vendor" value="Oracle Corporation"/>
    <property name="java.vendor.url" value="http://java.oracle.com/"/>
    <property name="path.separator" value=";"/>
    <property name="guice.disable.misplaced.annotation.check" value="true"/>
    <property name="java.vm.name" value="Java HotSpot(TM) 64-Bit Server VM"/>
    <property name="file.encoding.pkg" value="sun.io"/>
    <property name="user.script" value=""/>
    <property name="user.country" value="US"/>
    <property name="sun.java.launcher" value="SUN_STANDARD"/>
    <property name="sun.os.patch.level" value="Service Pack 1"/>
    <property name="java.vm.specification.name" value="Java Virtual Machine Specification"/>
    <property name="user.dir" value="C:\Users\dpurszke\Desktop\workspace\stock-game"/>
    <property name="java.runtime.version" value="1.7.0_45-b18"/>
    <property name="java.awt.graphicsenv" value="sun.awt.Win32GraphicsEnvironment"/>
    <property name="java.endorsed.dirs" value="C:\Program Files\Java\jdk1.7.0_45\jre\lib\endorsed"/>
    <property name="os.arch" value="amd64"/>
    <property name="java.io.tmpdir" value="C:\Users\dpurszke\AppData\Local\Temp\"/>
    <property name="line.separator" value="&#10;"/>
    <property name="java.vm.specification.vendor" value="Oracle Corporation"/>
    <property name="user.variant" value=""/>
    <property name="os.name" value="Windows 7"/>
    <property name="classworlds.conf" value="C:\Users\dpurszke\Desktop\workspace\.metadata\.plugins\org.eclipse.m2e.launching\launches\m2conf6314711907433378354.tmp"/>
    <property name="sun.jnu.encoding" value="Cp1252"/>
    <property name="java.library.path" value="C:\Program Files\Java\jdk1.7.0_45\bin;C:\WINDOWS\Sun\Java\bin;C:\WINDOWS\system32;C:\WINDOWS;C:\WINDOWS\system32;C:\WINDOWS;C:\WINDOWS\System32\Wbem;C:\Program Files\apache-maven-3.3.9\bin;C:\WINDOWS\System32\WindowsPowerShell\v1.0\;C:\Users\dpurszke\AppData\Local\GitHub\PortableGit_c2ba306e536fdf878271f7fe636a147ff37326ad\bin;C:\Program Files\nodejs\;C:\Users\dpurszke\AppData\Roaming\npm;."/>
    <property name="java.specification.name" value="Java Platform API Specification"/>
    <property name="java.class.version" value="51.0"/>
    <property name="sun.management.compiler" value="HotSpot 64-Bit Tiered Compilers"/>
    <property name="os.version" value="6.1"/>
    <property name="user.home" value="C:\Users\dpurszke"/>
    <property name="user.timezone" value="Europe/Berlin"/>
    <property name="java.awt.printerjob" value="sun.awt.windows.WPrinterJob"/>
    <property name="java.specification.version" value="1.7"/>
    <property name="file.encoding" value="Cp1252"/>
    <property name="user.name" value="DPURSZKE"/>
    <property name="java.class.path" value="/C:/Users/dpurszke/Desktop/eclipse/eclipse/plugins/org.eclipse.m2e.maven.runtime_1.5.1.20150109-1819/jars/plexus-classworlds-2.5.1.jar"/>
    <property name="org.slf4j.simpleLogger.defaultLogLevel" value="info"/>
    <property name="java.vm.specification.version" value="1.7"/>
    <property name="sun.arch.data.model" value="64"/>
    <property name="java.home" value="C:\Program Files\Java\jdk1.7.0_45\jre"/>
    <property name="sun.java.command" value="org.codehaus.plexus.classworlds.launcher.Launcher -B install"/>
    <property name="java.specification.vendor" value="Oracle Corporation"/>
    <property name="user.language" value="en"/>
    <property name="user.language.format" value="de"/>
    <property name="awt.toolkit" value="sun.awt.windows.WToolkit"/>
    <property name="java.vm.info" value="mixed mode"/>
    <property name="java.version" value="1.7.0_45"/>
    <property name="java.ext.dirs" value="C:\Program Files\Java\jdk1.7.0_45\jre\lib\ext;C:\WINDOWS\Sun\Java\lib\ext"/>
    <property name="sun.boot.class.path" value="C:\Program Files\Java\jdk1.7.0_45\jre\lib\resources.jar;C:\Program Files\Java\jdk1.7.0_45\jre\lib\rt.jar;C:\Program Files\Java\jdk1.7.0_45\jre\lib\sunrsasign.jar;C:\Program Files\Java\jdk1.7.0_45\jre\lib\jsse.jar;C:\Program Files\Java\jdk1.7.0_45\jre\lib\jce.jar;C:\Program Files\Java\jdk1.7.0_45\jre\lib\charsets.jar;C:\Program Files\Java\jdk1.7.0_45\jre\lib\jfr.jar;C:\Program Files\Java\jdk1.7.0_45\jre\classes"/>
    <property name="java.vendor" value="Oracle Corporation"/>
    <property name="maven.home" value="C:\Users\dpurszke\Desktop\workspace\stock-game\EMBEDDED"/>
    <property name="file.separator" value="\"/>
    <property name="java.vendor.url.bug" value="http://bugreport.sun.com/bugreport/"/>
    <property name="sun.cpu.endian" value="little"/>
    <property name="sun.io.unicode.encoding" value="UnicodeLittle"/>
    <property name="sun.desktop" value="windows"/>
    <property name="sun.cpu.isalist" value="amd64"/>
  </properties>
  <testcase name="testShouldAdddates" classname="pl.dominika.calendar_test.CalendarTest" time="0.164">
    <error message="Index: 1, Size: 1" type="java.lang.IndexOutOfBoundsException">java.lang.IndexOutOfBoundsException: Index: 1, Size: 1
	at java.util.ArrayList.rangeCheck(ArrayList.java:635)
	at java.util.ArrayList.get(ArrayList.java:411)
	at pl.dominika.service.impl.CSVReaderImpl.convertArray2Objects(CSVReaderImpl.java:62)
	at pl.dominika.service.impl.CSVReaderImpl.readCSV(CSVReaderImpl.java:40)
	at sun.reflect.NativeMethodAccessorImpl.invoke0(Native Method)
	at sun.reflect.NativeMethodAccessorImpl.invoke(NativeMethodAccessorImpl.java:57)
	at sun.reflect.DelegatingMethodAccessorImpl.invoke(DelegatingMethodAccessorImpl.java:43)
	at java.lang.reflect.Method.invoke(Method.java:606)
	at org.springframework.aop.support.AopUtils.invokeJoinpointUsingReflection(AopUtils.java:317)
	at org.springframework.aop.framework.ReflectiveMethodInvocation.invokeJoinpoint(ReflectiveMethodInvocation.java:190)
	at org.springframework.aop.framework.ReflectiveMethodInvocation.proceed(ReflectiveMethodInvocation.java:157)
	at org.springframework.transaction.interceptor.TransactionInterceptor$1.proceedWithInvocation(TransactionInterceptor.java:98)
	at org.springframework.transaction.interceptor.TransactionAspectSupport.invokeWithinTransaction(TransactionAspectSupport.java:262)
	at org.springframework.transaction.interceptor.TransactionInterceptor.invoke(TransactionInterceptor.java:95)
	at org.springframework.aop.framework.ReflectiveMethodInvocation.proceed(ReflectiveMethodInvocation.java:179)
	at org.springframework.aop.framework.JdkDynamicAopProxy.invoke(JdkDynamicAopProxy.java:207)
	at com.sun.proxy.$Proxy40.readCSV(Unknown Source)
	at pl.dominika.calendar_test.CalendarTest.testShouldAdddates(CalendarTest.java:34)
</error>
    <system-out><![CDATA[17:18:22.235 [main] DEBUG o.s.t.c.j.SpringJUnit4ClassRunner - SpringJUnit4ClassRunner constructor called with [class pl.dominika.calendar_test.CalendarTest].
17:18:22.257 [main] DEBUG o.s.test.context.BootstrapUtils - Instantiating TestContextBootstrapper from class [org.springframework.test.context.support.DefaultTestContextBootstrapper]
17:18:22.289 [main] DEBUG o.s.t.c.s.AbstractDelegatingSmartContextLoader - Delegating to GenericXmlContextLoader to process context configuration [ContextConfigurationAttributes@645d9aa2 declaringClass = 'pl.dominika.calendar_test.CalendarTest', classes = '{}', locations = '{../../../spring/test-context.xml}', inheritLocations = true, initializers = '{}', inheritInitializers = true, name = [null], contextLoaderClass = 'org.springframework.test.context.ContextLoader'].
17:18:22.293 [main] DEBUG o.s.t.c.support.ActiveProfilesUtils - Could not find an 'annotation declaring class' for annotation type [org.springframework.test.context.ActiveProfiles] and class [pl.dominika.calendar_test.CalendarTest]
17:18:22.299 [main] DEBUG o.s.t.c.s.DefaultTestContextBootstrapper - @TestExecutionListeners is not present for class [pl.dominika.calendar_test.CalendarTest]: using defaults.
17:18:22.306 [main] INFO  o.s.t.c.s.DefaultTestContextBootstrapper - Loaded default TestExecutionListener class names from location [META-INF/spring.factories]: [org.springframework.test.context.web.ServletTestExecutionListener, org.springframework.test.context.support.DependencyInjectionTestExecutionListener, org.springframework.test.context.support.DirtiesContextTestExecutionListener, org.springframework.test.context.transaction.TransactionalTestExecutionListener, org.springframework.test.context.jdbc.SqlScriptsTestExecutionListener]
17:18:22.326 [main] INFO  o.s.t.c.s.DefaultTestContextBootstrapper - Could not instantiate TestExecutionListener [org.springframework.test.context.web.ServletTestExecutionListener]. Specify custom listener classes or make the default listener classes (and their required dependencies) available. Offending class: [javax/servlet/ServletContext]
17:18:22.329 [main] INFO  o.s.t.c.s.DefaultTestContextBootstrapper - Using TestExecutionListeners: [org.springframework.test.context.support.DependencyInjectionTestExecutionListener@614b5446, org.springframework.test.context.support.DirtiesContextTestExecutionListener@1889f191, org.springframework.test.context.transaction.TransactionalTestExecutionListener@852732d, org.springframework.test.context.jdbc.SqlScriptsTestExecutionListener@5d07939f]
17:18:22.332 [main] DEBUG o.s.t.c.j.SpringJUnit4ClassRunner - SpringJUnit4ClassRunner constructor called with [class pl.dominika.investor_test.InvestorTest].
17:18:22.332 [main] DEBUG o.s.test.context.BootstrapUtils - Instantiating TestContextBootstrapper from class [org.springframework.test.context.support.DefaultTestContextBootstrapper]
17:18:22.334 [main] DEBUG o.s.t.c.s.AbstractDelegatingSmartContextLoader - Delegating to GenericXmlContextLoader to process context configuration [ContextConfigurationAttributes@5c78bca declaringClass = 'pl.dominika.investor_test.InvestorTest', classes = '{}', locations = '{../../../spring/test-context.xml}', inheritLocations = true, initializers = '{}', inheritInitializers = true, name = [null], contextLoaderClass = 'org.springframework.test.context.ContextLoader'].
17:18:22.335 [main] DEBUG o.s.t.c.support.ActiveProfilesUtils - Could not find an 'annotation declaring class' for annotation type [org.springframework.test.context.ActiveProfiles] and class [pl.dominika.investor_test.InvestorTest]
17:18:22.335 [main] DEBUG o.s.t.c.s.DefaultTestContextBootstrapper - @TestExecutionListeners is not present for class [pl.dominika.investor_test.InvestorTest]: using defaults.
17:18:22.337 [main] INFO  o.s.t.c.s.DefaultTestContextBootstrapper - Loaded default TestExecutionListener class names from location [META-INF/spring.factories]: [org.springframework.test.context.web.ServletTestExecutionListener, org.springframework.test.context.support.DependencyInjectionTestExecutionListener, org.springframework.test.context.support.DirtiesContextTestExecutionListener, org.springframework.test.context.transaction.TransactionalTestExecutionListener, org.springframework.test.context.jdbc.SqlScriptsTestExecutionListener]
17:18:22.339 [main] INFO  o.s.t.c.s.DefaultTestContextBootstrapper - Could not instantiate TestExecutionListener [org.springframework.test.context.web.ServletTestExecutionListener]. Specify custom listener classes or make the default listener classes (and their required dependencies) available. Offending class: [javax/servlet/ServletContext]
17:18:22.339 [main] INFO  o.s.t.c.s.DefaultTestContextBootstrapper - Using TestExecutionListeners: [org.springframework.test.context.support.DependencyInjectionTestExecutionListener@100a384, org.springframework.test.context.support.DirtiesContextTestExecutionListener@50ef2f9f, org.springframework.test.context.transaction.TransactionalTestExecutionListener@71f993c, org.springframework.test.context.jdbc.SqlScriptsTestExecutionListener@2b8535cb]
17:18:22.341 [main] DEBUG o.s.t.c.j.SpringJUnit4ClassRunner - SpringJUnit4ClassRunner constructor called with [class pl.dominika.stockbroker_test.StockBrokerTest].
17:18:22.342 [main] DEBUG o.s.test.context.BootstrapUtils - Instantiating TestContextBootstrapper from class [org.springframework.test.context.support.DefaultTestContextBootstrapper]
17:18:22.343 [main] DEBUG o.s.t.c.s.AbstractDelegatingSmartContextLoader - Delegating to GenericXmlContextLoader to process context configuration [ContextConfigurationAttributes@37fe883b declaringClass = 'pl.dominika.stockbroker_test.StockBrokerTest', classes = '{}', locations = '{../../../spring/test-context.xml}', inheritLocations = true, initializers = '{}', inheritInitializers = true, name = [null], contextLoaderClass = 'org.springframework.test.context.ContextLoader'].
17:18:22.344 [main] DEBUG o.s.t.c.support.ActiveProfilesUtils - Could not find an 'annotation declaring class' for annotation type [org.springframework.test.context.ActiveProfiles] and class [pl.dominika.stockbroker_test.StockBrokerTest]
17:18:22.345 [main] DEBUG o.s.t.c.s.DefaultTestContextBootstrapper - @TestExecutionListeners is not present for class [pl.dominika.stockbroker_test.StockBrokerTest]: using defaults.
17:18:22.347 [main] INFO  o.s.t.c.s.DefaultTestContextBootstrapper - Loaded default TestExecutionListener class names from location [META-INF/spring.factories]: [org.springframework.test.context.web.ServletTestExecutionListener, org.springframework.test.context.support.DependencyInjectionTestExecutionListener, org.springframework.test.context.support.DirtiesContextTestExecutionListener, org.springframework.test.context.transaction.TransactionalTestExecutionListener, org.springframework.test.context.jdbc.SqlScriptsTestExecutionListener]
17:18:22.348 [main] INFO  o.s.t.c.s.DefaultTestContextBootstrapper - Could not instantiate TestExecutionListener [org.springframework.test.context.web.ServletTestExecutionListener]. Specify custom listener classes or make the default listener classes (and their required dependencies) available. Offending class: [javax/servlet/ServletContext]
17:18:22.349 [main] INFO  o.s.t.c.s.DefaultTestContextBootstrapper - Using TestExecutionListeners: [org.springframework.test.context.support.DependencyInjectionTestExecutionListener@3fc3530c, org.springframework.test.context.support.DirtiesContextTestExecutionListener@30815988, org.springframework.test.context.transaction.TransactionalTestExecutionListener@7c1d0898, org.springframework.test.context.jdbc.SqlScriptsTestExecutionListener@561f72d0]
17:18:22.351 [main] DEBUG o.s.t.c.j.SpringJUnit4ClassRunner - SpringJUnit4ClassRunner constructor called with [class pl.dominika.strategy_test.StrategyTest].
17:18:22.352 [main] DEBUG o.s.test.context.BootstrapUtils - Instantiating TestContextBootstrapper from class [org.springframework.test.context.support.DefaultTestContextBootstrapper]
17:18:22.353 [main] DEBUG o.s.t.c.s.AbstractDelegatingSmartContextLoader - Delegating to GenericXmlContextLoader to process context configuration [ContextConfigurationAttributes@3e557638 declaringClass = 'pl.dominika.strategy_test.StrategyTest', classes = '{}', locations = '{../../../spring/test-context.xml}', inheritLocations = true, initializers = '{}', inheritInitializers = true, name = [null], contextLoaderClass = 'org.springframework.test.context.ContextLoader'].
17:18:22.354 [main] DEBUG o.s.t.c.support.ActiveProfilesUtils - Could not find an 'annotation declaring class' for annotation type [org.springframework.test.context.ActiveProfiles] and class [pl.dominika.strategy_test.StrategyTest]
17:18:22.354 [main] DEBUG o.s.t.c.s.DefaultTestContextBootstrapper - @TestExecutionListeners is not present for class [pl.dominika.strategy_test.StrategyTest]: using defaults.
17:18:22.356 [main] INFO  o.s.t.c.s.DefaultTestContextBootstrapper - Loaded default TestExecutionListener class names from location [META-INF/spring.factories]: [org.springframework.test.context.web.ServletTestExecutionListener, org.springframework.test.context.support.DependencyInjectionTestExecutionListener, org.springframework.test.context.support.DirtiesContextTestExecutionListener, org.springframework.test.context.transaction.TransactionalTestExecutionListener, org.springframework.test.context.jdbc.SqlScriptsTestExecutionListener]
17:18:22.359 [main] INFO  o.s.t.c.s.DefaultTestContextBootstrapper - Could not instantiate TestExecutionListener [org.springframework.test.context.web.ServletTestExecutionListener]. Specify custom listener classes or make the default listener classes (and their required dependencies) available. Offending class: [javax/servlet/ServletContext]
17:18:22.360 [main] INFO  o.s.t.c.s.DefaultTestContextBootstrapper - Using TestExecutionListeners: [org.springframework.test.context.support.DependencyInjectionTestExecutionListener@60d5ad52, org.springframework.test.context.support.DirtiesContextTestExecutionListener@6c661428, org.springframework.test.context.transaction.TransactionalTestExecutionListener@21b585b1, org.springframework.test.context.jdbc.SqlScriptsTestExecutionListener@145c38c1]
17:18:22.363 [main] DEBUG o.s.t.c.j.SpringJUnit4ClassRunner - SpringJUnit4ClassRunner constructor called with [class pl.dominika.wallet_test.WalletImplTest].
17:18:22.364 [main] DEBUG o.s.test.context.BootstrapUtils - Instantiating TestContextBootstrapper from class [org.springframework.test.context.support.DefaultTestContextBootstrapper]
17:18:22.366 [main] DEBUG o.s.t.c.s.AbstractDelegatingSmartContextLoader - Delegating to GenericXmlContextLoader to process context configuration [ContextConfigurationAttributes@595ee3d declaringClass = 'pl.dominika.wallet_test.WalletImplTest', classes = '{}', locations = '{../../../spring/test-context.xml}', inheritLocations = true, initializers = '{}', inheritInitializers = true, name = [null], contextLoaderClass = 'org.springframework.test.context.ContextLoader'].
17:18:22.367 [main] DEBUG o.s.t.c.support.ActiveProfilesUtils - Could not find an 'annotation declaring class' for annotation type [org.springframework.test.context.ActiveProfiles] and class [pl.dominika.wallet_test.WalletImplTest]
17:18:22.367 [main] DEBUG o.s.t.c.s.DefaultTestContextBootstrapper - @TestExecutionListeners is not present for class [pl.dominika.wallet_test.WalletImplTest]: using defaults.
17:18:22.369 [main] INFO  o.s.t.c.s.DefaultTestContextBootstrapper - Loaded default TestExecutionListener class names from location [META-INF/spring.factories]: [org.springframework.test.context.web.ServletTestExecutionListener, org.springframework.test.context.support.DependencyInjectionTestExecutionListener, org.springframework.test.context.support.DirtiesContextTestExecutionListener, org.springframework.test.context.transaction.TransactionalTestExecutionListener, org.springframework.test.context.jdbc.SqlScriptsTestExecutionListener]
17:18:22.370 [main] INFO  o.s.t.c.s.DefaultTestContextBootstrapper - Could not instantiate TestExecutionListener [org.springframework.test.context.web.ServletTestExecutionListener]. Specify custom listener classes or make the default listener classes (and their required dependencies) available. Offending class: [javax/servlet/ServletContext]
17:18:22.370 [main] INFO  o.s.t.c.s.DefaultTestContextBootstrapper - Using TestExecutionListeners: [org.springframework.test.context.support.DependencyInjectionTestExecutionListener@541767f1, org.springframework.test.context.support.DirtiesContextTestExecutionListener@4ca92a58, org.springframework.test.context.transaction.TransactionalTestExecutionListener@761b1eb9, org.springframework.test.context.jdbc.SqlScriptsTestExecutionListener@6e7e4042]
17:18:22.373 [main] DEBUG o.s.t.annotation.ProfileValueUtils - Retrieved @ProfileValueSourceConfiguration [null] for test class [pl.dominika.calendar_test.CalendarTest]
17:18:22.374 [main] DEBUG o.s.t.annotation.ProfileValueUtils - Retrieved ProfileValueSource type [class org.springframework.test.annotation.SystemProfileValueSource] for class [pl.dominika.calendar_test.CalendarTest]
17:18:22.375 [main] DEBUG o.s.t.annotation.ProfileValueUtils - Retrieved @ProfileValueSourceConfiguration [null] for test class [pl.dominika.investor_test.InvestorTest]
17:18:22.375 [main] DEBUG o.s.t.annotation.ProfileValueUtils - Retrieved ProfileValueSource type [class org.springframework.test.annotation.SystemProfileValueSource] for class [pl.dominika.investor_test.InvestorTest]
17:18:22.375 [main] DEBUG o.s.t.annotation.ProfileValueUtils - Retrieved @ProfileValueSourceConfiguration [null] for test class [pl.dominika.stockbroker_test.StockBrokerTest]
17:18:22.375 [main] DEBUG o.s.t.annotation.ProfileValueUtils - Retrieved ProfileValueSource type [class org.springframework.test.annotation.SystemProfileValueSource] for class [pl.dominika.stockbroker_test.StockBrokerTest]
17:18:22.376 [main] DEBUG o.s.t.annotation.ProfileValueUtils - Retrieved @ProfileValueSourceConfiguration [null] for test class [pl.dominika.strategy_test.StrategyTest]
17:18:22.376 [main] DEBUG o.s.t.annotation.ProfileValueUtils - Retrieved ProfileValueSource type [class org.springframework.test.annotation.SystemProfileValueSource] for class [pl.dominika.strategy_test.StrategyTest]
17:18:22.377 [main] DEBUG o.s.t.annotation.ProfileValueUtils - Retrieved @ProfileValueSourceConfiguration [null] for test class [pl.dominika.wallet_test.WalletImplTest]
17:18:22.377 [main] DEBUG o.s.t.annotation.ProfileValueUtils - Retrieved ProfileValueSource type [class org.springframework.test.annotation.SystemProfileValueSource] for class [pl.dominika.wallet_test.WalletImplTest]
17:18:22.380 [main] DEBUG o.s.t.c.j.SpringJUnit4ClassRunner - SpringJUnit4ClassRunner constructor called with [class pl.dominika.calendar_test.CalendarTest].
17:18:22.381 [main] DEBUG o.s.test.context.BootstrapUtils - Instantiating TestContextBootstrapper from class [org.springframework.test.context.support.DefaultTestContextBootstrapper]
17:18:22.382 [main] DEBUG o.s.t.c.s.AbstractDelegatingSmartContextLoader - Delegating to GenericXmlContextLoader to process context configuration [ContextConfigurationAttributes@33af751c declaringClass = 'pl.dominika.calendar_test.CalendarTest', classes = '{}', locations = '{../../../spring/test-context.xml}', inheritLocations = true, initializers = '{}', inheritInitializers = true, name = [null], contextLoaderClass = 'org.springframework.test.context.ContextLoader'].
17:18:22.383 [main] DEBUG o.s.t.c.support.ActiveProfilesUtils - Could not find an 'annotation declaring class' for annotation type [org.springframework.test.context.ActiveProfiles] and class [pl.dominika.calendar_test.CalendarTest]
17:18:22.383 [main] DEBUG o.s.t.c.s.DefaultTestContextBootstrapper - @TestExecutionListeners is not present for class [pl.dominika.calendar_test.CalendarTest]: using defaults.
17:18:22.385 [main] INFO  o.s.t.c.s.DefaultTestContextBootstrapper - Loaded default TestExecutionListener class names from location [META-INF/spring.factories]: [org.springframework.test.context.web.ServletTestExecutionListener, org.springframework.test.context.support.DependencyInjectionTestExecutionListener, org.springframework.test.context.support.DirtiesContextTestExecutionListener, org.springframework.test.context.transaction.TransactionalTestExecutionListener, org.springframework.test.context.jdbc.SqlScriptsTestExecutionListener]
17:18:22.386 [main] INFO  o.s.t.c.s.DefaultTestContextBootstrapper - Could not instantiate TestExecutionListener [org.springframework.test.context.web.ServletTestExecutionListener]. Specify custom listener classes or make the default listener classes (and their required dependencies) available. Offending class: [javax/servlet/ServletContext]
17:18:22.386 [main] INFO  o.s.t.c.s.DefaultTestContextBootstrapper - Using TestExecutionListeners: [org.springframework.test.context.support.DependencyInjectionTestExecutionListener@21b5c5b3, org.springframework.test.context.support.DirtiesContextTestExecutionListener@24c67c0f, org.springframework.test.context.transaction.TransactionalTestExecutionListener@62facfa5, org.springframework.test.context.jdbc.SqlScriptsTestExecutionListener@40568c67]
17:18:22.386 [main] DEBUG o.s.t.annotation.ProfileValueUtils - Retrieved @ProfileValueSourceConfiguration [null] for test class [pl.dominika.calendar_test.CalendarTest]
17:18:22.386 [main] DEBUG o.s.t.annotation.ProfileValueUtils - Retrieved ProfileValueSource type [class org.springframework.test.annotation.SystemProfileValueSource] for class [pl.dominika.calendar_test.CalendarTest]
17:18:22.388 [main] DEBUG o.s.t.annotation.ProfileValueUtils - Retrieved @ProfileValueSourceConfiguration [null] for test class [pl.dominika.calendar_test.CalendarTest]
17:18:22.388 [main] DEBUG o.s.t.annotation.ProfileValueUtils - Retrieved ProfileValueSource type [class org.springframework.test.annotation.SystemProfileValueSource] for class [pl.dominika.calendar_test.CalendarTest]
17:18:22.391 [main] DEBUG o.s.t.annotation.ProfileValueUtils - Retrieved @ProfileValueSourceConfiguration [null] for test class [pl.dominika.calendar_test.CalendarTest]
17:18:22.391 [main] DEBUG o.s.t.annotation.ProfileValueUtils - Retrieved ProfileValueSource type [class org.springframework.test.annotation.SystemProfileValueSource] for class [pl.dominika.calendar_test.CalendarTest]
17:18:22.394 [main] DEBUG o.s.t.c.s.DependencyInjectionTestExecutionListener - Performing dependency injection for test context [[DefaultTestContext@542ebbbd testClass = CalendarTest, testInstance = pl.dominika.calendar_test.CalendarTest@4827a078, testMethod = [null], testException = [null], mergedContextConfiguration = [MergedContextConfiguration@21984b4a testClass = CalendarTest, locations = '{classpath:/spring/test-context.xml}', classes = '{}', contextInitializerClasses = '[]', activeProfiles = '{}', propertySourceLocations = '{}', propertySourceProperties = '{}', contextLoader = 'org.springframework.test.context.support.DelegatingSmartContextLoader', parent = [null]]]].
17:18:22.394 [main] DEBUG o.s.t.c.s.AbstractDelegatingSmartContextLoader - Delegating to GenericXmlContextLoader to load context from [MergedContextConfiguration@21984b4a testClass = CalendarTest, locations = '{classpath:/spring/test-context.xml}', classes = '{}', contextInitializerClasses = '[]', activeProfiles = '{}', propertySourceLocations = '{}', propertySourceProperties = '{}', contextLoader = 'org.springframework.test.context.support.DelegatingSmartContextLoader', parent = [null]].
17:18:22.394 [main] DEBUG o.s.t.c.s.AbstractGenericContextLoader - Loading ApplicationContext for merged context configuration [[MergedContextConfiguration@21984b4a testClass = CalendarTest, locations = '{classpath:/spring/test-context.xml}', classes = '{}', contextInitializerClasses = '[]', activeProfiles = '{}', propertySourceLocations = '{}', propertySourceProperties = '{}', contextLoader = 'org.springframework.test.context.support.DelegatingSmartContextLoader', parent = [null]]].
17:18:22.531 [main] DEBUG o.s.core.env.StandardEnvironment - Adding [systemProperties] PropertySource with lowest search precedence
17:18:22.534 [main] DEBUG o.s.core.env.StandardEnvironment - Adding [systemEnvironment] PropertySource with lowest search precedence
17:18:22.534 [main] DEBUG o.s.core.env.StandardEnvironment - Initialized StandardEnvironment with PropertySources [systemProperties,systemEnvironment]
17:18:22.545 [main] INFO  o.s.b.f.xml.XmlBeanDefinitionReader - Loading XML bean definitions from class path resource [spring/test-context.xml]
17:18:22.563 [main] DEBUG o.s.b.f.xml.DefaultDocumentLoader - Using JAXP provider [com.sun.org.apache.xerces.internal.jaxp.DocumentBuilderFactoryImpl]
17:18:22.591 [main] DEBUG o.s.b.f.xml.PluggableSchemaResolver - Loading schema mappings from [META-INF/spring.schemas]
17:18:22.594 [main] DEBUG o.s.b.f.xml.PluggableSchemaResolver - Loaded schema mappings: {http://www.springframework.org/schema/tx/spring-tx-2.5.xsd=org/springframework/transaction/config/spring-tx-2.5.xsd, http://www.springframework.org/schema/aop/spring-aop-4.1.xsd=org/springframework/aop/config/spring-aop-4.1.xsd, http://www.springframework.org/schema/context/spring-context-3.1.xsd=org/springframework/context/config/spring-context-3.1.xsd, http://www.springframework.org/schema/data/repository/spring-repository-1.4.xsd=org/springframework/data/repository/config/spring-repository-1.4.xsd, http://www.springframework.org/schema/jdbc/spring-jdbc-4.1.xsd=org/springframework/jdbc/config/spring-jdbc-4.1.xsd, http://www.springframework.org/schema/util/spring-util-3.0.xsd=org/springframework/beans/factory/xml/spring-util-3.0.xsd, http://www.springframework.org/schema/data/jpa/spring-jpa.xsd=org/springframework/data/jpa/repository/config/spring-jpa-1.3.xsd, http://www.springframework.org/schema/tool/spring-tool.xsd=org/springframework/beans/factory/xml/spring-tool-4.1.xsd, http://www.springframework.org/schema/aop/spring-aop-3.2.xsd=org/springframework/aop/config/spring-aop-3.2.xsd, http://www.springframework.org/schema/lang/spring-lang-4.1.xsd=org/springframework/scripting/config/spring-lang-4.1.xsd, http://www.springframework.org/schema/context/spring-context-4.0.xsd=org/springframework/context/config/spring-context-4.0.xsd, http://www.springframework.org/schema/tool/spring-tool-4.1.xsd=org/springframework/beans/factory/xml/spring-tool-4.1.xsd, http://www.springframework.org/schema/lang/spring-lang-3.2.xsd=org/springframework/scripting/config/spring-lang-3.2.xsd, http://www.springframework.org/schema/cache/spring-cache-3.2.xsd=org/springframework/cache/config/spring-cache-3.2.xsd, http://www.springframework.org/schema/jee/spring-jee-4.1.xsd=org/springframework/ejb/config/spring-jee-4.1.xsd, http://www.springframework.org/schema/jdbc/spring-jdbc-3.1.xsd=org/springframework/jdbc/config/spring-jdbc-3.1.xsd, http://www.springframework.org/schema/util/spring-util-2.0.xsd=org/springframework/beans/factory/xml/spring-util-2.0.xsd, http://www.springframework.org/schema/tool/spring-tool-3.2.xsd=org/springframework/beans/factory/xml/spring-tool-3.2.xsd, http://www.springframework.org/schema/context/spring-context.xsd=org/springframework/context/config/spring-context-4.1.xsd, http://www.springframework.org/schema/cache/spring-cache-4.1.xsd=org/springframework/cache/config/spring-cache-4.1.xsd, http://www.springframework.org/schema/aop/spring-aop-4.0.xsd=org/springframework/aop/config/spring-aop-4.0.xsd, http://www.springframework.org/schema/jee/spring-jee-3.2.xsd=org/springframework/ejb/config/spring-jee-3.2.xsd, http://www.springframework.org/schema/context/spring-context-3.0.xsd=org/springframework/context/config/spring-context-3.0.xsd, http://www.springframework.org/schema/jdbc/spring-jdbc-4.0.xsd=org/springframework/jdbc/config/spring-jdbc-4.0.xsd, http://www.springframework.org/schema/util/spring-util-2.5.xsd=org/springframework/beans/factory/xml/spring-util-2.5.xsd, http://www.springframework.org/schema/beans/spring-beans-3.2.xsd=org/springframework/beans/factory/xml/spring-beans-3.2.xsd, http://www.springframework.org/schema/aop/spring-aop-3.1.xsd=org/springframework/aop/config/spring-aop-3.1.xsd, http://www.springframework.org/schema/lang/spring-lang-4.0.xsd=org/springframework/scripting/config/spring-lang-4.0.xsd, http://www.springframework.org/schema/beans/spring-beans-4.1.xsd=org/springframework/beans/factory/xml/spring-beans-4.1.xsd, http://www.springframework.org/schema/tool/spring-tool-4.0.xsd=org/springframework/beans/factory/xml/spring-tool-4.0.xsd, http://www.springframework.org/schema/lang/spring-lang-3.1.xsd=org/springframework/scripting/config/spring-lang-3.1.xsd, http://www.springframework.org/schema/tx/spring-tx-3.2.xsd=org/springframework/transaction/config/spring-tx-3.2.xsd, http://www.springframework.org/schema/cache/spring-cache-3.1.xsd=org/springframework/cache/config/spring-cache-3.1.xsd, http://www.springframework.org/schema/jee/spring-jee-4.0.xsd=org/springframework/ejb/config/spring-jee-4.0.xsd, http://www.springframework.org/schema/jdbc/spring-jdbc-3.0.xsd=org/springframework/jdbc/config/spring-jdbc-3.0.xsd, http://www.springframework.org/schema/task/spring-task-4.1.xsd=org/springframework/scheduling/config/spring-task-4.1.xsd, http://www.springframework.org/schema/jdbc/spring-jdbc.xsd=org/springframework/jdbc/config/spring-jdbc-4.1.xsd, http://www.springframework.org/schema/tool/spring-tool-3.1.xsd=org/springframework/beans/factory/xml/spring-tool-3.1.xsd, http://www.springframework.org/schema/cache/spring-cache-4.0.xsd=org/springframework/cache/config/spring-cache-4.0.xsd, http://www.springframework.org/schema/jee/spring-jee-3.1.xsd=org/springframework/ejb/config/spring-jee-3.1.xsd, http://www.springframework.org/schema/task/spring-task-3.2.xsd=org/springframework/scheduling/config/spring-task-3.2.xsd, http://www.springframework.org/schema/beans/spring-beans-3.1.xsd=org/springframework/beans/factory/xml/spring-beans-3.1.xsd, http://www.springframework.org/schema/util/spring-util.xsd=org/springframework/beans/factory/xml/spring-util-4.1.xsd, http://www.springframework.org/schema/data/jpa/spring-jpa-1.3.xsd=org/springframework/data/jpa/repository/config/spring-jpa-1.3.xsd, http://www.springframework.org/schema/aop/spring-aop-3.0.xsd=org/springframework/aop/config/spring-aop-3.0.xsd, http://www.springframework.org/schema/data/repository/spring-repository.xsd=org/springframework/data/repository/config/spring-repository-1.7.xsd, http://www.springframework.org/schema/data/repository/spring-repository-1.7.xsd=org/springframework/data/repository/config/spring-repository-1.7.xsd, http://www.springframework.org/schema/beans/spring-beans-4.0.xsd=org/springframework/beans/factory/xml/spring-beans-4.0.xsd, http://www.springframework.org/schema/beans/spring-beans.xsd=org/springframework/beans/factory/xml/spring-beans-4.1.xsd, http://www.springframework.org/schema/lang/spring-lang-3.0.xsd=org/springframework/scripting/config/spring-lang-3.0.xsd, http://www.springframework.org/schema/tx/spring-tx-3.1.xsd=org/springframework/transaction/config/spring-tx-3.1.xsd, http://www.springframework.org/schema/context/spring-context-2.5.xsd=org/springframework/context/config/spring-context-2.5.xsd, http://www.springframework.org/schema/task/spring-task-4.0.xsd=org/springframework/scheduling/config/spring-task-4.0.xsd, http://www.springframework.org/schema/tool/spring-tool-3.0.xsd=org/springframework/beans/factory/xml/spring-tool-3.0.xsd, http://www.springframework.org/schema/tx/spring-tx-4.0.xsd=org/springframework/transaction/config/spring-tx-4.0.xsd, http://www.springframework.org/schema/aop/spring-aop-2.0.xsd=org/springframework/aop/config/spring-aop-2.0.xsd, http://www.springframework.org/schema/jee/spring-jee-3.0.xsd=org/springframework/ejb/config/spring-jee-3.0.xsd, http://www.springframework.org/schema/task/spring-task-3.1.xsd=org/springframework/scheduling/config/spring-task-3.1.xsd, http://www.springframework.org/schema/util/spring-util-4.1.xsd=org/springframework/beans/factory/xml/spring-util-4.1.xsd, http://www.springframework.org/schema/beans/spring-beans-3.0.xsd=org/springframework/beans/factory/xml/spring-beans-3.0.xsd, http://www.springframework.org/schema/data/jpa/spring-jpa-1.2.xsd=org/springframework/data/jpa/repository/config/spring-jpa-1.2.xsd, http://www.springframework.org/schema/jee/spring-jee.xsd=org/springframework/ejb/config/spring-jee-4.1.xsd, http://www.springframework.org/schema/aop/spring-aop-2.5.xsd=org/springframework/aop/config/spring-aop-2.5.xsd, http://www.springframework.org/schema/lang/spring-lang-2.0.xsd=org/springframework/scripting/config/spring-lang-2.0.xsd, http://www.springframework.org/schema/data/repository/spring-repository-1.6.xsd=org/springframework/data/repository/config/spring-repository-1.6.xsd, http://www.springframework.org/schema/util/spring-util-3.2.xsd=org/springframework/beans/factory/xml/spring-util-3.2.xsd, http://www.springframework.org/schema/task/spring-task.xsd=org/springframework/scheduling/config/spring-task-4.1.xsd, http://www.springframework.org/schema/tool/spring-tool-2.0.xsd=org/springframework/beans/factory/xml/spring-tool-2.0.xsd, http://www.springframework.org/schema/lang/spring-lang-2.5.xsd=org/springframework/scripting/config/spring-lang-2.5.xsd, http://www.springframework.org/schema/tx/spring-tx-3.0.xsd=org/springframework/transaction/config/spring-tx-3.0.xsd, http://www.springframework.org/schema/jee/spring-jee-2.0.xsd=org/springframework/ejb/config/spring-jee-2.0.xsd, http://www.springframework.org/schema/tool/spring-tool-2.5.xsd=org/springframework/beans/factory/xml/spring-tool-2.5.xsd, http://www.springframework.org/schema/jee/spring-jee-2.5.xsd=org/springframework/ejb/config/spring-jee-2.5.xsd, http://www.springframework.org/schema/data/repository/spring-repository-1.0.xsd=org/springframework/data/repository/config/spring-repository-1.0.xsd, http://www.springframework.org/schema/task/spring-task-3.0.xsd=org/springframework/scheduling/config/spring-task-3.0.xsd, http://www.springframework.org/schema/util/spring-util-4.0.xsd=org/springframework/beans/factory/xml/spring-util-4.0.xsd, http://www.springframework.org/schema/data/jpa/spring-jpa-1.1.xsd=org/springframework/data/jpa/repository/config/spring-jpa-1.1.xsd, http://www.springframework.org/schema/lang/spring-lang.xsd=org/springframework/scripting/config/spring-lang-4.1.xsd, http://www.springframework.org/schema/context/spring-context-3.2.xsd=org/springframework/context/config/spring-context-3.2.xsd, http://www.springframework.org/schema/data/repository/spring-repository-1.5.xsd=org/springframework/data/repository/config/spring-repository-1.5.xsd, http://www.springframework.org/schema/util/spring-util-3.1.xsd=org/springframework/beans/factory/xml/spring-util-3.1.xsd, http://www.springframework.org/schema/beans/spring-beans-2.0.xsd=org/springframework/beans/factory/xml/spring-beans-2.0.xsd, http://www.springframework.org/schema/cache/spring-cache.xsd=org/springframework/cache/config/spring-cache-4.1.xsd, http://www.springframework.org/schema/tx/spring-tx.xsd=org/springframework/transaction/config/spring-tx-4.0.xsd, http://www.springframework.org/schema/context/spring-context-4.1.xsd=org/springframework/context/config/spring-context-4.1.xsd, http://www.springframework.org/schema/beans/spring-beans-2.5.xsd=org/springframework/beans/factory/xml/spring-beans-2.5.xsd, http://www.springframework.org/schema/tx/spring-tx-2.0.xsd=org/springframework/transaction/config/spring-tx-2.0.xsd, http://www.springframework.org/schema/jdbc/spring-jdbc-3.2.xsd=org/springframework/jdbc/config/spring-jdbc-3.2.xsd, http://www.springframework.org/schema/aop/spring-aop.xsd=org/springframework/aop/config/spring-aop-4.1.xsd, http://www.springframework.org/schema/data/jpa/spring-jpa-1.0.xsd=org/springframework/data/jpa/repository/config/spring-jpa-1.0.xsd}
17:18:22.595 [main] DEBUG o.s.b.f.xml.PluggableSchemaResolver - Found XML schema [http://www.springframework.org/schema/beans/spring-beans.xsd] in classpath: org/springframework/beans/factory/xml/spring-beans-4.1.xsd
17:18:22.653 [main] DEBUG o.s.b.f.xml.PluggableSchemaResolver - Found XML schema [http://www.springframework.org/schema/context/spring-context-2.5.xsd] in classpath: org/springframework/context/config/spring-context-2.5.xsd
17:18:22.662 [main] DEBUG o.s.b.f.xml.PluggableSchemaResolver - Found XML schema [http://www.springframework.org/schema/tool/spring-tool-2.5.xsd] in classpath: org/springframework/beans/factory/xml/spring-tool-2.5.xsd
17:18:22.671 [main] DEBUG o.s.b.f.xml.PluggableSchemaResolver - Found XML schema [http://www.springframework.org/schema/tx/spring-tx.xsd] in classpath: org/springframework/transaction/config/spring-tx-4.0.xsd
17:18:22.684 [main] DEBUG o.s.b.f.x.DefaultBeanDefinitionDocumentReader - Loading bean definitions
17:18:22.695 [main] INFO  o.s.b.f.xml.XmlBeanDefinitionReader - Loading XML bean definitions from class path resource [spring/dao-context.xml]
17:18:22.697 [main] DEBUG o.s.b.f.xml.DefaultDocumentLoader - Using JAXP provider [com.sun.org.apache.xerces.internal.jaxp.DocumentBuilderFactoryImpl]
17:18:22.699 [main] DEBUG o.s.b.f.xml.PluggableSchemaResolver - Found XML schema [http://www.springframework.org/schema/beans/spring-beans.xsd] in classpath: org/springframework/beans/factory/xml/spring-beans-4.1.xsd
17:18:22.729 [main] DEBUG o.s.b.f.xml.PluggableSchemaResolver - Found XML schema [http://www.springframework.org/schema/util/spring-util.xsd] in classpath: org/springframework/beans/factory/xml/spring-util-4.1.xsd
17:18:22.735 [main] DEBUG o.s.b.f.xml.PluggableSchemaResolver - Found XML schema [http://www.springframework.org/schema/tool/spring-tool-4.1.xsd] in classpath: org/springframework/beans/factory/xml/spring-tool-4.1.xsd
17:18:22.742 [main] DEBUG o.s.b.f.xml.PluggableSchemaResolver - Found XML schema [http://www.springframework.org/schema/jdbc/spring-jdbc.xsd] in classpath: org/springframework/jdbc/config/spring-jdbc-4.1.xsd
17:18:22.750 [main] DEBUG o.s.b.f.xml.PluggableSchemaResolver - Found XML schema [http://www.springframework.org/schema/data/jpa/spring-jpa.xsd] in classpath: org/springframework/data/jpa/repository/config/spring-jpa-1.3.xsd
17:18:22.753 [main] DEBUG o.s.b.f.xml.PluggableSchemaResolver - Found XML schema [http://www.springframework.org/schema/data/repository/spring-repository.xsd] in classpath: org/springframework/data/repository/config/spring-repository-1.7.xsd
17:18:22.760 [main] DEBUG o.s.b.f.xml.PluggableSchemaResolver - Found XML schema [http://www.springframework.org/schema/context/spring-context.xsd] in classpath: org/springframework/context/config/spring-context-4.1.xsd
17:18:22.774 [main] DEBUG o.s.b.f.x.DefaultBeanDefinitionDocumentReader - Loading bean definitions
17:18:22.778 [main] DEBUG o.s.b.f.x.DefaultNamespaceHandlerResolver - Loaded NamespaceHandler mappings: {http://www.springframework.org/schema/p=org.springframework.beans.factory.xml.SimplePropertyNamespaceHandler, http://www.springframework.org/schema/util=org.springframework.beans.factory.xml.UtilNamespaceHandler, http://www.springframework.org/schema/jee=org.springframework.ejb.config.JeeNamespaceHandler, http://www.springframework.org/schema/aop=org.springframework.aop.config.AopNamespaceHandler, http://www.springframework.org/schema/jdbc=org.springframework.jdbc.config.JdbcNamespaceHandler, http://www.springframework.org/schema/data/repository=org.springframework.data.repository.config.RepositoryNameSpaceHandler, http://www.springframework.org/schema/data/jpa=org.springframework.data.jpa.repository.config.JpaRepositoryNameSpaceHandler, http://www.springframework.org/schema/cache=org.springframework.cache.config.CacheNamespaceHandler, http://www.springframework.org/schema/c=org.springframework.beans.factory.xml.SimpleConstructorNamespaceHandler, http://www.springframework.org/schema/tx=org.springframework.transaction.config.TxNamespaceHandler, http://www.springframework.org/schema/task=org.springframework.scheduling.config.TaskNamespaceHandler, http://www.springframework.org/schema/lang=org.springframework.scripting.config.LangNamespaceHandler, http://www.springframework.org/schema/context=org.springframework.context.config.ContextNamespaceHandler}
17:18:22.825 [main] DEBUG o.s.core.env.StandardEnvironment - Adding [systemProperties] PropertySource with lowest search precedence
17:18:22.826 [main] DEBUG o.s.core.env.StandardEnvironment - Adding [systemEnvironment] PropertySource with lowest search precedence
17:18:22.826 [main] DEBUG o.s.core.env.StandardEnvironment - Initialized StandardEnvironment with PropertySources [systemProperties,systemEnvironment]
17:18:22.830 [main] DEBUG o.s.c.i.s.PathMatchingResourcePatternResolver - Looking for matching resources in jar file [file:/C:/Users/dpurszke/.m2/repository/org/springframework/data/spring-data-jpa/1.7.2.RELEASE/spring-data-jpa-1.7.2.RELEASE.jar]
17:18:22.841 [main] DEBUG o.s.c.i.s.PathMatchingResourcePatternResolver - Looking for matching resources in jar file [file:/C:/Users/dpurszke/.m2/repository/org/springframework/data/spring-data-commons/1.9.2.RELEASE/spring-data-commons-1.9.2.RELEASE.jar]
17:18:22.860 [main] DEBUG o.s.c.i.s.PathMatchingResourcePatternResolver - Resolved location pattern [classpath*:org/springframework/data/**/repository/support/**/*.class] to resources [URL [jar:file:/C:/Users/dpurszke/.m2/repository/org/springframework/data/spring-data-jpa/1.7.2.RELEASE/spring-data-jpa-1.7.2.RELEASE.jar!/org/springframework/data/jpa/repository/support/EntityManagerBeanDefinitionRegistrarPostProcessor.class], URL [jar:file:/C:/Users/dpurszke/.m2/repository/org/springframework/data/spring-data-jpa/1.7.2.RELEASE/spring-data-jpa-1.7.2.RELEASE.jar!/org/springframework/data/jpa/repository/support/QueryDslJpaRepository.class], URL [jar:file:/C:/Users/dpurszke/.m2/repository/org/springframework/data/spring-data-jpa/1.7.2.RELEASE/spring-data-jpa-1.7.2.RELEASE.jar!/org/springframework/data/jpa/repository/support/JpaMetamodelEntityInformation$IdMetadata.class], URL [jar:file:/C:/Users/dpurszke/.m2/repository/org/springframework/data/spring-data-jpa/1.7.2.RELEASE/spring-data-jpa-1.7.2.RELEASE.jar!/org/springframework/data/jpa/repository/support/JpaRepositoryFactoryBean.class], URL [jar:file:/C:/Users/dpurszke/.m2/repository/org/springframework/data/spring-data-jpa/1.7.2.RELEASE/spring-data-jpa-1.7.2.RELEASE.jar!/org/springframework/data/jpa/repository/support/JpaPersistableEntityInformation.class], URL [jar:file:/C:/Users/dpurszke/.m2/repository/org/springframework/data/spring-data-jpa/1.7.2.RELEASE/spring-data-jpa-1.7.2.RELEASE.jar!/org/springframework/data/jpa/repository/support/CrudMethodMetadataPostProcessor$CrudMethodMetadataPopulatingMethodIntercceptor.class], URL [jar:file:/C:/Users/dpurszke/.m2/repository/org/springframework/data/spring-data-jpa/1.7.2.RELEASE/spring-data-jpa-1.7.2.RELEASE.jar!/org/springframework/data/jpa/repository/support/CrudMethodMetadataPostProcessor.class], URL [jar:file:/C:/Users/dpurszke/.m2/repository/org/springframework/data/spring-data-jpa/1.7.2.RELEASE/spring-data-jpa-1.7.2.RELEASE.jar!/org/springframework/data/jpa/repository/support/Querydsl.class], URL [jar:file:/C:/Users/dpurszke/.m2/repository/org/springframework/data/spring-data-jpa/1.7.2.RELEASE/spring-data-jpa-1.7.2.RELEASE.jar!/org/springframework/data/jpa/repository/support/CrudMethodMetadataPostProcessor$1.class], URL [jar:file:/C:/Users/dpurszke/.m2/repository/org/springframework/data/spring-data-jpa/1.7.2.RELEASE/spring-data-jpa-1.7.2.RELEASE.jar!/org/springframework/data/jpa/repository/support/PersistenceProvider$4.class], URL [jar:file:/C:/Users/dpurszke/.m2/repository/org/springframework/data/spring-data-jpa/1.7.2.RELEASE/spring-data-jpa-1.7.2.RELEASE.jar!/org/springframework/data/jpa/repository/support/CrudMethodMetadataPostProcessor$DefaultCrudMethodMetadata.class], URL [jar:file:/C:/Users/dpurszke/.m2/repository/org/springframework/data/spring-data-jpa/1.7.2.RELEASE/spring-data-jpa-1.7.2.RELEASE.jar!/org/springframework/data/jpa/repository/support/PersistenceProvider$3.class], URL [jar:file:/C:/Users/dpurszke/.m2/repository/org/springframework/data/spring-data-jpa/1.7.2.RELEASE/spring-data-jpa-1.7.2.RELEASE.jar!/org/springframework/data/jpa/repository/support/PersistenceProvider$2.class], URL [jar:file:/C:/Users/dpurszke/.m2/repository/org/springframework/data/spring-data-jpa/1.7.2.RELEASE/spring-data-jpa-1.7.2.RELEASE.jar!/org/springframework/data/jpa/repository/support/QueryDslRepositorySupport.class], URL [jar:file:/C:/Users/dpurszke/.m2/repository/org/springframework/data/spring-data-jpa/1.7.2.RELEASE/spring-data-jpa-1.7.2.RELEASE.jar!/org/springframework/data/jpa/repository/support/PersistenceProvider.class], URL [jar:file:/C:/Users/dpurszke/.m2/repository/org/springframework/data/spring-data-jpa/1.7.2.RELEASE/spring-data-jpa-1.7.2.RELEASE.jar!/org/springframework/data/jpa/repository/support/CrudMethodMetadata.class], URL [jar:file:/C:/Users/dpurszke/.m2/repository/org/springframework/data/spring-data-jpa/1.7.2.RELEASE/spring-data-jpa-1.7.2.RELEASE.jar!/org/springframework/data/jpa/repository/support/CrudMethodMetadataPostProcessor$ThreadBoundTargetSource.class], URL [jar:file:/C:/Users/dpurszke/.m2/repository/org/springframework/data/spring-data-jpa/1.7.2.RELEASE/spring-data-jpa-1.7.2.RELEASE.jar!/org/springframework/data/jpa/repository/support/JpaEntityInformationSupport.class], URL [jar:file:/C:/Users/dpurszke/.m2/repository/org/springframework/data/spring-data-jpa/1.7.2.RELEASE/spring-data-jpa-1.7.2.RELEASE.jar!/org/springframework/data/jpa/repository/support/JpaEntityInformation.class], URL [jar:file:/C:/Users/dpurszke/.m2/repository/org/springframework/data/spring-data-jpa/1.7.2.RELEASE/spring-data-jpa-1.7.2.RELEASE.jar!/org/springframework/data/jpa/repository/support/SimpleJpaRepository$ByIdsSpecification.class], URL [jar:file:/C:/Users/dpurszke/.m2/repository/org/springframework/data/spring-data-jpa/1.7.2.RELEASE/spring-data-jpa-1.7.2.RELEASE.jar!/org/springframework/data/jpa/repository/support/JpaRepositoryFactory.class], URL [jar:file:/C:/Users/dpurszke/.m2/repository/org/springframework/data/spring-data-jpa/1.7.2.RELEASE/spring-data-jpa-1.7.2.RELEASE.jar!/org/springframework/data/jpa/repository/support/JpaMetamodelEntityInformation$IdentifierDerivingDirectFieldAccessFallbackBeanWrapper.class], URL [jar:file:/C:/Users/dpurszke/.m2/repository/org/springframework/data/spring-data-jpa/1.7.2.RELEASE/spring-data-jpa-1.7.2.RELEASE.jar!/org/springframework/data/jpa/repository/support/Querydsl$1.class], URL [jar:file:/C:/Users/dpurszke/.m2/repository/org/springframework/data/spring-data-jpa/1.7.2.RELEASE/spring-data-jpa-1.7.2.RELEASE.jar!/org/springframework/data/jpa/repository/support/PersistenceProvider$1.class], URL [jar:file:/C:/Users/dpurszke/.m2/repository/org/springframework/data/spring-data-jpa/1.7.2.RELEASE/spring-data-jpa-1.7.2.RELEASE.jar!/org/springframework/data/jpa/repository/support/PersistenceProvider$Constants.class], URL [jar:file:/C:/Users/dpurszke/.m2/repository/org/springframework/data/spring-data-jpa/1.7.2.RELEASE/spring-data-jpa-1.7.2.RELEASE.jar!/org/springframework/data/jpa/repository/support/JpaMetamodelEntityInformation.class], URL [jar:file:/C:/Users/dpurszke/.m2/repository/org/springframework/data/spring-data-jpa/1.7.2.RELEASE/spring-data-jpa-1.7.2.RELEASE.jar!/org/springframework/data/jpa/repository/support/SimpleJpaRepository.class], URL [jar:file:/C:/Users/dpurszke/.m2/repository/org/springframework/data/spring-data-commons/1.9.2.RELEASE/spring-data-commons-1.9.2.RELEASE.jar!/org/springframework/data/repository/support/Repositories$EmptyRepositoryFactoryInformation.class], URL [jar:file:/C:/Users/dpurszke/.m2/repository/org/springframework/data/spring-data-commons/1.9.2.RELEASE/spring-data-commons-1.9.2.RELEASE.jar!/org/springframework/data/repository/support/DomainClassPropertyEditorRegistrar.class], URL [jar:file:/C:/Users/dpurszke/.m2/repository/org/springframework/data/spring-data-commons/1.9.2.RELEASE/spring-data-commons-1.9.2.RELEASE.jar!/org/springframework/data/repository/support/CrudRepositoryInvoker.class], URL [jar:file:/C:/Users/dpurszke/.m2/repository/org/springframework/data/spring-data-commons/1.9.2.RELEASE/spring-data-commons-1.9.2.RELEASE.jar!/org/springframework/data/repository/support/Repositories.class], URL [jar:file:/C:/Users/dpurszke/.m2/repository/org/springframework/data/spring-data-commons/1.9.2.RELEASE/spring-data-commons-1.9.2.RELEASE.jar!/org/springframework/data/repository/support/ReflectionRepositoryInvoker.class], URL [jar:file:/C:/Users/dpurszke/.m2/repository/org/springframework/data/spring-data-commons/1.9.2.RELEASE/spring-data-commons-1.9.2.RELEASE.jar!/org/springframework/data/repository/support/DomainClassPropertyEditor.class], URL [jar:file:/C:/Users/dpurszke/.m2/repository/org/springframework/data/spring-data-commons/1.9.2.RELEASE/spring-data-commons-1.9.2.RELEASE.jar!/org/springframework/data/repository/support/DomainClassConverter.class]]
17:18:22.930 [main] DEBUG o.s.c.a.ClassPathScanningCandidateComponentProvider - Identified candidate component class: URL [jar:file:/C:/Users/dpurszke/.m2/repository/org/springframework/data/spring-data-jpa/1.7.2.RELEASE/spring-data-jpa-1.7.2.RELEASE.jar!/org/springframework/data/jpa/repository/support/JpaRepositoryFactory.class]
17:18:22.963 [main] DEBUG o.s.core.env.StandardEnvironment - Adding [systemProperties] PropertySource with lowest search precedence
17:18:22.963 [main] DEBUG o.s.core.env.StandardEnvironment - Adding [systemEnvironment] PropertySource with lowest search precedence
17:18:22.964 [main] DEBUG o.s.core.env.StandardEnvironment - Initialized StandardEnvironment with PropertySources [systemProperties,systemEnvironment]
17:18:22.970 [main] DEBUG o.s.c.i.s.PathMatchingResourcePatternResolver - Looking for matching resources in jar file [file:/C:/Users/dpurszke/Desktop/workspace/stock-game/stock-game-dao/target/stock-game-dao-0.0.1-SNAPSHOT.jar]
17:18:22.971 [main] DEBUG o.s.c.i.s.PathMatchingResourcePatternResolver - Resolved location pattern [classpath*:pl/dominika/dao/**/*.class] to resources [URL [jar:file:/C:/Users/dpurszke/Desktop/workspace/stock-game/stock-game-dao/target/stock-game-dao-0.0.1-SNAPSHOT.jar!/pl/dominika/dao/CompanyRepository.class], URL [jar:file:/C:/Users/dpurszke/Desktop/workspace/stock-game/stock-game-dao/target/stock-game-dao-0.0.1-SNAPSHOT.jar!/pl/dominika/dao/DataPriceRepository.class]]
17:18:22.976 [main] DEBUG o.s.d.r.c.RepositoryComponentProvider - Identified candidate component class: URL [jar:file:/C:/Users/dpurszke/Desktop/workspace/stock-game/stock-game-dao/target/stock-game-dao-0.0.1-SNAPSHOT.jar!/pl/dominika/dao/CompanyRepository.class]
17:18:22.984 [main] DEBUG o.s.d.r.c.RepositoryComponentProvider - Identified candidate component class: URL [jar:file:/C:/Users/dpurszke/Desktop/workspace/stock-game/stock-game-dao/target/stock-game-dao-0.0.1-SNAPSHOT.jar!/pl/dominika/dao/DataPriceRepository.class]
17:18:22.998 [main] DEBUG o.s.core.env.StandardEnvironment - Adding [systemProperties] PropertySource with lowest search precedence
17:18:22.998 [main] DEBUG o.s.core.env.StandardEnvironment - Adding [systemEnvironment] PropertySource with lowest search precedence
17:18:22.998 [main] DEBUG o.s.core.env.StandardEnvironment - Initialized StandardEnvironment with PropertySources [systemProperties,systemEnvironment]
17:18:23.001 [main] DEBUG o.s.c.i.s.PathMatchingResourcePatternResolver - Looking for matching resources in jar file [file:/C:/Users/dpurszke/Desktop/workspace/stock-game/stock-game-dao/target/stock-game-dao-0.0.1-SNAPSHOT.jar]
17:18:23.002 [main] DEBUG o.s.c.i.s.PathMatchingResourcePatternResolver - Resolved location pattern [classpath*:pl/dominika/dao/**/*DataPriceRepositoryImpl.class] to resources []
17:18:23.019 [main] DEBUG o.s.d.r.c.RepositoryConfigurationDelegate - Spring Data JPA - Registering repository: dataPriceRepository - Interface: pl.dominika.dao.DataPriceRepository - Factory: org.springframework.data.jpa.repository.support.JpaRepositoryFactoryBean
17:18:23.022 [main] DEBUG o.s.core.env.StandardEnvironment - Adding [systemProperties] PropertySource with lowest search precedence
17:18:23.022 [main] DEBUG o.s.core.env.StandardEnvironment - Adding [systemEnvironment] PropertySource with lowest search precedence
17:18:23.022 [main] DEBUG o.s.core.env.StandardEnvironment - Initialized StandardEnvironment with PropertySources [systemProperties,systemEnvironment]
17:18:23.023 [main] DEBUG o.s.c.i.s.PathMatchingResourcePatternResolver - Looking for matching resources in jar file [file:/C:/Users/dpurszke/Desktop/workspace/stock-game/stock-game-dao/target/stock-game-dao-0.0.1-SNAPSHOT.jar]
17:18:23.023 [main] DEBUG o.s.c.i.s.PathMatchingResourcePatternResolver - Resolved location pattern [classpath*:pl/dominika/dao/**/*CompanyRepositoryImpl.class] to resources []
17:18:23.024 [main] DEBUG o.s.d.r.c.RepositoryConfigurationDelegate - Spring Data JPA - Registering repository: companyRepository - Interface: pl.dominika.dao.CompanyRepository - Factory: org.springframework.data.jpa.repository.support.JpaRepositoryFactoryBean
17:18:23.025 [main] DEBUG o.s.b.f.xml.XmlBeanDefinitionReader - Loaded 9 bean definitions from location pattern [classpath:spring/dao-context.xml]
17:18:23.025 [main] DEBUG o.s.b.f.x.DefaultBeanDefinitionDocumentReader - Imported 9 bean definitions from URL location [classpath:spring/dao-context.xml]
17:18:23.039 [main] DEBUG o.s.c.a.ClassPathBeanDefinitionScanner - JSR-330 'javax.inject.Named' annotation found and supported for component scanning
17:18:23.044 [main] DEBUG o.s.c.i.s.PathMatchingResourcePatternResolver - Looking for matching resources in directory tree [C:\Users\dpurszke\Desktop\workspace\stock-game\stock-game-service\target\test-classes\pl\dominika]
17:18:23.044 [main] DEBUG o.s.c.i.s.PathMatchingResourcePatternResolver - Searching directory [C:\Users\dpurszke\Desktop\workspace\stock-game\stock-game-service\target\test-classes\pl\dominika] for files matching pattern [C:/Users/dpurszke/Desktop/workspace/stock-game/stock-game-service/target/test-classes/pl/dominika/**/*.class]
17:18:23.045 [main] DEBUG o.s.c.i.s.PathMatchingResourcePatternResolver - Searching directory [C:\Users\dpurszke\Desktop\workspace\stock-game\stock-game-service\target\test-classes\pl\dominika\calendar_test] for files matching pattern [C:/Users/dpurszke/Desktop/workspace/stock-game/stock-game-service/target/test-classes/pl/dominika/**/*.class]
17:18:23.046 [main] DEBUG o.s.c.i.s.PathMatchingResourcePatternResolver - Searching directory [C:\Users\dpurszke\Desktop\workspace\stock-game\stock-game-service\target\test-classes\pl\dominika\investor_test] for files matching pattern [C:/Users/dpurszke/Desktop/workspace/stock-game/stock-game-service/target/test-classes/pl/dominika/**/*.class]
17:18:23.047 [main] DEBUG o.s.c.i.s.PathMatchingResourcePatternResolver - Searching directory [C:\Users\dpurszke\Desktop\workspace\stock-game\stock-game-service\target\test-classes\pl\dominika\stockbroker_test] for files matching pattern [C:/Users/dpurszke/Desktop/workspace/stock-game/stock-game-service/target/test-classes/pl/dominika/**/*.class]
17:18:23.047 [main] DEBUG o.s.c.i.s.PathMatchingResourcePatternResolver - Searching directory [C:\Users\dpurszke\Desktop\workspace\stock-game\stock-game-service\target\test-classes\pl\dominika\strategy_test] for files matching pattern [C:/Users/dpurszke/Desktop/workspace/stock-game/stock-game-service/target/test-classes/pl/dominika/**/*.class]
17:18:23.048 [main] DEBUG o.s.c.i.s.PathMatchingResourcePatternResolver - Searching directory [C:\Users\dpurszke\Desktop\workspace\stock-game\stock-game-service\target\test-classes\pl\dominika\wallet_test] for files matching pattern [C:/Users/dpurszke/Desktop/workspace/stock-game/stock-game-service/target/test-classes/pl/dominika/**/*.class]
17:18:23.050 [main] DEBUG o.s.c.i.s.PathMatchingResourcePatternResolver - Looking for matching resources in directory tree [C:\Users\dpurszke\Desktop\workspace\stock-game\stock-game-service\target\classes\pl\dominika]
17:18:23.050 [main] DEBUG o.s.c.i.s.PathMatchingResourcePatternResolver - Searching directory [C:\Users\dpurszke\Desktop\workspace\stock-game\stock-game-service\target\classes\pl\dominika] for files matching pattern [C:/Users/dpurszke/Desktop/workspace/stock-game/stock-game-service/target/classes/pl/dominika/**/*.class]
17:18:23.051 [main] DEBUG o.s.c.i.s.PathMatchingResourcePatternResolver - Searching directory [C:\Users\dpurszke\Desktop\workspace\stock-game\stock-game-service\target\classes\pl\dominika\calendar] for files matching pattern [C:/Users/dpurszke/Desktop/workspace/stock-game/stock-game-service/target/classes/pl/dominika/**/*.class]
17:18:23.052 [main] DEBUG o.s.c.i.s.PathMatchingResourcePatternResolver - Searching directory [C:\Users\dpurszke\Desktop\workspace\stock-game\stock-game-service\target\classes\pl\dominika\exception] for files matching pattern [C:/Users/dpurszke/Desktop/workspace/stock-game/stock-game-service/target/classes/pl/dominika/**/*.class]
17:18:23.052 [main] DEBUG o.s.c.i.s.PathMatchingResourcePatternResolver - Searching directory [C:\Users\dpurszke\Desktop\workspace\stock-game\stock-game-service\target\classes\pl\dominika\game] for files matching pattern [C:/Users/dpurszke/Desktop/workspace/stock-game/stock-game-service/target/classes/pl/dominika/**/*.class]
17:18:23.053 [main] DEBUG o.s.c.i.s.PathMatchingResourcePatternResolver - Searching directory [C:\Users\dpurszke\Desktop\workspace\stock-game\stock-game-service\target\classes\pl\dominika\investor] for files matching pattern [C:/Users/dpurszke/Desktop/workspace/stock-game/stock-game-service/target/classes/pl/dominika/**/*.class]
17:18:23.054 [main] DEBUG o.s.c.i.s.PathMatchingResourcePatternResolver - Searching directory [C:\Users\dpurszke\Desktop\workspace\stock-game\stock-game-service\target\classes\pl\dominika\mapper] for files matching pattern [C:/Users/dpurszke/Desktop/workspace/stock-game/stock-game-service/target/classes/pl/dominika/**/*.class]
17:18:23.054 [main] DEBUG o.s.c.i.s.PathMatchingResourcePatternResolver - Searching directory [C:\Users\dpurszke\Desktop\workspace\stock-game\stock-game-service\target\classes\pl\dominika\service] for files matching pattern [C:/Users/dpurszke/Desktop/workspace/stock-game/stock-game-service/target/classes/pl/dominika/**/*.class]
17:18:23.055 [main] DEBUG o.s.c.i.s.PathMatchingResourcePatternResolver - Searching directory [C:\Users\dpurszke\Desktop\workspace\stock-game\stock-game-service\target\classes\pl\dominika\service\impl] for files matching pattern [C:/Users/dpurszke/Desktop/workspace/stock-game/stock-game-service/target/classes/pl/dominika/**/*.class]
17:18:23.056 [main] DEBUG o.s.c.i.s.PathMatchingResourcePatternResolver - Searching directory [C:\Users\dpurszke\Desktop\workspace\stock-game\stock-game-service\target\classes\pl\dominika\stockbroker] for files matching pattern [C:/Users/dpurszke/Desktop/workspace/stock-game/stock-game-service/target/classes/pl/dominika/**/*.class]
17:18:23.056 [main] DEBUG o.s.c.i.s.PathMatchingResourcePatternResolver - Searching directory [C:\Users\dpurszke\Desktop\workspace\stock-game\stock-game-service\target\classes\pl\dominika\strategy] for files matching pattern [C:/Users/dpurszke/Desktop/workspace/stock-game/stock-game-service/target/classes/pl/dominika/**/*.class]
17:18:23.057 [main] DEBUG o.s.c.i.s.PathMatchingResourcePatternResolver - Searching directory [C:\Users\dpurszke\Desktop\workspace\stock-game\stock-game-service\target\classes\pl\dominika\to] for files matching pattern [C:/Users/dpurszke/Desktop/workspace/stock-game/stock-game-service/target/classes/pl/dominika/**/*.class]
17:18:23.058 [main] DEBUG o.s.c.i.s.PathMatchingResourcePatternResolver - Searching directory [C:\Users\dpurszke\Desktop\workspace\stock-game\stock-game-service\target\classes\pl\dominika\wallet] for files matching pattern [C:/Users/dpurszke/Desktop/workspace/stock-game/stock-game-service/target/classes/pl/dominika/**/*.class]
17:18:23.060 [main] DEBUG o.s.c.i.s.PathMatchingResourcePatternResolver - Looking for matching resources in jar file [file:/C:/Users/dpurszke/Desktop/workspace/stock-game/stock-game-dao/target/stock-game-dao-0.0.1-SNAPSHOT.jar]
17:18:23.060 [main] DEBUG o.s.c.i.s.PathMatchingResourcePatternResolver - Looking for matching resources in jar file [file:/C:/Users/dpurszke/Desktop/workspace/stock-game/stock-game-model/target/stock-game-model-0.0.1-SNAPSHOT.jar]
17:18:23.061 [main] DEBUG o.s.c.i.s.PathMatchingResourcePatternResolver - Resolved location pattern [classpath*:pl/dominika/**/*.class] to resources [file [C:\Users\dpurszke\Desktop\workspace\stock-game\stock-game-service\target\test-classes\pl\dominika\calendar_test\CalendarTest.class], file [C:\Users\dpurszke\Desktop\workspace\stock-game\stock-game-service\target\test-classes\pl\dominika\investor_test\InvestorTest.class], file [C:\Users\dpurszke\Desktop\workspace\stock-game\stock-game-service\target\test-classes\pl\dominika\stockbroker_test\StockBrokerTest.class], file [C:\Users\dpurszke\Desktop\workspace\stock-game\stock-game-service\target\test-classes\pl\dominika\strategy_test\StrategyTest.class], file [C:\Users\dpurszke\Desktop\workspace\stock-game\stock-game-service\target\test-classes\pl\dominika\wallet_test\WalletImplTest.class], file [C:\Users\dpurszke\Desktop\workspace\stock-game\stock-game-service\target\classes\pl\dominika\calendar\CalendarImpl.class], file [C:\Users\dpurszke\Desktop\workspace\stock-game\stock-game-service\target\classes\pl\dominika\calendar\MyCalendar.class], file [C:\Users\dpurszke\Desktop\workspace\stock-game\stock-game-service\target\classes\pl\dominika\exception\GameOverException.class], file [C:\Users\dpurszke\Desktop\workspace\stock-game\stock-game-service\target\classes\pl\dominika\game\Game.class], file [C:\Users\dpurszke\Desktop\workspace\stock-game\stock-game-service\target\classes\pl\dominika\investor\Investor.class], file [C:\Users\dpurszke\Desktop\workspace\stock-game\stock-game-service\target\classes\pl\dominika\mapper\Mapper.class], file [C:\Users\dpurszke\Desktop\workspace\stock-game\stock-game-service\target\classes\pl\dominika\service\impl\CSVReader.class], file [C:\Users\dpurszke\Desktop\workspace\stock-game\stock-game-service\target\classes\pl\dominika\service\impl\CSVReaderImpl.class], file [C:\Users\dpurszke\Desktop\workspace\stock-game\stock-game-service\target\classes\pl\dominika\stockbroker\StockBroker.class], file [C:\Users\dpurszke\Desktop\workspace\stock-game\stock-game-service\target\classes\pl\dominika\stockbroker\StockBrokerImpl.class], file [C:\Users\dpurszke\Desktop\workspace\stock-game\stock-game-service\target\classes\pl\dominika\strategy\StrategyInterface.class], file [C:\Users\dpurszke\Desktop\workspace\stock-game\stock-game-service\target\classes\pl\dominika\strategy\StrategyRandom.class], file [C:\Users\dpurszke\Desktop\workspace\stock-game\stock-game-service\target\classes\pl\dominika\to\MoneyTo.class], file [C:\Users\dpurszke\Desktop\workspace\stock-game\stock-game-service\target\classes\pl\dominika\to\ShareTo.class], file [C:\Users\dpurszke\Desktop\workspace\stock-game\stock-game-service\target\classes\pl\dominika\wallet\Wallet.class], file [C:\Users\dpurszke\Desktop\workspace\stock-game\stock-game-service\target\classes\pl\dominika\wallet\WalletImpl.class], URL [jar:file:/C:/Users/dpurszke/Desktop/workspace/stock-game/stock-game-dao/target/stock-game-dao-0.0.1-SNAPSHOT.jar!/pl/dominika/dao/CompanyRepository.class], URL [jar:file:/C:/Users/dpurszke/Desktop/workspace/stock-game/stock-game-dao/target/stock-game-dao-0.0.1-SNAPSHOT.jar!/pl/dominika/dao/DataPriceRepository.class], URL [jar:file:/C:/Users/dpurszke/Desktop/workspace/stock-game/stock-game-model/target/stock-game-model-0.0.1-SNAPSHOT.jar!/pl/dominika/entity/CompanyEntity.class], URL [jar:file:/C:/Users/dpurszke/Desktop/workspace/stock-game/stock-game-model/target/stock-game-model-0.0.1-SNAPSHOT.jar!/pl/dominika/entity/DataPriceEntity.class]]
17:18:23.070 [main] DEBUG o.s.c.a.ClassPathBeanDefinitionScanner - Identified candidate component class: file [C:\Users\dpurszke\Desktop\workspace\stock-game\stock-game-service\target\classes\pl\dominika\calendar\CalendarImpl.class]
17:18:23.072 [main] DEBUG o.s.c.a.ClassPathBeanDefinitionScanner - Identified candidate component class: file [C:\Users\dpurszke\Desktop\workspace\stock-game\stock-game-service\target\classes\pl\dominika\investor\Investor.class]
17:18:23.074 [main] DEBUG o.s.c.a.ClassPathBeanDefinitionScanner - Identified candidate component class: file [C:\Users\dpurszke\Desktop\workspace\stock-game\stock-game-service\target\classes\pl\dominika\service\impl\CSVReaderImpl.class]
17:18:23.075 [main] DEBUG o.s.c.a.ClassPathBeanDefinitionScanner - Identified candidate component class: file [C:\Users\dpurszke\Desktop\workspace\stock-game\stock-game-service\target\classes\pl\dominika\stockbroker\StockBrokerImpl.class]
17:18:23.078 [main] DEBUG o.s.c.a.ClassPathBeanDefinitionScanner - Identified candidate component class: file [C:\Users\dpurszke\Desktop\workspace\stock-game\stock-game-service\target\classes\pl\dominika\wallet\WalletImpl.class]
17:18:23.080 [main] DEBUG o.s.c.a.ClassPathBeanDefinitionScanner - Ignored because not a concrete top-level class: URL [jar:file:/C:/Users/dpurszke/Desktop/workspace/stock-game/stock-game-dao/target/stock-game-dao-0.0.1-SNAPSHOT.jar!/pl/dominika/dao/DataPriceRepository.class]
17:18:23.097 [main] DEBUG o.s.c.a.ClassPathBeanDefinitionScanner - JSR-330 'javax.inject.Named' annotation found and supported for component scanning
17:18:23.097 [main] DEBUG o.s.c.i.s.PathMatchingResourcePatternResolver - Looking for matching resources in directory tree [C:\Users\dpurszke\Desktop\workspace\stock-game\stock-game-service\target\classes\pl\dominika\service\impl]
17:18:23.098 [main] DEBUG o.s.c.i.s.PathMatchingResourcePatternResolver - Searching directory [C:\Users\dpurszke\Desktop\workspace\stock-game\stock-game-service\target\classes\pl\dominika\service\impl] for files matching pattern [C:/Users/dpurszke/Desktop/workspace/stock-game/stock-game-service/target/classes/pl/dominika/service/impl/**/*.class]
17:18:23.098 [main] DEBUG o.s.c.i.s.PathMatchingResourcePatternResolver - Resolved location pattern [classpath*:pl/dominika/service/impl/**/*.class] to resources [file [C:\Users\dpurszke\Desktop\workspace\stock-game\stock-game-service\target\classes\pl\dominika\service\impl\CSVReader.class], file [C:\Users\dpurszke\Desktop\workspace\stock-game\stock-game-service\target\classes\pl\dominika\service\impl\CSVReaderImpl.class]]
17:18:23.100 [main] DEBUG o.s.c.a.ClassPathBeanDefinitionScanner - Identified candidate component class: file [C:\Users\dpurszke\Desktop\workspace\stock-game\stock-game-service\target\classes\pl\dominika\service\impl\CSVReaderImpl.class]
17:18:23.101 [main] DEBUG o.s.c.a.ClassPathBeanDefinitionScanner - JSR-330 'javax.inject.Named' annotation found and supported for component scanning
17:18:23.102 [main] DEBUG o.s.c.i.s.PathMatchingResourcePatternResolver - Looking for matching resources in directory tree [C:\Users\dpurszke\Desktop\workspace\stock-game\stock-game-service\target\classes\pl\dominika\stockbroker]
17:18:23.102 [main] DEBUG o.s.c.i.s.PathMatchingResourcePatternResolver - Searching directory [C:\Users\dpurszke\Desktop\workspace\stock-game\stock-game-service\target\classes\pl\dominika\stockbroker] for files matching pattern [C:/Users/dpurszke/Desktop/workspace/stock-game/stock-game-service/target/classes/pl/dominika/stockbroker/**/*.class]
17:18:23.103 [main] DEBUG o.s.c.i.s.PathMatchingResourcePatternResolver - Resolved location pattern [classpath*:pl/dominika/stockbroker/**/*.class] to resources [file [C:\Users\dpurszke\Desktop\workspace\stock-game\stock-game-service\target\classes\pl\dominika\stockbroker\StockBroker.class], file [C:\Users\dpurszke\Desktop\workspace\stock-game\stock-game-service\target\classes\pl\dominika\stockbroker\StockBrokerImpl.class]]
17:18:23.104 [main] DEBUG o.s.c.a.ClassPathBeanDefinitionScanner - Identified candidate component class: file [C:\Users\dpurszke\Desktop\workspace\stock-game\stock-game-service\target\classes\pl\dominika\stockbroker\StockBrokerImpl.class]
17:18:23.105 [main] DEBUG o.s.c.a.ClassPathBeanDefinitionScanner - JSR-330 'javax.inject.Named' annotation found and supported for component scanning
17:18:23.105 [main] DEBUG o.s.c.i.s.PathMatchingResourcePatternResolver - Looking for matching resources in directory tree [C:\Users\dpurszke\Desktop\workspace\stock-game\stock-game-service\target\classes\pl\dominika\wallet]
17:18:23.105 [main] DEBUG o.s.c.i.s.PathMatchingResourcePatternResolver - Searching directory [C:\Users\dpurszke\Desktop\workspace\stock-game\stock-game-service\target\classes\pl\dominika\wallet] for files matching pattern [C:/Users/dpurszke/Desktop/workspace/stock-game/stock-game-service/target/classes/pl/dominika/wallet/**/*.class]
17:18:23.106 [main] DEBUG o.s.c.i.s.PathMatchingResourcePatternResolver - Resolved location pattern [classpath*:pl/dominika/wallet/**/*.class] to resources [file [C:\Users\dpurszke\Desktop\workspace\stock-game\stock-game-service\target\classes\pl\dominika\wallet\Wallet.class], file [C:\Users\dpurszke\Desktop\workspace\stock-game\stock-game-service\target\classes\pl\dominika\wallet\WalletImpl.class]]
17:18:23.107 [main] DEBUG o.s.c.a.ClassPathBeanDefinitionScanner - Identified candidate component class: file [C:\Users\dpurszke\Desktop\workspace\stock-game\stock-game-service\target\classes\pl\dominika\wallet\WalletImpl.class]
17:18:23.108 [main] DEBUG o.s.c.a.ClassPathBeanDefinitionScanner - JSR-330 'javax.inject.Named' annotation found and supported for component scanning
17:18:23.108 [main] DEBUG o.s.c.i.s.PathMatchingResourcePatternResolver - Resolved location pattern [classpath*:pl/dominikastockbroker_test/**/*.class] to resources []
17:18:23.109 [main] DEBUG o.s.c.a.ClassPathBeanDefinitionScanner - JSR-330 'javax.inject.Named' annotation found and supported for component scanning
17:18:23.110 [main] DEBUG o.s.c.i.s.PathMatchingResourcePatternResolver - Looking for matching resources in directory tree [C:\Users\dpurszke\Desktop\workspace\stock-game\stock-game-service\target\classes\pl\dominika\calendar]
17:18:23.110 [main] DEBUG o.s.c.i.s.PathMatchingResourcePatternResolver - Searching directory [C:\Users\dpurszke\Desktop\workspace\stock-game\stock-game-service\target\classes\pl\dominika\calendar] for files matching pattern [C:/Users/dpurszke/Desktop/workspace/stock-game/stock-game-service/target/classes/pl/dominika/calendar/**/*.class]
17:18:23.110 [main] DEBUG o.s.c.i.s.PathMatchingResourcePatternResolver - Resolved location pattern [classpath*:pl/dominika/calendar/**/*.class] to resources [file [C:\Users\dpurszke\Desktop\workspace\stock-game\stock-game-service\target\classes\pl\dominika\calendar\CalendarImpl.class], file [C:\Users\dpurszke\Desktop\workspace\stock-game\stock-game-service\target\classes\pl\dominika\calendar\MyCalendar.class]]
17:18:23.111 [main] DEBUG o.s.c.a.ClassPathBeanDefinitionScanner - Identified candidate component class: file [C:\Users\dpurszke\Desktop\workspace\stock-game\stock-game-service\target\classes\pl\dominika\calendar\CalendarImpl.class]
17:18:23.133 [main] DEBUG o.s.b.f.x.BeanDefinitionParserDelegate - Neither XML 'id' nor 'name' specified - using generated bean name [org.springframework.orm.jpa.vendor.HibernateJpaVendorAdapter#7007cf85]
17:18:23.135 [main] DEBUG o.s.b.f.xml.XmlBeanDefinitionReader - Loaded 24 bean definitions from location pattern [classpath:/spring/test-context.xml]
17:18:23.148 [main] INFO  o.s.c.s.GenericApplicationContext - Refreshing org.springframework.context.support.GenericApplicationContext@6b776b55: startup date [Fri Dec 04 17:18:23 CET 2015]; root of context hierarchy
17:18:23.148 [main] DEBUG o.s.c.s.GenericApplicationContext - Bean factory for org.springframework.context.support.GenericApplicationContext@6b776b55: org.springframework.beans.factory.support.DefaultListableBeanFactory@10786bdf: defining beans [jpaProps,dataSource,org.springframework.data.jpa.repository.config.JpaRepositoryConfigExtension#0,org.springframework.data.repository.core.support.RepositoryInterfaceAwareBeanPostProcessor,foo,jpaMappingContext,org.springframework.context.annotation.internalPersistenceAnnotationProcessor,dataPriceRepository,companyRepository,calendarImpl,investor,stockBroker,stockBrokerImpl,walletImpl,org.springframework.context.annotation.internalConfigurationAnnotationProcessor,org.springframework.context.annotation.internalAutowiredAnnotationProcessor,org.springframework.context.annotation.internalRequiredAnnotationProcessor,org.springframework.context.annotation.internalCommonAnnotationProcessor,org.springframework.aop.config.internalAutoProxyCreator,org.springframework.transaction.annotation.AnnotationTransactionAttributeSource#0,org.springframework.transaction.interceptor.TransactionInterceptor#0,org.springframework.transaction.config.internalTransactionAdvisor,transactionManager,entityManagerFactory]; root of factory hierarchy
17:18:23.179 [main] DEBUG o.s.b.f.s.DefaultListableBeanFactory - Creating shared instance of singleton bean 'org.springframework.context.annotation.internalConfigurationAnnotationProcessor'
17:18:23.180 [main] DEBUG o.s.b.f.s.DefaultListableBeanFactory - Creating instance of bean 'org.springframework.context.annotation.internalConfigurationAnnotationProcessor'
17:18:23.196 [main] DEBUG o.s.b.f.s.DefaultListableBeanFactory - Eagerly caching bean 'org.springframework.context.annotation.internalConfigurationAnnotationProcessor' to allow for resolving potential circular references
17:18:23.199 [main] DEBUG o.s.b.f.s.DefaultListableBeanFactory - Finished creating instance of bean 'org.springframework.context.annotation.internalConfigurationAnnotationProcessor'
17:18:23.252 [main] DEBUG o.s.b.f.s.DefaultListableBeanFactory - Creating shared instance of singleton bean 'foo'
17:18:23.253 [main] DEBUG o.s.b.f.s.DefaultListableBeanFactory - Creating instance of bean 'foo'
17:18:23.253 [main] DEBUG o.s.b.f.s.DefaultListableBeanFactory - Eagerly caching bean 'foo' to allow for resolving potential circular references
17:18:23.253 [main] DEBUG o.s.b.f.s.DefaultListableBeanFactory - Finished creating instance of bean 'foo'
17:18:23.263 [main] DEBUG o.s.b.f.s.DefaultListableBeanFactory - Creating shared instance of singleton bean 'org.springframework.data.repository.core.support.RepositoryInterfaceAwareBeanPostProcessor'
17:18:23.263 [main] DEBUG o.s.b.f.s.DefaultListableBeanFactory - Creating instance of bean 'org.springframework.data.repository.core.support.RepositoryInterfaceAwareBeanPostProcessor'
17:18:23.263 [main] DEBUG o.s.b.f.s.DefaultListableBeanFactory - Eagerly caching bean 'org.springframework.data.repository.core.support.RepositoryInterfaceAwareBeanPostProcessor' to allow for resolving potential circular references
17:18:23.263 [main] DEBUG o.s.b.f.s.DefaultListableBeanFactory - Finished creating instance of bean 'org.springframework.data.repository.core.support.RepositoryInterfaceAwareBeanPostProcessor'
17:18:23.264 [main] DEBUG o.s.b.f.s.DefaultListableBeanFactory - Creating shared instance of singleton bean 'org.springframework.context.annotation.internalPersistenceAnnotationProcessor'
17:18:23.264 [main] DEBUG o.s.b.f.s.DefaultListableBeanFactory - Creating instance of bean 'org.springframework.context.annotation.internalPersistenceAnnotationProcessor'
17:18:23.264 [main] DEBUG o.s.b.f.s.DefaultListableBeanFactory - Eagerly caching bean 'org.springframework.context.annotation.internalPersistenceAnnotationProcessor' to allow for resolving potential circular references
17:18:23.264 [main] DEBUG o.s.b.f.s.DefaultListableBeanFactory - Finished creating instance of bean 'org.springframework.context.annotation.internalPersistenceAnnotationProcessor'
17:18:23.264 [main] DEBUG o.s.b.f.s.DefaultListableBeanFactory - Creating shared instance of singleton bean 'org.springframework.context.annotation.internalAutowiredAnnotationProcessor'
17:18:23.264 [main] DEBUG o.s.b.f.s.DefaultListableBeanFactory - Creating instance of bean 'org.springframework.context.annotation.internalAutowiredAnnotationProcessor'
17:18:23.265 [main] INFO  o.s.b.f.a.AutowiredAnnotationBeanPostProcessor - JSR-330 'javax.inject.Inject' annotation found and supported for autowiring
17:18:23.265 [main] DEBUG o.s.b.f.s.DefaultListableBeanFactory - Eagerly caching bean 'org.springframework.context.annotation.internalAutowiredAnnotationProcessor' to allow for resolving potential circular references
17:18:23.266 [main] DEBUG o.s.b.f.s.DefaultListableBeanFactory - Finished creating instance of bean 'org.springframework.context.annotation.internalAutowiredAnnotationProcessor'
17:18:23.266 [main] DEBUG o.s.b.f.s.DefaultListableBeanFactory - Creating shared instance of singleton bean 'org.springframework.context.annotation.internalRequiredAnnotationProcessor'
17:18:23.266 [main] DEBUG o.s.b.f.s.DefaultListableBeanFactory - Creating instance of bean 'org.springframework.context.annotation.internalRequiredAnnotationProcessor'
17:18:23.266 [main] DEBUG o.s.b.f.s.DefaultListableBeanFactory - Eagerly caching bean 'org.springframework.context.annotation.internalRequiredAnnotationProcessor' to allow for resolving potential circular references
17:18:23.266 [main] DEBUG o.s.b.f.s.DefaultListableBeanFactory - Finished creating instance of bean 'org.springframework.context.annotation.internalRequiredAnnotationProcessor'
17:18:23.266 [main] DEBUG o.s.b.f.s.DefaultListableBeanFactory - Creating shared instance of singleton bean 'org.springframework.context.annotation.internalCommonAnnotationProcessor'
17:18:23.266 [main] DEBUG o.s.b.f.s.DefaultListableBeanFactory - Creating instance of bean 'org.springframework.context.annotation.internalCommonAnnotationProcessor'
17:18:23.271 [main] DEBUG o.s.b.f.s.DefaultListableBeanFactory - Eagerly caching bean 'org.springframework.context.annotation.internalCommonAnnotationProcessor' to allow for resolving potential circular references
17:18:23.271 [main] DEBUG o.s.b.f.s.DefaultListableBeanFactory - Finished creating instance of bean 'org.springframework.context.annotation.internalCommonAnnotationProcessor'
17:18:23.271 [main] DEBUG o.s.b.f.s.DefaultListableBeanFactory - Creating shared instance of singleton bean 'org.springframework.context.annotation.ConfigurationClassPostProcessor.importAwareProcessor'
17:18:23.271 [main] DEBUG o.s.b.f.s.DefaultListableBeanFactory - Creating instance of bean 'org.springframework.context.annotation.ConfigurationClassPostProcessor.importAwareProcessor'
17:18:23.271 [main] DEBUG o.s.b.f.s.DefaultListableBeanFactory - Eagerly caching bean 'org.springframework.context.annotation.ConfigurationClassPostProcessor.importAwareProcessor' to allow for resolving potential circular references
17:18:23.271 [main] DEBUG o.s.b.f.s.DefaultListableBeanFactory - Finished creating instance of bean 'org.springframework.context.annotation.ConfigurationClassPostProcessor.importAwareProcessor'
17:18:23.272 [main] DEBUG o.s.b.f.s.DefaultListableBeanFactory - Creating shared instance of singleton bean 'org.springframework.context.annotation.ConfigurationClassPostProcessor.enhancedConfigurationProcessor'
17:18:23.272 [main] DEBUG o.s.b.f.s.DefaultListableBeanFactory - Creating instance of bean 'org.springframework.context.annotation.ConfigurationClassPostProcessor.enhancedConfigurationProcessor'
17:18:23.272 [main] DEBUG o.s.b.f.s.DefaultListableBeanFactory - Eagerly caching bean 'org.springframework.context.annotation.ConfigurationClassPostProcessor.enhancedConfigurationProcessor' to allow for resolving potential circular references
17:18:23.272 [main] DEBUG o.s.b.f.s.DefaultListableBeanFactory - Finished creating instance of bean 'org.springframework.context.annotation.ConfigurationClassPostProcessor.enhancedConfigurationProcessor'
17:18:23.272 [main] DEBUG o.s.b.f.s.DefaultListableBeanFactory - Creating shared instance of singleton bean 'org.springframework.aop.config.internalAutoProxyCreator'
17:18:23.272 [main] DEBUG o.s.b.f.s.DefaultListableBeanFactory - Creating instance of bean 'org.springframework.aop.config.internalAutoProxyCreator'
17:18:23.282 [main] DEBUG o.s.b.f.s.DefaultListableBeanFactory - Eagerly caching bean 'org.springframework.aop.config.internalAutoProxyCreator' to allow for resolving potential circular references
17:18:23.312 [main] DEBUG o.s.b.f.s.DefaultListableBeanFactory - Finished creating instance of bean 'org.springframework.aop.config.internalAutoProxyCreator'
17:18:23.314 [main] DEBUG o.s.c.s.GenericApplicationContext - Unable to locate MessageSource with name 'messageSource': using default [org.springframework.context.support.DelegatingMessageSource@2b67556e]
17:18:23.317 [main] DEBUG o.s.c.s.GenericApplicationContext - Unable to locate ApplicationEventMulticaster with name 'applicationEventMulticaster': using default [org.springframework.context.event.SimpleApplicationEventMulticaster@4c9e3fa6]
17:18:23.321 [main] DEBUG o.s.b.f.s.DefaultListableBeanFactory - Creating shared instance of singleton bean 'transactionManager'
17:18:23.322 [main] DEBUG o.s.b.f.s.DefaultListableBeanFactory - Creating instance of bean 'transactionManager'
17:18:23.332 [main] DEBUG o.s.b.f.s.DefaultListableBeanFactory - Eagerly caching bean 'transactionManager' to allow for resolving potential circular references
17:18:23.348 [main] DEBUG o.s.b.f.s.DefaultListableBeanFactory - Creating shared instance of singleton bean 'org.springframework.transaction.config.internalTransactionAdvisor'
17:18:23.349 [main] DEBUG o.s.b.f.s.DefaultListableBeanFactory - Creating instance of bean 'org.springframework.transaction.config.internalTransactionAdvisor'
17:18:23.350 [main] DEBUG o.s.b.f.s.DefaultListableBeanFactory - Eagerly caching bean 'org.springframework.transaction.config.internalTransactionAdvisor' to allow for resolving potential circular references
17:18:23.355 [main] DEBUG o.s.b.f.s.DefaultListableBeanFactory - Creating shared instance of singleton bean 'org.springframework.transaction.annotation.AnnotationTransactionAttributeSource#0'
17:18:23.355 [main] DEBUG o.s.b.f.s.DefaultListableBeanFactory - Creating instance of bean 'org.springframework.transaction.annotation.AnnotationTransactionAttributeSource#0'
17:18:23.356 [main] DEBUG o.s.b.f.s.DefaultListableBeanFactory - Eagerly caching bean 'org.springframework.transaction.annotation.AnnotationTransactionAttributeSource#0' to allow for resolving potential circular references
17:18:23.359 [main] DEBUG o.s.a.f.a.BeanFactoryAdvisorRetrievalHelper - Skipping currently created advisor 'org.springframework.transaction.config.internalTransactionAdvisor'
17:18:23.360 [main] DEBUG o.s.b.f.s.DefaultListableBeanFactory - Finished creating instance of bean 'org.springframework.transaction.annotation.AnnotationTransactionAttributeSource#0'
17:18:23.361 [main] DEBUG o.s.b.f.s.DefaultListableBeanFactory - Finished creating instance of bean 'org.springframework.transaction.config.internalTransactionAdvisor'
17:18:23.365 [main] DEBUG o.s.b.f.s.DefaultListableBeanFactory - Returning eagerly cached instance of singleton bean 'transactionManager' that is not fully initialized yet - a consequence of a circular reference
17:18:23.365 [main] DEBUG o.s.b.f.s.DefaultListableBeanFactory - Creating shared instance of singleton bean 'entityManagerFactory'
17:18:23.365 [main] DEBUG o.s.b.f.s.DefaultListableBeanFactory - Creating instance of bean 'entityManagerFactory'
17:18:23.376 [main] DEBUG o.s.b.f.s.DefaultListableBeanFactory - Eagerly caching bean 'entityManagerFactory' to allow for resolving potential circular references
17:18:23.385 [main] DEBUG o.s.b.f.s.DefaultListableBeanFactory - Creating shared instance of singleton bean 'dataSource'
17:18:23.385 [main] DEBUG o.s.b.f.s.DefaultListableBeanFactory - Creating instance of bean 'dataSource'
17:18:23.390 [main] DEBUG o.s.b.f.s.DefaultListableBeanFactory - Eagerly caching bean 'dataSource' to allow for resolving potential circular references
17:18:23.401 [main] DEBUG org.springframework.beans.BeanUtils - No property editor [org.springframework.jdbc.datasource.embedded.EmbeddedDatabaseTypeEditor] found for type org.springframework.jdbc.datasource.embedded.EmbeddedDatabaseType according to 'Editor' suffix convention
17:18:23.406 [main] DEBUG o.s.b.f.s.DefaultListableBeanFactory - Invoking afterPropertiesSet() on bean with name 'dataSource'
17:18:23.406 [main] INFO  o.s.j.d.e.EmbeddedDatabaseFactory - Creating embedded database 'dataSource'
17:18:23.409 [main] DEBUG o.s.b.f.s.DefaultListableBeanFactory - Returning cached instance of singleton bean 'org.springframework.transaction.config.internalTransactionAdvisor'
17:18:23.410 [main] DEBUG o.s.b.f.s.DefaultListableBeanFactory - Finished creating instance of bean 'dataSource'
17:18:23.410 [main] DEBUG o.s.b.f.s.DefaultListableBeanFactory - Returning cached instance of singleton bean 'org.springframework.transaction.config.internalTransactionAdvisor'
17:18:23.413 [main] DEBUG o.s.b.f.s.DefaultListableBeanFactory - Creating shared instance of singleton bean 'jpaProps'
17:18:23.413 [main] DEBUG o.s.b.f.s.DefaultListableBeanFactory - Creating instance of bean 'jpaProps'
17:18:23.415 [main] DEBUG o.s.b.f.s.DefaultListableBeanFactory - Eagerly caching bean 'jpaProps' to allow for resolving potential circular references
17:18:23.423 [main] DEBUG o.s.b.f.s.DefaultListableBeanFactory - Invoking afterPropertiesSet() on bean with name 'jpaProps'
17:18:23.424 [main] INFO  o.s.b.f.config.PropertiesFactoryBean - Loading properties file from class path resource [jpa/jpa.properties]
17:18:23.424 [main] DEBUG o.s.b.f.s.DefaultListableBeanFactory - Returning cached instance of singleton bean 'org.springframework.transaction.config.internalTransactionAdvisor'
17:18:23.425 [main] DEBUG o.s.b.f.s.DefaultListableBeanFactory - Finished creating instance of bean 'jpaProps'
17:18:23.425 [main] DEBUG o.s.b.f.s.DefaultListableBeanFactory - Returning cached instance of singleton bean 'org.springframework.transaction.config.internalTransactionAdvisor'
17:18:23.430 [main] DEBUG o.s.b.f.s.DefaultListableBeanFactory - Creating instance of bean 'org.springframework.orm.jpa.vendor.HibernateJpaVendorAdapter#7007cf85'
17:18:23.450 [main] DEBUG o.s.b.f.s.DefaultListableBeanFactory - Returning cached instance of singleton bean 'org.springframework.transaction.config.internalTransactionAdvisor'
17:18:23.451 [main] DEBUG o.s.b.f.s.DefaultListableBeanFactory - Finished creating instance of bean 'org.springframework.orm.jpa.vendor.HibernateJpaVendorAdapter#7007cf85'
17:18:23.453 [main] DEBUG o.s.b.f.s.DefaultListableBeanFactory - Invoking afterPropertiesSet() on bean with name 'entityManagerFactory'
17:18:23.457 [main] DEBUG o.s.c.i.s.PathMatchingResourcePatternResolver - Looking for matching resources in jar file [file:/C:/Users/dpurszke/Desktop/workspace/stock-game/stock-game-model/target/stock-game-model-0.0.1-SNAPSHOT.jar]
17:18:23.458 [main] DEBUG o.s.c.i.s.PathMatchingResourcePatternResolver - Resolved location pattern [classpath*:pl/dominika/entity/**/*.class] to resources [URL [jar:file:/C:/Users/dpurszke/Desktop/workspace/stock-game/stock-game-model/target/stock-game-model-0.0.1-SNAPSHOT.jar!/pl/dominika/entity/CompanyEntity.class], URL [jar:file:/C:/Users/dpurszke/Desktop/workspace/stock-game/stock-game-model/target/stock-game-model-0.0.1-SNAPSHOT.jar!/pl/dominika/entity/DataPriceEntity.class]]
17:18:23.459 [main] INFO  o.s.o.j.LocalContainerEntityManagerFactoryBean - Building JPA container EntityManagerFactory for persistence unit 'workshop'
17:18:23.497 [main] DEBUG org.hibernate.type.BasicTypeRegistry - Adding type registration boolean -> org.hibernate.type.BooleanType@3b85ead9
17:18:23.497 [main] DEBUG org.hibernate.type.BasicTypeRegistry - Adding type registration boolean -> org.hibernate.type.BooleanType@3b85ead9
17:18:23.497 [main] DEBUG org.hibernate.type.BasicTypeRegistry - Adding type registration java.lang.Boolean -> org.hibernate.type.BooleanType@3b85ead9
17:18:23.498 [main] DEBUG org.hibernate.type.BasicTypeRegistry - Adding type registration numeric_boolean -> org.hibernate.type.NumericBooleanType@540adf14
17:18:23.500 [main] DEBUG org.hibernate.type.BasicTypeRegistry - Adding type registration true_false -> org.hibernate.type.TrueFalseType@6fb28473
17:18:23.501 [main] DEBUG org.hibernate.type.BasicTypeRegistry - Adding type registration yes_no -> org.hibernate.type.YesNoType@f68701a
17:18:23.503 [main] DEBUG org.hibernate.type.BasicTypeRegistry - Adding type registration byte -> org.hibernate.type.ByteType@3a668605
17:18:23.503 [main] DEBUG org.hibernate.type.BasicTypeRegistry - Adding type registration byte -> org.hibernate.type.ByteType@3a668605
17:18:23.503 [main] DEBUG org.hibernate.type.BasicTypeRegistry - Adding type registration java.lang.Byte -> org.hibernate.type.ByteType@3a668605
17:18:23.504 [main] DEBUG org.hibernate.type.BasicTypeRegistry - Adding type registration character -> org.hibernate.type.CharacterType@68792330
17:18:23.504 [main] DEBUG org.hibernate.type.BasicTypeRegistry - Adding type registration char -> org.hibernate.type.CharacterType@68792330
17:18:23.504 [main] DEBUG org.hibernate.type.BasicTypeRegistry - Adding type registration java.lang.Character -> org.hibernate.type.CharacterType@68792330
17:18:23.507 [main] DEBUG org.hibernate.type.BasicTypeRegistry - Adding type registration short -> org.hibernate.type.ShortType@13fbf741
17:18:23.507 [main] DEBUG org.hibernate.type.BasicTypeRegistry - Adding type registration short -> org.hibernate.type.ShortType@13fbf741
17:18:23.507 [main] DEBUG org.hibernate.type.BasicTypeRegistry - Adding type registration java.lang.Short -> org.hibernate.type.ShortType@13fbf741
17:18:23.509 [main] DEBUG org.hibernate.type.BasicTypeRegistry - Adding type registration integer -> org.hibernate.type.IntegerType@1d6ddc2f
17:18:23.509 [main] DEBUG org.hibernate.type.BasicTypeRegistry - Adding type registration int -> org.hibernate.type.IntegerType@1d6ddc2f
17:18:23.510 [main] DEBUG org.hibernate.type.BasicTypeRegistry - Adding type registration java.lang.Integer -> org.hibernate.type.IntegerType@1d6ddc2f
17:18:23.512 [main] DEBUG org.hibernate.type.BasicTypeRegistry - Adding type registration long -> org.hibernate.type.LongType@3efa6afc
17:18:23.512 [main] DEBUG org.hibernate.type.BasicTypeRegistry - Adding type registration long -> org.hibernate.type.LongType@3efa6afc
17:18:23.512 [main] DEBUG org.hibernate.type.BasicTypeRegistry - Adding type registration java.lang.Long -> org.hibernate.type.LongType@3efa6afc
17:18:23.515 [main] DEBUG org.hibernate.type.BasicTypeRegistry - Adding type registration float -> org.hibernate.type.FloatType@519e5c2a
17:18:23.515 [main] DEBUG org.hibernate.type.BasicTypeRegistry - Adding type registration float -> org.hibernate.type.FloatType@519e5c2a
17:18:23.515 [main] DEBUG org.hibernate.type.BasicTypeRegistry - Adding type registration java.lang.Float -> org.hibernate.type.FloatType@519e5c2a
17:18:23.517 [main] DEBUG org.hibernate.type.BasicTypeRegistry - Adding type registration double -> org.hibernate.type.DoubleType@a037ad8
17:18:23.517 [main] DEBUG org.hibernate.type.BasicTypeRegistry - Adding type registration double -> org.hibernate.type.DoubleType@a037ad8
17:18:23.517 [main] DEBUG org.hibernate.type.BasicTypeRegistry - Adding type registration java.lang.Double -> org.hibernate.type.DoubleType@a037ad8
17:18:23.519 [main] DEBUG org.hibernate.type.BasicTypeRegistry - Adding type registration big_decimal -> org.hibernate.type.BigDecimalType@26a5d04b
17:18:23.519 [main] DEBUG org.hibernate.type.BasicTypeRegistry - Adding type registration java.math.BigDecimal -> org.hibernate.type.BigDecimalType@26a5d04b
17:18:23.521 [main] DEBUG org.hibernate.type.BasicTypeRegistry - Adding type registration big_integer -> org.hibernate.type.BigIntegerType@1f7f3ef0
17:18:23.521 [main] DEBUG org.hibernate.type.BasicTypeRegistry - Adding type registration java.math.BigInteger -> org.hibernate.type.BigIntegerType@1f7f3ef0
17:18:23.523 [main] DEBUG org.hibernate.type.BasicTypeRegistry - Adding type registration string -> org.hibernate.type.StringType@519bc06f
17:18:23.523 [main] DEBUG org.hibernate.type.BasicTypeRegistry - Adding type registration java.lang.String -> org.hibernate.type.StringType@519bc06f
17:18:23.524 [main] DEBUG org.hibernate.type.BasicTypeRegistry - Adding type registration url -> org.hibernate.type.UrlType@6518ca7d
17:18:23.524 [main] DEBUG org.hibernate.type.BasicTypeRegistry - Adding type registration java.net.URL -> org.hibernate.type.UrlType@6518ca7d
17:18:23.526 [main] DEBUG org.hibernate.type.BasicTypeRegistry - Adding type registration date -> org.hibernate.type.DateType@3d7bcc32
17:18:23.526 [main] DEBUG org.hibernate.type.BasicTypeRegistry - Adding type registration java.sql.Date -> org.hibernate.type.DateType@3d7bcc32
17:18:23.529 [main] DEBUG org.hibernate.type.BasicTypeRegistry - Adding type registration time -> org.hibernate.type.TimeType@1f54362f
17:18:23.529 [main] DEBUG org.hibernate.type.BasicTypeRegistry - Adding type registration java.sql.Time -> org.hibernate.type.TimeType@1f54362f
17:18:23.531 [main] DEBUG org.hibernate.type.BasicTypeRegistry - Adding type registration timestamp -> org.hibernate.type.TimestampType@3e55747
17:18:23.531 [main] DEBUG org.hibernate.type.BasicTypeRegistry - Adding type registration java.sql.Timestamp -> org.hibernate.type.TimestampType@3e55747
17:18:23.532 [main] DEBUG org.hibernate.type.BasicTypeRegistry - Adding type registration java.util.Date -> org.hibernate.type.TimestampType@3e55747
17:18:23.533 [main] DEBUG org.hibernate.type.BasicTypeRegistry - Adding type registration dbtimestamp -> org.hibernate.type.DbTimestampType@4d69f57e
17:18:23.535 [main] DEBUG org.hibernate.type.BasicTypeRegistry - Adding type registration calendar -> org.hibernate.type.CalendarType@69348fa3
17:18:23.535 [main] DEBUG org.hibernate.type.BasicTypeRegistry - Adding type registration java.util.Calendar -> org.hibernate.type.CalendarType@69348fa3
17:18:23.535 [main] DEBUG org.hibernate.type.BasicTypeRegistry - Adding type registration java.util.GregorianCalendar -> org.hibernate.type.CalendarType@69348fa3
17:18:23.535 [main] DEBUG org.hibernate.type.BasicTypeRegistry - Adding type registration calendar_date -> org.hibernate.type.CalendarDateType@65dad426
17:18:23.537 [main] DEBUG org.hibernate.type.BasicTypeRegistry - Adding type registration locale -> org.hibernate.type.LocaleType@5e71a70b
17:18:23.537 [main] DEBUG org.hibernate.type.BasicTypeRegistry - Adding type registration java.util.Locale -> org.hibernate.type.LocaleType@5e71a70b
17:18:23.538 [main] DEBUG org.hibernate.type.BasicTypeRegistry - Adding type registration currency -> org.hibernate.type.CurrencyType@12c24609
17:18:23.538 [main] DEBUG org.hibernate.type.BasicTypeRegistry - Adding type registration java.util.Currency -> org.hibernate.type.CurrencyType@12c24609
17:18:23.539 [main] DEBUG org.hibernate.type.BasicTypeRegistry - Adding type registration timezone -> org.hibernate.type.TimeZoneType@63055b68
17:18:23.539 [main] DEBUG org.hibernate.type.BasicTypeRegistry - Adding type registration java.util.TimeZone -> org.hibernate.type.TimeZoneType@63055b68
17:18:23.540 [main] DEBUG org.hibernate.type.BasicTypeRegistry - Adding type registration class -> org.hibernate.type.ClassType@3bdb4108
17:18:23.540 [main] DEBUG org.hibernate.type.BasicTypeRegistry - Adding type registration java.lang.Class -> org.hibernate.type.ClassType@3bdb4108
17:18:23.541 [main] DEBUG org.hibernate.type.BasicTypeRegistry - Adding type registration uuid-binary -> org.hibernate.type.UUIDBinaryType@a82b79d
17:18:23.542 [main] DEBUG org.hibernate.type.BasicTypeRegistry - Adding type registration java.util.UUID -> org.hibernate.type.UUIDBinaryType@a82b79d
17:18:23.542 [main] DEBUG org.hibernate.type.BasicTypeRegistry - Adding type registration uuid-char -> org.hibernate.type.UUIDCharType@24b397e9
17:18:23.543 [main] DEBUG org.hibernate.type.BasicTypeRegistry - Adding type registration pg-uuid -> org.hibernate.type.PostgresUUIDType@7b09df06
17:18:23.544 [main] DEBUG org.hibernate.type.BasicTypeRegistry - Adding type registration binary -> org.hibernate.type.BinaryType@7bea4ab9
17:18:23.544 [main] DEBUG org.hibernate.type.BasicTypeRegistry - Adding type registration byte[] -> org.hibernate.type.BinaryType@7bea4ab9
17:18:23.544 [main] DEBUG org.hibernate.type.BasicTypeRegistry - Adding type registration [B -> org.hibernate.type.BinaryType@7bea4ab9
17:18:23.545 [main] DEBUG org.hibernate.type.BasicTypeRegistry - Adding type registration wrapper-binary -> org.hibernate.type.WrapperBinaryType@717e38e5
17:18:23.546 [main] DEBUG org.hibernate.type.BasicTypeRegistry - Adding type registration Byte[] -> org.hibernate.type.WrapperBinaryType@717e38e5
17:18:23.546 [main] DEBUG org.hibernate.type.BasicTypeRegistry - Adding type registration [Ljava.lang.Byte; -> org.hibernate.type.WrapperBinaryType@717e38e5
17:18:23.546 [main] DEBUG org.hibernate.type.BasicTypeRegistry - Adding type registration image -> org.hibernate.type.ImageType@38ee1abe
17:18:23.547 [main] DEBUG org.hibernate.type.BasicTypeRegistry - Adding type registration characters -> org.hibernate.type.CharArrayType@19be1bc9
17:18:23.548 [main] DEBUG org.hibernate.type.BasicTypeRegistry - Adding type registration char[] -> org.hibernate.type.CharArrayType@19be1bc9
17:18:23.548 [main] DEBUG org.hibernate.type.BasicTypeRegistry - Adding type registration [C -> org.hibernate.type.CharArrayType@19be1bc9
17:18:23.549 [main] DEBUG org.hibernate.type.BasicTypeRegistry - Adding type registration wrapper-characters -> org.hibernate.type.CharacterArrayType@6f9623fe
17:18:23.549 [main] DEBUG org.hibernate.type.BasicTypeRegistry - Adding type registration [Ljava.lang.Character; -> org.hibernate.type.CharacterArrayType@6f9623fe
17:18:23.549 [main] DEBUG org.hibernate.type.BasicTypeRegistry - Adding type registration Character[] -> org.hibernate.type.CharacterArrayType@6f9623fe
17:18:23.550 [main] DEBUG org.hibernate.type.BasicTypeRegistry - Adding type registration text -> org.hibernate.type.TextType@71bd5cfa
17:18:23.557 [main] DEBUG org.hibernate.type.BasicTypeRegistry - Adding type registration blob -> org.hibernate.type.BlobType@42d30057
17:18:23.557 [main] DEBUG org.hibernate.type.BasicTypeRegistry - Adding type registration java.sql.Blob -> org.hibernate.type.BlobType@42d30057
17:18:23.557 [main] DEBUG org.hibernate.type.BasicTypeRegistry - Adding type registration materialized_blob -> org.hibernate.type.MaterializedBlobType@6d8dbc42
17:18:23.558 [main] DEBUG org.hibernate.type.BasicTypeRegistry - Adding type registration wrapper_materialized_blob -> org.hibernate.type.WrappedMaterializedBlobType@5ab9c149
17:18:23.562 [main] DEBUG org.hibernate.type.BasicTypeRegistry - Adding type registration clob -> org.hibernate.type.ClobType@3a21fa7
17:18:23.562 [main] DEBUG org.hibernate.type.BasicTypeRegistry - Adding type registration java.sql.Clob -> org.hibernate.type.ClobType@3a21fa7
17:18:23.563 [main] DEBUG org.hibernate.type.BasicTypeRegistry - Adding type registration materialized_clob -> org.hibernate.type.MaterializedClobType@3ad2b44b
17:18:23.563 [main] DEBUG org.hibernate.type.BasicTypeRegistry - Adding type registration wrapper_characters_clob -> org.hibernate.type.CharacterArrayClobType@666b581a
17:18:23.564 [main] DEBUG org.hibernate.type.BasicTypeRegistry - Adding type registration characters_clob -> org.hibernate.type.PrimitiveCharacterArrayClobType@3563b708
17:18:23.565 [main] DEBUG org.hibernate.type.BasicTypeRegistry - Adding type registration serializable -> org.hibernate.type.SerializableType@7db983fb
17:18:23.568 [main] DEBUG org.hibernate.type.BasicTypeRegistry - Adding type registration object -> org.hibernate.type.ObjectType@1cf208bd
17:18:23.569 [main] DEBUG org.hibernate.type.BasicTypeRegistry - Adding type registration java.lang.Object -> org.hibernate.type.ObjectType@1cf208bd
17:18:23.569 [main] DEBUG org.hibernate.type.BasicTypeRegistry - Adding type registration imm_date -> org.hibernate.type.AdaptedImmutableType@60039882
17:18:23.569 [main] DEBUG org.hibernate.type.BasicTypeRegistry - Adding type registration imm_time -> org.hibernate.type.AdaptedImmutableType@c11b00d
17:18:23.569 [main] DEBUG org.hibernate.type.BasicTypeRegistry - Adding type registration imm_timestamp -> org.hibernate.type.AdaptedImmutableType@5d3d2bab
17:18:23.569 [main] DEBUG org.hibernate.type.BasicTypeRegistry - Adding type registration imm_dbtimestamp -> org.hibernate.type.AdaptedImmutableType@5afe175f
17:18:23.570 [main] DEBUG org.hibernate.type.BasicTypeRegistry - Adding type registration imm_calendar -> org.hibernate.type.AdaptedImmutableType@5fb08ca4
17:18:23.570 [main] DEBUG org.hibernate.type.BasicTypeRegistry - Adding type registration imm_calendar_date -> org.hibernate.type.AdaptedImmutableType@3fe19410
17:18:23.570 [main] DEBUG org.hibernate.type.BasicTypeRegistry - Adding type registration imm_binary -> org.hibernate.type.AdaptedImmutableType@72bfc733
17:18:23.570 [main] DEBUG org.hibernate.type.BasicTypeRegistry - Adding type registration imm_serializable -> org.hibernate.type.AdaptedImmutableType@caf2020
17:18:23.588 [main] INFO  o.h.annotations.common.Version - Hibernate Commons Annotations 3.2.0.Final
17:18:23.593 [main] INFO  org.hibernate.cfg.Environment - Hibernate 3.6.10.Final
17:18:23.594 [main] INFO  org.hibernate.cfg.Environment - hibernate.properties not found
17:18:23.597 [main] INFO  org.hibernate.cfg.Environment - Bytecode provider name : javassist
17:18:23.599 [main] INFO  org.hibernate.cfg.Environment - using JDK 1.4 java.sql.Timestamp handling
17:18:23.655 [main] DEBUG o.h.i.f.DefaultIdentifierGeneratorFactory - Registering IdentifierGenerator strategy [uuid2] -> [class org.hibernate.id.UUIDGenerator]
17:18:23.656 [main] DEBUG o.h.i.f.DefaultIdentifierGeneratorFactory - Registering IdentifierGenerator strategy [guid] -> [class org.hibernate.id.GUIDGenerator]
17:18:23.657 [main] DEBUG o.h.i.f.DefaultIdentifierGeneratorFactory - Registering IdentifierGenerator strategy [uuid] -> [class org.hibernate.id.UUIDHexGenerator]
17:18:23.658 [main] DEBUG o.h.i.f.DefaultIdentifierGeneratorFactory - Registering IdentifierGenerator strategy [uuid.hex] -> [class org.hibernate.id.UUIDHexGenerator]
17:18:23.660 [main] DEBUG o.h.i.f.DefaultIdentifierGeneratorFactory - Registering IdentifierGenerator strategy [hilo] -> [class org.hibernate.id.TableHiLoGenerator]
17:18:23.661 [main] DEBUG o.h.i.f.DefaultIdentifierGeneratorFactory - Registering IdentifierGenerator strategy [assigned] -> [class org.hibernate.id.Assigned]
17:18:23.663 [main] DEBUG o.h.i.f.DefaultIdentifierGeneratorFactory - Registering IdentifierGenerator strategy [identity] -> [class org.hibernate.id.IdentityGenerator]
17:18:23.663 [main] DEBUG o.h.i.f.DefaultIdentifierGeneratorFactory - Registering IdentifierGenerator strategy [select] -> [class org.hibernate.id.SelectGenerator]
17:18:23.664 [main] DEBUG o.h.i.f.DefaultIdentifierGeneratorFactory - Registering IdentifierGenerator strategy [sequence] -> [class org.hibernate.id.SequenceGenerator]
17:18:23.665 [main] DEBUG o.h.i.f.DefaultIdentifierGeneratorFactory - Registering IdentifierGenerator strategy [seqhilo] -> [class org.hibernate.id.SequenceHiLoGenerator]
17:18:23.666 [main] DEBUG o.h.i.f.DefaultIdentifierGeneratorFactory - Registering IdentifierGenerator strategy [increment] -> [class org.hibernate.id.IncrementGenerator]
17:18:23.666 [main] DEBUG o.h.i.f.DefaultIdentifierGeneratorFactory - Registering IdentifierGenerator strategy [foreign] -> [class org.hibernate.id.ForeignGenerator]
17:18:23.667 [main] DEBUG o.h.i.f.DefaultIdentifierGeneratorFactory - Registering IdentifierGenerator strategy [sequence-identity] -> [class org.hibernate.id.SequenceIdentityGenerator]
17:18:23.667 [main] DEBUG o.h.i.f.DefaultIdentifierGeneratorFactory - Registering IdentifierGenerator strategy [enhanced-sequence] -> [class org.hibernate.id.enhanced.SequenceStyleGenerator]
17:18:23.668 [main] DEBUG o.h.i.f.DefaultIdentifierGeneratorFactory - Registering IdentifierGenerator strategy [enhanced-table] -> [class org.hibernate.id.enhanced.TableGenerator]
17:18:23.670 [main] INFO  org.hibernate.ejb.Version - Hibernate EntityManager 3.5.6-Final
17:18:23.670 [main] DEBUG org.hibernate.type.BasicTypeRegistry - Adding type registration boolean -> org.hibernate.type.BooleanType@3b85ead9
17:18:23.670 [main] DEBUG org.hibernate.type.BasicTypeRegistry - Adding type registration boolean -> org.hibernate.type.BooleanType@3b85ead9
17:18:23.671 [main] DEBUG org.hibernate.type.BasicTypeRegistry - Adding type registration java.lang.Boolean -> org.hibernate.type.BooleanType@3b85ead9
17:18:23.671 [main] DEBUG org.hibernate.type.BasicTypeRegistry - Adding type registration numeric_boolean -> org.hibernate.type.NumericBooleanType@540adf14
17:18:23.671 [main] DEBUG org.hibernate.type.BasicTypeRegistry - Adding type registration true_false -> org.hibernate.type.TrueFalseType@6fb28473
17:18:23.671 [main] DEBUG org.hibernate.type.BasicTypeRegistry - Adding type registration yes_no -> org.hibernate.type.YesNoType@f68701a
17:18:23.671 [main] DEBUG org.hibernate.type.BasicTypeRegistry - Adding type registration byte -> org.hibernate.type.ByteType@3a668605
17:18:23.671 [main] DEBUG org.hibernate.type.BasicTypeRegistry - Adding type registration byte -> org.hibernate.type.ByteType@3a668605
17:18:23.671 [main] DEBUG org.hibernate.type.BasicTypeRegistry - Adding type registration java.lang.Byte -> org.hibernate.type.ByteType@3a668605
17:18:23.671 [main] DEBUG org.hibernate.type.BasicTypeRegistry - Adding type registration character -> org.hibernate.type.CharacterType@68792330
17:18:23.671 [main] DEBUG org.hibernate.type.BasicTypeRegistry - Adding type registration char -> org.hibernate.type.CharacterType@68792330
17:18:23.671 [main] DEBUG org.hibernate.type.BasicTypeRegistry - Adding type registration java.lang.Character -> org.hibernate.type.CharacterType@68792330
17:18:23.671 [main] DEBUG org.hibernate.type.BasicTypeRegistry - Adding type registration short -> org.hibernate.type.ShortType@13fbf741
17:18:23.671 [main] DEBUG org.hibernate.type.BasicTypeRegistry - Adding type registration short -> org.hibernate.type.ShortType@13fbf741
17:18:23.672 [main] DEBUG org.hibernate.type.BasicTypeRegistry - Adding type registration java.lang.Short -> org.hibernate.type.ShortType@13fbf741
17:18:23.672 [main] DEBUG org.hibernate.type.BasicTypeRegistry - Adding type registration integer -> org.hibernate.type.IntegerType@1d6ddc2f
17:18:23.672 [main] DEBUG org.hibernate.type.BasicTypeRegistry - Adding type registration int -> org.hibernate.type.IntegerType@1d6ddc2f
17:18:23.672 [main] DEBUG org.hibernate.type.BasicTypeRegistry - Adding type registration java.lang.Integer -> org.hibernate.type.IntegerType@1d6ddc2f
17:18:23.672 [main] DEBUG org.hibernate.type.BasicTypeRegistry - Adding type registration long -> org.hibernate.type.LongType@3efa6afc
17:18:23.672 [main] DEBUG org.hibernate.type.BasicTypeRegistry - Adding type registration long -> org.hibernate.type.LongType@3efa6afc
17:18:23.672 [main] DEBUG org.hibernate.type.BasicTypeRegistry - Adding type registration java.lang.Long -> org.hibernate.type.LongType@3efa6afc
17:18:23.672 [main] DEBUG org.hibernate.type.BasicTypeRegistry - Adding type registration float -> org.hibernate.type.FloatType@519e5c2a
17:18:23.672 [main] DEBUG org.hibernate.type.BasicTypeRegistry - Adding type registration float -> org.hibernate.type.FloatType@519e5c2a
17:18:23.672 [main] DEBUG org.hibernate.type.BasicTypeRegistry - Adding type registration java.lang.Float -> org.hibernate.type.FloatType@519e5c2a
17:18:23.672 [main] DEBUG org.hibernate.type.BasicTypeRegistry - Adding type registration double -> org.hibernate.type.DoubleType@a037ad8
17:18:23.672 [main] DEBUG org.hibernate.type.BasicTypeRegistry - Adding type registration double -> org.hibernate.type.DoubleType@a037ad8
17:18:23.672 [main] DEBUG org.hibernate.type.BasicTypeRegistry - Adding type registration java.lang.Double -> org.hibernate.type.DoubleType@a037ad8
17:18:23.672 [main] DEBUG org.hibernate.type.BasicTypeRegistry - Adding type registration big_decimal -> org.hibernate.type.BigDecimalType@26a5d04b
17:18:23.673 [main] DEBUG org.hibernate.type.BasicTypeRegistry - Adding type registration java.math.BigDecimal -> org.hibernate.type.BigDecimalType@26a5d04b
17:18:23.673 [main] DEBUG org.hibernate.type.BasicTypeRegistry - Adding type registration big_integer -> org.hibernate.type.BigIntegerType@1f7f3ef0
17:18:23.673 [main] DEBUG org.hibernate.type.BasicTypeRegistry - Adding type registration java.math.BigInteger -> org.hibernate.type.BigIntegerType@1f7f3ef0
17:18:23.673 [main] DEBUG org.hibernate.type.BasicTypeRegistry - Adding type registration string -> org.hibernate.type.StringType@519bc06f
17:18:23.673 [main] DEBUG org.hibernate.type.BasicTypeRegistry - Adding type registration java.lang.String -> org.hibernate.type.StringType@519bc06f
17:18:23.673 [main] DEBUG org.hibernate.type.BasicTypeRegistry - Adding type registration url -> org.hibernate.type.UrlType@6518ca7d
17:18:23.673 [main] DEBUG org.hibernate.type.BasicTypeRegistry - Adding type registration java.net.URL -> org.hibernate.type.UrlType@6518ca7d
17:18:23.673 [main] DEBUG org.hibernate.type.BasicTypeRegistry - Adding type registration date -> org.hibernate.type.DateType@3d7bcc32
17:18:23.673 [main] DEBUG org.hibernate.type.BasicTypeRegistry - Adding type registration java.sql.Date -> org.hibernate.type.DateType@3d7bcc32
17:18:23.673 [main] DEBUG org.hibernate.type.BasicTypeRegistry - Adding type registration time -> org.hibernate.type.TimeType@1f54362f
17:18:23.673 [main] DEBUG org.hibernate.type.BasicTypeRegistry - Adding type registration java.sql.Time -> org.hibernate.type.TimeType@1f54362f
17:18:23.673 [main] DEBUG org.hibernate.type.BasicTypeRegistry - Adding type registration timestamp -> org.hibernate.type.TimestampType@3e55747
17:18:23.673 [main] DEBUG org.hibernate.type.BasicTypeRegistry - Adding type registration java.sql.Timestamp -> org.hibernate.type.TimestampType@3e55747
17:18:23.673 [main] DEBUG org.hibernate.type.BasicTypeRegistry - Adding type registration java.util.Date -> org.hibernate.type.TimestampType@3e55747
17:18:23.674 [main] DEBUG org.hibernate.type.BasicTypeRegistry - Adding type registration dbtimestamp -> org.hibernate.type.DbTimestampType@4d69f57e
17:18:23.674 [main] DEBUG org.hibernate.type.BasicTypeRegistry - Adding type registration calendar -> org.hibernate.type.CalendarType@69348fa3
17:18:23.674 [main] DEBUG org.hibernate.type.BasicTypeRegistry - Adding type registration java.util.Calendar -> org.hibernate.type.CalendarType@69348fa3
17:18:23.674 [main] DEBUG org.hibernate.type.BasicTypeRegistry - Adding type registration java.util.GregorianCalendar -> org.hibernate.type.CalendarType@69348fa3
17:18:23.674 [main] DEBUG org.hibernate.type.BasicTypeRegistry - Adding type registration calendar_date -> org.hibernate.type.CalendarDateType@65dad426
17:18:23.674 [main] DEBUG org.hibernate.type.BasicTypeRegistry - Adding type registration locale -> org.hibernate.type.LocaleType@5e71a70b
17:18:23.674 [main] DEBUG org.hibernate.type.BasicTypeRegistry - Adding type registration java.util.Locale -> org.hibernate.type.LocaleType@5e71a70b
17:18:23.674 [main] DEBUG org.hibernate.type.BasicTypeRegistry - Adding type registration currency -> org.hibernate.type.CurrencyType@12c24609
17:18:23.675 [main] DEBUG org.hibernate.type.BasicTypeRegistry - Adding type registration java.util.Currency -> org.hibernate.type.CurrencyType@12c24609
17:18:23.675 [main] DEBUG org.hibernate.type.BasicTypeRegistry - Adding type registration timezone -> org.hibernate.type.TimeZoneType@63055b68
17:18:23.675 [main] DEBUG org.hibernate.type.BasicTypeRegistry - Adding type registration java.util.TimeZone -> org.hibernate.type.TimeZoneType@63055b68
17:18:23.675 [main] DEBUG org.hibernate.type.BasicTypeRegistry - Adding type registration class -> org.hibernate.type.ClassType@3bdb4108
17:18:23.675 [main] DEBUG org.hibernate.type.BasicTypeRegistry - Adding type registration java.lang.Class -> org.hibernate.type.ClassType@3bdb4108
17:18:23.675 [main] DEBUG org.hibernate.type.BasicTypeRegistry - Adding type registration uuid-binary -> org.hibernate.type.UUIDBinaryType@a82b79d
17:18:23.675 [main] DEBUG org.hibernate.type.BasicTypeRegistry - Adding type registration java.util.UUID -> org.hibernate.type.UUIDBinaryType@a82b79d
17:18:23.675 [main] DEBUG org.hibernate.type.BasicTypeRegistry - Adding type registration uuid-char -> org.hibernate.type.UUIDCharType@24b397e9
17:18:23.675 [main] DEBUG org.hibernate.type.BasicTypeRegistry - Adding type registration pg-uuid -> org.hibernate.type.PostgresUUIDType@7b09df06
17:18:23.675 [main] DEBUG org.hibernate.type.BasicTypeRegistry - Adding type registration binary -> org.hibernate.type.BinaryType@7bea4ab9
17:18:23.675 [main] DEBUG org.hibernate.type.BasicTypeRegistry - Adding type registration byte[] -> org.hibernate.type.BinaryType@7bea4ab9
17:18:23.675 [main] DEBUG org.hibernate.type.BasicTypeRegistry - Adding type registration [B -> org.hibernate.type.BinaryType@7bea4ab9
17:18:23.675 [main] DEBUG org.hibernate.type.BasicTypeRegistry - Adding type registration wrapper-binary -> org.hibernate.type.WrapperBinaryType@717e38e5
17:18:23.675 [main] DEBUG org.hibernate.type.BasicTypeRegistry - Adding type registration Byte[] -> org.hibernate.type.WrapperBinaryType@717e38e5
17:18:23.676 [main] DEBUG org.hibernate.type.BasicTypeRegistry - Adding type registration [Ljava.lang.Byte; -> org.hibernate.type.WrapperBinaryType@717e38e5
17:18:23.676 [main] DEBUG org.hibernate.type.BasicTypeRegistry - Adding type registration image -> org.hibernate.type.ImageType@38ee1abe
17:18:23.676 [main] DEBUG org.hibernate.type.BasicTypeRegistry - Adding type registration characters -> org.hibernate.type.CharArrayType@19be1bc9
17:18:23.676 [main] DEBUG org.hibernate.type.BasicTypeRegistry - Adding type registration char[] -> org.hibernate.type.CharArrayType@19be1bc9
17:18:23.676 [main] DEBUG org.hibernate.type.BasicTypeRegistry - Adding type registration [C -> org.hibernate.type.CharArrayType@19be1bc9
17:18:23.676 [main] DEBUG org.hibernate.type.BasicTypeRegistry - Adding type registration wrapper-characters -> org.hibernate.type.CharacterArrayType@6f9623fe
17:18:23.676 [main] DEBUG org.hibernate.type.BasicTypeRegistry - Adding type registration [Ljava.lang.Character; -> org.hibernate.type.CharacterArrayType@6f9623fe
17:18:23.676 [main] DEBUG org.hibernate.type.BasicTypeRegistry - Adding type registration Character[] -> org.hibernate.type.CharacterArrayType@6f9623fe
17:18:23.695 [main] DEBUG org.hibernate.type.BasicTypeRegistry - Adding type registration text -> org.hibernate.type.TextType@71bd5cfa
17:18:23.695 [main] DEBUG org.hibernate.type.BasicTypeRegistry - Adding type registration blob -> org.hibernate.type.BlobType@42d30057
17:18:23.695 [main] DEBUG org.hibernate.type.BasicTypeRegistry - Adding type registration java.sql.Blob -> org.hibernate.type.BlobType@42d30057
17:18:23.695 [main] DEBUG org.hibernate.type.BasicTypeRegistry - Adding type registration materialized_blob -> org.hibernate.type.MaterializedBlobType@6d8dbc42
17:18:23.695 [main] DEBUG org.hibernate.type.BasicTypeRegistry - Adding type registration wrapper_materialized_blob -> org.hibernate.type.WrappedMaterializedBlobType@5ab9c149
17:18:23.695 [main] DEBUG org.hibernate.type.BasicTypeRegistry - Adding type registration clob -> org.hibernate.type.ClobType@3a21fa7
17:18:23.696 [main] DEBUG org.hibernate.type.BasicTypeRegistry - Adding type registration java.sql.Clob -> org.hibernate.type.ClobType@3a21fa7
17:18:23.696 [main] DEBUG org.hibernate.type.BasicTypeRegistry - Adding type registration materialized_clob -> org.hibernate.type.MaterializedClobType@3ad2b44b
17:18:23.696 [main] DEBUG org.hibernate.type.BasicTypeRegistry - Adding type registration wrapper_characters_clob -> org.hibernate.type.CharacterArrayClobType@666b581a
17:18:23.696 [main] DEBUG org.hibernate.type.BasicTypeRegistry - Adding type registration characters_clob -> org.hibernate.type.PrimitiveCharacterArrayClobType@3563b708
17:18:23.696 [main] DEBUG org.hibernate.type.BasicTypeRegistry - Adding type registration serializable -> org.hibernate.type.SerializableType@7db983fb
17:18:23.696 [main] DEBUG org.hibernate.type.BasicTypeRegistry - Adding type registration object -> org.hibernate.type.ObjectType@1cf208bd
17:18:23.696 [main] DEBUG org.hibernate.type.BasicTypeRegistry - Adding type registration java.lang.Object -> org.hibernate.type.ObjectType@1cf208bd
17:18:23.696 [main] DEBUG org.hibernate.type.BasicTypeRegistry - Adding type registration imm_date -> org.hibernate.type.AdaptedImmutableType@46efd26f
17:18:23.696 [main] DEBUG org.hibernate.type.BasicTypeRegistry - Adding type registration imm_time -> org.hibernate.type.AdaptedImmutableType@2ae099cb
17:18:23.696 [main] DEBUG org.hibernate.type.BasicTypeRegistry - Adding type registration imm_timestamp -> org.hibernate.type.AdaptedImmutableType@7f90f46a
17:18:23.696 [main] DEBUG org.hibernate.type.BasicTypeRegistry - Adding type registration imm_dbtimestamp -> org.hibernate.type.AdaptedImmutableType@59e9c94
17:18:23.696 [main] DEBUG org.hibernate.type.BasicTypeRegistry - Adding type registration imm_calendar -> org.hibernate.type.AdaptedImmutableType@7039bb6d
17:18:23.696 [main] DEBUG org.hibernate.type.BasicTypeRegistry - Adding type registration imm_calendar_date -> org.hibernate.type.AdaptedImmutableType@5e402aaa
17:18:23.696 [main] DEBUG org.hibernate.type.BasicTypeRegistry - Adding type registration imm_binary -> org.hibernate.type.AdaptedImmutableType@46b12f3d
17:18:23.696 [main] DEBUG org.hibernate.type.BasicTypeRegistry - Adding type registration imm_serializable -> org.hibernate.type.AdaptedImmutableType@1a94720d
17:18:23.697 [main] DEBUG o.h.i.f.DefaultIdentifierGeneratorFactory - Registering IdentifierGenerator strategy [uuid2] -> [class org.hibernate.id.UUIDGenerator]
17:18:23.697 [main] DEBUG o.h.i.f.DefaultIdentifierGeneratorFactory - Registering IdentifierGenerator strategy [guid] -> [class org.hibernate.id.GUIDGenerator]
17:18:23.697 [main] DEBUG o.h.i.f.DefaultIdentifierGeneratorFactory - Registering IdentifierGenerator strategy [uuid] -> [class org.hibernate.id.UUIDHexGenerator]
17:18:23.700 [main] DEBUG o.h.i.f.DefaultIdentifierGeneratorFactory - Registering IdentifierGenerator strategy [uuid.hex] -> [class org.hibernate.id.UUIDHexGenerator]
17:18:23.700 [main] DEBUG o.h.i.f.DefaultIdentifierGeneratorFactory - Registering IdentifierGenerator strategy [hilo] -> [class org.hibernate.id.TableHiLoGenerator]
17:18:23.700 [main] DEBUG o.h.i.f.DefaultIdentifierGeneratorFactory - Registering IdentifierGenerator strategy [assigned] -> [class org.hibernate.id.Assigned]
17:18:23.700 [main] DEBUG o.h.i.f.DefaultIdentifierGeneratorFactory - Registering IdentifierGenerator strategy [identity] -> [class org.hibernate.id.IdentityGenerator]
17:18:23.700 [main] DEBUG o.h.i.f.DefaultIdentifierGeneratorFactory - Registering IdentifierGenerator strategy [select] -> [class org.hibernate.id.SelectGenerator]
17:18:23.700 [main] DEBUG o.h.i.f.DefaultIdentifierGeneratorFactory - Registering IdentifierGenerator strategy [sequence] -> [class org.hibernate.id.SequenceGenerator]
17:18:23.700 [main] DEBUG o.h.i.f.DefaultIdentifierGeneratorFactory - Registering IdentifierGenerator strategy [seqhilo] -> [class org.hibernate.id.SequenceHiLoGenerator]
17:18:23.700 [main] DEBUG o.h.i.f.DefaultIdentifierGeneratorFactory - Registering IdentifierGenerator strategy [increment] -> [class org.hibernate.id.IncrementGenerator]
17:18:23.700 [main] DEBUG o.h.i.f.DefaultIdentifierGeneratorFactory - Registering IdentifierGenerator strategy [foreign] -> [class org.hibernate.id.ForeignGenerator]
17:18:23.700 [main] DEBUG o.h.i.f.DefaultIdentifierGeneratorFactory - Registering IdentifierGenerator strategy [sequence-identity] -> [class org.hibernate.id.SequenceIdentityGenerator]
17:18:23.700 [main] DEBUG o.h.i.f.DefaultIdentifierGeneratorFactory - Registering IdentifierGenerator strategy [enhanced-sequence] -> [class org.hibernate.id.enhanced.SequenceStyleGenerator]
17:18:23.701 [main] DEBUG o.h.i.f.DefaultIdentifierGeneratorFactory - Registering IdentifierGenerator strategy [enhanced-table] -> [class org.hibernate.id.enhanced.TableGenerator]
17:18:23.727 [main] DEBUG org.hibernate.ejb.Ejb3Configuration - Processing PersistenceUnitInfo [
	name: workshop
	persistence provider classname: null
	classloader: sun.misc.Launcher$AppClassLoader@61316264
	Temporary classloader: org.springframework.instrument.classloading.SimpleThrowawayClassLoader@478b7093
	excludeUnlistedClasses: true
	JTA datasource: null
	Non JTA datasource: org.springframework.jdbc.datasource.SimpleDriverDataSource@138be797
	Transaction type: RESOURCE_LOCAL
	PU root URL: file:/C:/Users/dpurszke/Desktop/workspace/stock-game/stock-game-model/target/stock-game-model-0.0.1-SNAPSHOT.jar
	Shared Cache Mode: UNSPECIFIED
	Validation Mode: AUTO
	Jar files URLs []
	Managed classes names [
		pl.dominika.entity.CompanyEntity
		pl.dominika.entity.DataPriceEntity]
	Mapping files names []
	Properties []
17:18:23.730 [main] DEBUG org.hibernate.ejb.Ejb3Configuration - Detect class: true; detect hbm: true
17:18:23.740 [main] DEBUG o.h.ejb.packaging.AbstractJarVisitor - Searching mapped entities in jar/par: file:/C:/Users/dpurszke/Desktop/workspace/stock-game/stock-game-model/target/stock-game-model-0.0.1-SNAPSHOT.jar
17:18:23.741 [main] DEBUG o.h.ejb.packaging.AbstractJarVisitor - Filtering: pl.dominika.entity.CompanyEntity
17:18:23.776 [main] DEBUG o.h.ejb.packaging.AbstractJarVisitor - Java element filter matched for pl.dominika.entity.CompanyEntity
17:18:23.777 [main] DEBUG o.h.ejb.packaging.AbstractJarVisitor - Filtering: pl.dominika.entity.DataPriceEntity
17:18:23.778 [main] DEBUG o.h.ejb.packaging.AbstractJarVisitor - Java element filter matched for pl.dominika.entity.DataPriceEntity
17:18:23.816 [main] DEBUG org.hibernate.cfg.Configuration - Processing hbm.xml files
17:18:23.816 [main] DEBUG org.hibernate.cfg.Configuration - Process annotated classes
17:18:23.820 [main] INFO  org.hibernate.cfg.AnnotationBinder - Binding entity from annotated class: pl.dominika.entity.CompanyEntity
17:18:23.844 [main] DEBUG org.hibernate.cfg.Ejb3Column - Binding column: Ejb3DiscriminatorColumn{logicalColumnName'DTYPE', discriminatorTypeName='string'}
17:18:23.853 [main] DEBUG o.h.cfg.annotations.EntityBinder - Import with entity name CompanyEntity
17:18:23.856 [main] INFO  o.h.cfg.annotations.EntityBinder - Bind entity pl.dominika.entity.CompanyEntity on table company
17:18:23.891 [main] DEBUG org.hibernate.cfg.Ejb3Column - Binding column: Ejb3Column{table=org.hibernate.mapping.Table(company), mappingColumn=id, insertable=true, updatable=true, unique=false}
17:18:23.894 [main] DEBUG o.h.cfg.annotations.PropertyBinder - binding property id with lazy=false
17:18:23.896 [main] DEBUG o.h.c.annotations.SimpleValueBinder - building SimpleValue for id
17:18:23.897 [main] DEBUG o.h.cfg.annotations.PropertyBinder - Building property id
17:18:23.901 [main] DEBUG org.hibernate.cfg.Ejb3Column - Binding column: Ejb3JoinColumn{logicalColumnName='null', referencedColumn='null', mappedBy='company'}
17:18:23.901 [main] DEBUG org.hibernate.cfg.Ejb3Column - Binding column: Ejb3Column{table=org.hibernate.mapping.Table(company), mappingColumn=dates_and_prices, insertable=true, updatable=true, unique=false}
17:18:23.902 [main] DEBUG org.hibernate.cfg.Ejb3Column - Binding column: Ejb3Column{table=org.hibernate.mapping.Table(company), mappingColumn=null, insertable=true, updatable=true, unique=false}
17:18:23.913 [main] DEBUG org.hibernate.cfg.Ejb3Column - Binding column: Ejb3Column{table=org.hibernate.mapping.Table(company), mappingColumn=element, insertable=true, updatable=true, unique=false}
17:18:23.913 [main] DEBUG org.hibernate.cfg.Ejb3Column - Binding column: Ejb3Column{table=org.hibernate.mapping.Table(company), mappingColumn=dates_and_prices_key, insertable=true, updatable=true, unique=false}
17:18:23.914 [main] DEBUG org.hibernate.cfg.Ejb3Column - Binding column: Ejb3JoinColumn{logicalColumnName='datesAndPrices_KEY', referencedColumn='null', mappedBy='null'}
17:18:23.915 [main] DEBUG org.hibernate.cfg.Ejb3Column - Binding column: Ejb3JoinColumn{logicalColumnName='null', referencedColumn='null', mappedBy='company'}
17:18:23.915 [main] DEBUG org.hibernate.cfg.Ejb3Column - Binding column: Ejb3JoinColumn{logicalColumnName='null', referencedColumn='null', mappedBy='company'}
17:18:23.916 [main] DEBUG o.h.cfg.annotations.CollectionBinder - Collection role: pl.dominika.entity.CompanyEntity.datesAndPrices
17:18:23.918 [main] DEBUG o.h.cfg.annotations.PropertyBinder - Building property datesAndPrices
17:18:23.919 [main] DEBUG org.hibernate.cfg.Ejb3Column - Binding column: Ejb3Column{table=org.hibernate.mapping.Table(company), mappingColumn=name, insertable=true, updatable=true, unique=false}
17:18:23.919 [main] DEBUG o.h.cfg.annotations.PropertyBinder - binding property name with lazy=false
17:18:23.919 [main] DEBUG o.h.c.annotations.SimpleValueBinder - building SimpleValue for name
17:18:23.919 [main] DEBUG o.h.cfg.annotations.PropertyBinder - Building property name
17:18:23.920 [main] INFO  org.hibernate.cfg.AnnotationBinder - Binding entity from annotated class: pl.dominika.entity.DataPriceEntity
17:18:23.921 [main] DEBUG org.hibernate.cfg.Ejb3Column - Binding column: Ejb3DiscriminatorColumn{logicalColumnName'DTYPE', discriminatorTypeName='string'}
17:18:23.921 [main] DEBUG o.h.cfg.annotations.EntityBinder - Import with entity name DataPriceEntity
17:18:23.921 [main] INFO  o.h.cfg.annotations.EntityBinder - Bind entity pl.dominika.entity.DataPriceEntity on table data_price
17:18:23.933 [main] DEBUG org.hibernate.cfg.Ejb3Column - Binding column: Ejb3Column{table=org.hibernate.mapping.Table(data_price), mappingColumn=id, insertable=true, updatable=true, unique=false}
17:18:23.934 [main] DEBUG o.h.cfg.annotations.PropertyBinder - binding property id with lazy=false
17:18:23.934 [main] DEBUG o.h.c.annotations.SimpleValueBinder - building SimpleValue for id
17:18:23.934 [main] DEBUG o.h.cfg.annotations.PropertyBinder - Building property id
17:18:23.934 [main] DEBUG org.hibernate.cfg.Ejb3Column - Binding column: Ejb3JoinColumn{logicalColumnName='company_id', referencedColumn='', mappedBy=''}
17:18:23.934 [main] DEBUG org.hibernate.cfg.Ejb3Column - Binding column: Ejb3Column{table=org.hibernate.mapping.Table(data_price), mappingColumn=company, insertable=true, updatable=true, unique=false}
17:18:23.936 [main] DEBUG o.h.cfg.annotations.PropertyBinder - Building property company
17:18:23.936 [main] DEBUG org.hibernate.cfg.Ejb3Column - Binding column: Ejb3Column{table=org.hibernate.mapping.Table(data_price), mappingColumn=date, insertable=true, updatable=true, unique=false}
17:18:23.936 [main] DEBUG o.h.cfg.annotations.PropertyBinder - binding property date with lazy=false
17:18:23.936 [main] DEBUG o.h.c.annotations.SimpleValueBinder - building SimpleValue for date
17:18:23.936 [main] DEBUG o.h.cfg.annotations.PropertyBinder - Building property date
17:18:23.937 [main] DEBUG org.hibernate.cfg.Ejb3Column - Binding column: Ejb3Column{table=org.hibernate.mapping.Table(data_price), mappingColumn=price, insertable=true, updatable=true, unique=false}
17:18:23.937 [main] DEBUG o.h.cfg.annotations.PropertyBinder - binding property price with lazy=false
17:18:23.937 [main] DEBUG o.h.c.annotations.SimpleValueBinder - building SimpleValue for price
17:18:23.937 [main] DEBUG o.h.cfg.annotations.PropertyBinder - Building property price
17:18:23.937 [main] DEBUG o.h.c.annotations.SimpleValueBinder - Setting SimpleValue typeName for id
17:18:23.937 [main] DEBUG o.h.c.annotations.SimpleValueBinder - Setting SimpleValue typeName for name
17:18:23.938 [main] DEBUG o.h.c.annotations.SimpleValueBinder - Setting SimpleValue typeName for id
17:18:23.938 [main] DEBUG o.h.c.annotations.SimpleValueBinder - Setting SimpleValue typeName for date
17:18:23.938 [main] DEBUG o.h.c.annotations.SimpleValueBinder - Setting SimpleValue typeName for price
17:18:23.938 [main] DEBUG org.hibernate.cfg.Configuration - processing fk mappings (*ToOne and JoinedSubclass)
17:18:23.943 [main] DEBUG org.hibernate.cfg.Configuration - processing extends queue
17:18:23.944 [main] DEBUG org.hibernate.cfg.Configuration - processing extends queue
17:18:23.944 [main] DEBUG org.hibernate.cfg.Configuration - processing collection mappings
17:18:23.944 [main] DEBUG o.hibernate.cfg.CollectionSecondPass - Second pass for collection: pl.dominika.entity.CompanyEntity.datesAndPrices
17:18:23.944 [main] DEBUG o.h.cfg.annotations.CollectionBinder - Binding a OneToMany: pl.dominika.entity.CompanyEntity.datesAndPrices through a foreign key
17:18:23.945 [main] INFO  o.h.cfg.annotations.CollectionBinder - Mapping collection: pl.dominika.entity.CompanyEntity.datesAndPrices -> data_price
17:18:23.946 [main] DEBUG o.h.cfg.annotations.TableBinder - Retrieving property pl.dominika.entity.DataPriceEntity.company
17:18:23.947 [main] DEBUG o.hibernate.cfg.CollectionSecondPass - Mapped collection key: company_id, one-to-many: pl.dominika.entity.DataPriceEntity
17:18:23.947 [main] DEBUG org.hibernate.cfg.Configuration - processing native query and ResultSetMapping mappings
17:18:23.947 [main] DEBUG org.hibernate.cfg.Configuration - processing association property references
17:18:23.947 [main] DEBUG org.hibernate.cfg.Configuration - processing foreign key constraints
17:18:23.947 [main] DEBUG org.hibernate.cfg.Configuration - resolving reference to class: pl.dominika.entity.CompanyEntity
17:18:23.948 [main] INFO  org.hibernate.cfg.Configuration - Hibernate Validator not found: ignoring
17:18:23.961 [main] DEBUG org.hibernate.ejb.util.NamingHelper - No JNDI name configured for binding Ejb3Configuration
17:18:23.964 [main] DEBUG org.hibernate.cfg.Configuration - Preparing to build session factory with filters : {}
17:18:23.964 [main] DEBUG org.hibernate.cfg.Configuration - Processing hbm.xml files
17:18:23.964 [main] DEBUG org.hibernate.cfg.Configuration - Process annotated classes
17:18:23.964 [main] DEBUG org.hibernate.cfg.Configuration - processing fk mappings (*ToOne and JoinedSubclass)
17:18:23.964 [main] DEBUG org.hibernate.cfg.Configuration - processing extends queue
17:18:23.964 [main] DEBUG org.hibernate.cfg.Configuration - processing extends queue
17:18:23.965 [main] DEBUG org.hibernate.cfg.Configuration - processing collection mappings
17:18:23.965 [main] DEBUG org.hibernate.cfg.Configuration - processing native query and ResultSetMapping mappings
17:18:23.965 [main] DEBUG org.hibernate.cfg.Configuration - processing association property references
17:18:23.965 [main] DEBUG org.hibernate.cfg.Configuration - processing foreign key constraints
17:18:23.965 [main] DEBUG org.hibernate.cfg.Configuration - resolving reference to class: pl.dominika.entity.CompanyEntity
17:18:23.966 [main] DEBUG org.hibernate.cfg.Configuration - Legacy Validator not present in classpath, ignoring event listener registration
17:18:23.969 [main] DEBUG o.h.c.s.HibernateSearchEventListenerRegister - Search not present in classpath, ignoring event listener registration.
17:18:23.969 [main] INFO  o.h.c.s.HibernateSearchEventListenerRegister - Unable to find org.hibernate.search.event.FullTextIndexEventListener on the classpath. Hibernate Search is not enabled.
17:18:24.004 [main] INFO  o.h.c.ConnectionProviderFactory - Initializing connection provider: org.hibernate.ejb.connection.InjectedDataSourceConnectionProvider
17:18:24.009 [main] INFO  o.h.e.c.InjectedDataSourceConnectionProvider - Using provided datasource
17:18:24.009 [main] DEBUG o.s.j.d.SimpleDriverDataSource - Creating new JDBC Driver Connection to [jdbc:hsqldb:mem:dataSource]
17:18:24.350 [main] INFO  org.hibernate.dialect.Dialect - Using dialect: org.hibernate.dialect.HSQLDialect
17:18:24.365 [main] INFO  org.hibernate.cfg.SettingsFactory - Database ->
       name : HSQL Database Engine
    version : 2.3.2
      major : 2
      minor : 3
17:18:24.365 [main] INFO  org.hibernate.cfg.SettingsFactory - Driver ->
       name : HSQL Database Engine Driver
    version : 2.3.2
      major : 2
      minor : 3
17:18:24.366 [main] INFO  o.h.t.TransactionFactoryFactory - Transaction strategy: org.hibernate.transaction.JDBCTransactionFactory
17:18:24.367 [main] INFO  o.h.t.TransactionManagerLookupFactory - No TransactionManagerLookup configured (in JTA environment, use of read-write or transactional second-level cache is not recommended)
17:18:24.367 [main] INFO  org.hibernate.cfg.SettingsFactory - Automatic flush during beforeCompletion(): disabled
17:18:24.368 [main] INFO  org.hibernate.cfg.SettingsFactory - Automatic session close at end of transaction: disabled
17:18:24.368 [main] INFO  org.hibernate.cfg.SettingsFactory - JDBC batch size: 15
17:18:24.368 [main] INFO  org.hibernate.cfg.SettingsFactory - JDBC batch updates for versioned data: disabled
17:18:24.368 [main] INFO  org.hibernate.cfg.SettingsFactory - Scrollable result sets: enabled
17:18:24.368 [main] DEBUG org.hibernate.cfg.SettingsFactory - Wrap result sets: disabled
17:18:24.368 [main] INFO  org.hibernate.cfg.SettingsFactory - JDBC3 getGeneratedKeys(): enabled
17:18:24.368 [main] INFO  org.hibernate.cfg.SettingsFactory - Connection release mode: auto
17:18:24.369 [main] INFO  org.hibernate.cfg.SettingsFactory - Default batch fetch size: 1
17:18:24.369 [main] INFO  org.hibernate.cfg.SettingsFactory - Generate SQL with comments: disabled
17:18:24.369 [main] INFO  org.hibernate.cfg.SettingsFactory - Order SQL updates by primary key: disabled
17:18:24.369 [main] INFO  org.hibernate.cfg.SettingsFactory - Order SQL inserts for batching: disabled
17:18:24.369 [main] INFO  org.hibernate.cfg.SettingsFactory - Query translator: org.hibernate.hql.ast.ASTQueryTranslatorFactory
17:18:24.371 [main] INFO  o.h.h.ast.ASTQueryTranslatorFactory - Using ASTQueryTranslatorFactory
17:18:24.371 [main] INFO  org.hibernate.cfg.SettingsFactory - Query language substitutions: {}
17:18:24.371 [main] INFO  org.hibernate.cfg.SettingsFactory - JPA-QL strict compliance: enabled
17:18:24.371 [main] INFO  org.hibernate.cfg.SettingsFactory - Second-level cache: enabled
17:18:24.371 [main] INFO  org.hibernate.cfg.SettingsFactory - Query cache: disabled
17:18:24.371 [main] INFO  org.hibernate.cfg.SettingsFactory - Cache region factory : org.hibernate.cache.impl.NoCachingRegionFactory
17:18:24.372 [main] INFO  org.hibernate.cfg.SettingsFactory - Optimize cache for minimal puts: disabled
17:18:24.372 [main] INFO  org.hibernate.cfg.SettingsFactory - Structured second-level cache entries: disabled
17:18:24.375 [main] INFO  org.hibernate.cfg.SettingsFactory - Echoing all SQL to stdout
17:18:24.376 [main] INFO  org.hibernate.cfg.SettingsFactory - Statistics: disabled
17:18:24.376 [main] INFO  org.hibernate.cfg.SettingsFactory - Deleted entity synthetic identifier rollback: disabled
17:18:24.376 [main] INFO  org.hibernate.cfg.SettingsFactory - Default entity-mode: pojo
17:18:24.376 [main] INFO  org.hibernate.cfg.SettingsFactory - Named query checking : enabled
17:18:24.376 [main] INFO  org.hibernate.cfg.SettingsFactory - Check Nullability in Core (should be disabled when Bean Validation is on): enabled
17:18:24.390 [main] INFO  o.hibernate.impl.SessionFactoryImpl - building session factory
17:18:24.394 [main] DEBUG o.hibernate.impl.SessionFactoryImpl - Statistics initialized [enabled=false]}
17:18:24.395 [main] DEBUG org.hibernate.type.BasicTypeRegistry - Adding type registration boolean -> org.hibernate.type.BooleanType@3b85ead9
17:18:24.395 [main] DEBUG org.hibernate.type.BasicTypeRegistry - Adding type registration boolean -> org.hibernate.type.BooleanType@3b85ead9
17:18:24.395 [main] DEBUG org.hibernate.type.BasicTypeRegistry - Adding type registration java.lang.Boolean -> org.hibernate.type.BooleanType@3b85ead9
17:18:24.395 [main] DEBUG org.hibernate.type.BasicTypeRegistry - Adding type registration numeric_boolean -> org.hibernate.type.NumericBooleanType@540adf14
17:18:24.395 [main] DEBUG org.hibernate.type.BasicTypeRegistry - Adding type registration true_false -> org.hibernate.type.TrueFalseType@6fb28473
17:18:24.395 [main] DEBUG org.hibernate.type.BasicTypeRegistry - Adding type registration yes_no -> org.hibernate.type.YesNoType@f68701a
17:18:24.395 [main] DEBUG org.hibernate.type.BasicTypeRegistry - Adding type registration byte -> org.hibernate.type.ByteType@3a668605
17:18:24.395 [main] DEBUG org.hibernate.type.BasicTypeRegistry - Adding type registration byte -> org.hibernate.type.ByteType@3a668605
17:18:24.395 [main] DEBUG org.hibernate.type.BasicTypeRegistry - Adding type registration java.lang.Byte -> org.hibernate.type.ByteType@3a668605
17:18:24.395 [main] DEBUG org.hibernate.type.BasicTypeRegistry - Adding type registration character -> org.hibernate.type.CharacterType@68792330
17:18:24.396 [main] DEBUG org.hibernate.type.BasicTypeRegistry - Adding type registration char -> org.hibernate.type.CharacterType@68792330
17:18:24.396 [main] DEBUG org.hibernate.type.BasicTypeRegistry - Adding type registration java.lang.Character -> org.hibernate.type.CharacterType@68792330
17:18:24.396 [main] DEBUG org.hibernate.type.BasicTypeRegistry - Adding type registration short -> org.hibernate.type.ShortType@13fbf741
17:18:24.396 [main] DEBUG org.hibernate.type.BasicTypeRegistry - Adding type registration short -> org.hibernate.type.ShortType@13fbf741
17:18:24.396 [main] DEBUG org.hibernate.type.BasicTypeRegistry - Adding type registration java.lang.Short -> org.hibernate.type.ShortType@13fbf741
17:18:24.396 [main] DEBUG org.hibernate.type.BasicTypeRegistry - Adding type registration integer -> org.hibernate.type.IntegerType@1d6ddc2f
17:18:24.396 [main] DEBUG org.hibernate.type.BasicTypeRegistry - Adding type registration int -> org.hibernate.type.IntegerType@1d6ddc2f
17:18:24.396 [main] DEBUG org.hibernate.type.BasicTypeRegistry - Adding type registration java.lang.Integer -> org.hibernate.type.IntegerType@1d6ddc2f
17:18:24.396 [main] DEBUG org.hibernate.type.BasicTypeRegistry - Adding type registration long -> org.hibernate.type.LongType@3efa6afc
17:18:24.396 [main] DEBUG org.hibernate.type.BasicTypeRegistry - Adding type registration long -> org.hibernate.type.LongType@3efa6afc
17:18:24.396 [main] DEBUG org.hibernate.type.BasicTypeRegistry - Adding type registration java.lang.Long -> org.hibernate.type.LongType@3efa6afc
17:18:24.396 [main] DEBUG org.hibernate.type.BasicTypeRegistry - Adding type registration float -> org.hibernate.type.FloatType@519e5c2a
17:18:24.396 [main] DEBUG org.hibernate.type.BasicTypeRegistry - Adding type registration float -> org.hibernate.type.FloatType@519e5c2a
17:18:24.396 [main] DEBUG org.hibernate.type.BasicTypeRegistry - Adding type registration java.lang.Float -> org.hibernate.type.FloatType@519e5c2a
17:18:24.396 [main] DEBUG org.hibernate.type.BasicTypeRegistry - Adding type registration double -> org.hibernate.type.DoubleType@a037ad8
17:18:24.397 [main] DEBUG org.hibernate.type.BasicTypeRegistry - Adding type registration double -> org.hibernate.type.DoubleType@a037ad8
17:18:24.397 [main] DEBUG org.hibernate.type.BasicTypeRegistry - Adding type registration java.lang.Double -> org.hibernate.type.DoubleType@a037ad8
17:18:24.397 [main] DEBUG org.hibernate.type.BasicTypeRegistry - Adding type registration big_decimal -> org.hibernate.type.BigDecimalType@26a5d04b
17:18:24.397 [main] DEBUG org.hibernate.type.BasicTypeRegistry - Adding type registration java.math.BigDecimal -> org.hibernate.type.BigDecimalType@26a5d04b
17:18:24.397 [main] DEBUG org.hibernate.type.BasicTypeRegistry - Adding type registration big_integer -> org.hibernate.type.BigIntegerType@1f7f3ef0
17:18:24.397 [main] DEBUG org.hibernate.type.BasicTypeRegistry - Adding type registration java.math.BigInteger -> org.hibernate.type.BigIntegerType@1f7f3ef0
17:18:24.397 [main] DEBUG org.hibernate.type.BasicTypeRegistry - Adding type registration string -> org.hibernate.type.StringType@519bc06f
17:18:24.397 [main] DEBUG org.hibernate.type.BasicTypeRegistry - Adding type registration java.lang.String -> org.hibernate.type.StringType@519bc06f
17:18:24.397 [main] DEBUG org.hibernate.type.BasicTypeRegistry - Adding type registration url -> org.hibernate.type.UrlType@6518ca7d
17:18:24.397 [main] DEBUG org.hibernate.type.BasicTypeRegistry - Adding type registration java.net.URL -> org.hibernate.type.UrlType@6518ca7d
17:18:24.397 [main] DEBUG org.hibernate.type.BasicTypeRegistry - Adding type registration date -> org.hibernate.type.DateType@3d7bcc32
17:18:24.397 [main] DEBUG org.hibernate.type.BasicTypeRegistry - Adding type registration java.sql.Date -> org.hibernate.type.DateType@3d7bcc32
17:18:24.397 [main] DEBUG org.hibernate.type.BasicTypeRegistry - Adding type registration time -> org.hibernate.type.TimeType@1f54362f
17:18:24.397 [main] DEBUG org.hibernate.type.BasicTypeRegistry - Adding type registration java.sql.Time -> org.hibernate.type.TimeType@1f54362f
17:18:24.398 [main] DEBUG org.hibernate.type.BasicTypeRegistry - Adding type registration timestamp -> org.hibernate.type.TimestampType@3e55747
17:18:24.398 [main] DEBUG org.hibernate.type.BasicTypeRegistry - Adding type registration java.sql.Timestamp -> org.hibernate.type.TimestampType@3e55747
17:18:24.398 [main] DEBUG org.hibernate.type.BasicTypeRegistry - Adding type registration java.util.Date -> org.hibernate.type.TimestampType@3e55747
17:18:24.398 [main] DEBUG org.hibernate.type.BasicTypeRegistry - Adding type registration dbtimestamp -> org.hibernate.type.DbTimestampType@4d69f57e
17:18:24.398 [main] DEBUG org.hibernate.type.BasicTypeRegistry - Adding type registration calendar -> org.hibernate.type.CalendarType@69348fa3
17:18:24.398 [main] DEBUG org.hibernate.type.BasicTypeRegistry - Adding type registration java.util.Calendar -> org.hibernate.type.CalendarType@69348fa3
17:18:24.398 [main] DEBUG org.hibernate.type.BasicTypeRegistry - Adding type registration java.util.GregorianCalendar -> org.hibernate.type.CalendarType@69348fa3
17:18:24.398 [main] DEBUG org.hibernate.type.BasicTypeRegistry - Adding type registration calendar_date -> org.hibernate.type.CalendarDateType@65dad426
17:18:24.398 [main] DEBUG org.hibernate.type.BasicTypeRegistry - Adding type registration locale -> org.hibernate.type.LocaleType@5e71a70b
17:18:24.398 [main] DEBUG org.hibernate.type.BasicTypeRegistry - Adding type registration java.util.Locale -> org.hibernate.type.LocaleType@5e71a70b
17:18:24.398 [main] DEBUG org.hibernate.type.BasicTypeRegistry - Adding type registration currency -> org.hibernate.type.CurrencyType@12c24609
17:18:24.398 [main] DEBUG org.hibernate.type.BasicTypeRegistry - Adding type registration java.util.Currency -> org.hibernate.type.CurrencyType@12c24609
17:18:24.398 [main] DEBUG org.hibernate.type.BasicTypeRegistry - Adding type registration timezone -> org.hibernate.type.TimeZoneType@63055b68
17:18:24.399 [main] DEBUG org.hibernate.type.BasicTypeRegistry - Adding type registration java.util.TimeZone -> org.hibernate.type.TimeZoneType@63055b68
17:18:24.399 [main] DEBUG org.hibernate.type.BasicTypeRegistry - Adding type registration class -> org.hibernate.type.ClassType@3bdb4108
17:18:24.399 [main] DEBUG org.hibernate.type.BasicTypeRegistry - Adding type registration java.lang.Class -> org.hibernate.type.ClassType@3bdb4108
17:18:24.399 [main] DEBUG org.hibernate.type.BasicTypeRegistry - Adding type registration uuid-binary -> org.hibernate.type.UUIDBinaryType@a82b79d
17:18:24.399 [main] DEBUG org.hibernate.type.BasicTypeRegistry - Adding type registration java.util.UUID -> org.hibernate.type.UUIDBinaryType@a82b79d
17:18:24.399 [main] DEBUG org.hibernate.type.BasicTypeRegistry - Adding type registration uuid-char -> org.hibernate.type.UUIDCharType@24b397e9
17:18:24.399 [main] DEBUG org.hibernate.type.BasicTypeRegistry - Adding type registration pg-uuid -> org.hibernate.type.PostgresUUIDType@7b09df06
17:18:24.399 [main] DEBUG org.hibernate.type.BasicTypeRegistry - Adding type registration binary -> org.hibernate.type.BinaryType@7bea4ab9
17:18:24.399 [main] DEBUG org.hibernate.type.BasicTypeRegistry - Adding type registration byte[] -> org.hibernate.type.BinaryType@7bea4ab9
17:18:24.399 [main] DEBUG org.hibernate.type.BasicTypeRegistry - Adding type registration [B -> org.hibernate.type.BinaryType@7bea4ab9
17:18:24.399 [main] DEBUG org.hibernate.type.BasicTypeRegistry - Adding type registration wrapper-binary -> org.hibernate.type.WrapperBinaryType@717e38e5
17:18:24.399 [main] DEBUG org.hibernate.type.BasicTypeRegistry - Adding type registration Byte[] -> org.hibernate.type.WrapperBinaryType@717e38e5
17:18:24.399 [main] DEBUG org.hibernate.type.BasicTypeRegistry - Adding type registration [Ljava.lang.Byte; -> org.hibernate.type.WrapperBinaryType@717e38e5
17:18:24.400 [main] DEBUG org.hibernate.type.BasicTypeRegistry - Adding type registration image -> org.hibernate.type.ImageType@38ee1abe
17:18:24.400 [main] DEBUG org.hibernate.type.BasicTypeRegistry - Adding type registration characters -> org.hibernate.type.CharArrayType@19be1bc9
17:18:24.400 [main] DEBUG org.hibernate.type.BasicTypeRegistry - Adding type registration char[] -> org.hibernate.type.CharArrayType@19be1bc9
17:18:24.400 [main] DEBUG org.hibernate.type.BasicTypeRegistry - Adding type registration [C -> org.hibernate.type.CharArrayType@19be1bc9
17:18:24.400 [main] DEBUG org.hibernate.type.BasicTypeRegistry - Adding type registration wrapper-characters -> org.hibernate.type.CharacterArrayType@6f9623fe
17:18:24.400 [main] DEBUG org.hibernate.type.BasicTypeRegistry - Adding type registration [Ljava.lang.Character; -> org.hibernate.type.CharacterArrayType@6f9623fe
17:18:24.400 [main] DEBUG org.hibernate.type.BasicTypeRegistry - Adding type registration Character[] -> org.hibernate.type.CharacterArrayType@6f9623fe
17:18:24.400 [main] DEBUG org.hibernate.type.BasicTypeRegistry - Adding type registration text -> org.hibernate.type.TextType@71bd5cfa
17:18:24.400 [main] DEBUG org.hibernate.type.BasicTypeRegistry - Adding type registration blob -> org.hibernate.type.BlobType@42d30057
17:18:24.400 [main] DEBUG org.hibernate.type.BasicTypeRegistry - Adding type registration java.sql.Blob -> org.hibernate.type.BlobType@42d30057
17:18:24.400 [main] DEBUG org.hibernate.type.BasicTypeRegistry - Adding type registration materialized_blob -> org.hibernate.type.MaterializedBlobType@6d8dbc42
17:18:24.400 [main] DEBUG org.hibernate.type.BasicTypeRegistry - Adding type registration wrapper_materialized_blob -> org.hibernate.type.WrappedMaterializedBlobType@5ab9c149
17:18:24.400 [main] DEBUG org.hibernate.type.BasicTypeRegistry - Adding type registration clob -> org.hibernate.type.ClobType@3a21fa7
17:18:24.400 [main] DEBUG org.hibernate.type.BasicTypeRegistry - Adding type registration java.sql.Clob -> org.hibernate.type.ClobType@3a21fa7
17:18:24.401 [main] DEBUG org.hibernate.type.BasicTypeRegistry - Adding type registration materialized_clob -> org.hibernate.type.MaterializedClobType@3ad2b44b
17:18:24.401 [main] DEBUG org.hibernate.type.BasicTypeRegistry - Adding type registration wrapper_characters_clob -> org.hibernate.type.CharacterArrayClobType@666b581a
17:18:24.401 [main] DEBUG org.hibernate.type.BasicTypeRegistry - Adding type registration characters_clob -> org.hibernate.type.PrimitiveCharacterArrayClobType@3563b708
17:18:24.401 [main] DEBUG org.hibernate.type.BasicTypeRegistry - Adding type registration serializable -> org.hibernate.type.SerializableType@7db983fb
17:18:24.401 [main] DEBUG org.hibernate.type.BasicTypeRegistry - Adding type registration object -> org.hibernate.type.ObjectType@1cf208bd
17:18:24.401 [main] DEBUG org.hibernate.type.BasicTypeRegistry - Adding type registration java.lang.Object -> org.hibernate.type.ObjectType@1cf208bd
17:18:24.401 [main] DEBUG org.hibernate.type.BasicTypeRegistry - Adding type registration imm_date -> org.hibernate.type.AdaptedImmutableType@63d60c02
17:18:24.401 [main] DEBUG org.hibernate.type.BasicTypeRegistry - Adding type registration imm_time -> org.hibernate.type.AdaptedImmutableType@79ae8a82
17:18:24.401 [main] DEBUG org.hibernate.type.BasicTypeRegistry - Adding type registration imm_timestamp -> org.hibernate.type.AdaptedImmutableType@32079b37
17:18:24.401 [main] DEBUG org.hibernate.type.BasicTypeRegistry - Adding type registration imm_dbtimestamp -> org.hibernate.type.AdaptedImmutableType@115f518a
17:18:24.401 [main] DEBUG org.hibernate.type.BasicTypeRegistry - Adding type registration imm_calendar -> org.hibernate.type.AdaptedImmutableType@8e243ef
17:18:24.401 [main] DEBUG org.hibernate.type.BasicTypeRegistry - Adding type registration imm_calendar_date -> org.hibernate.type.AdaptedImmutableType@3eda0477
17:18:24.401 [main] DEBUG org.hibernate.type.BasicTypeRegistry - Adding type registration imm_binary -> org.hibernate.type.AdaptedImmutableType@5b5b40dd
17:18:24.401 [main] DEBUG org.hibernate.type.BasicTypeRegistry - Adding type registration imm_serializable -> org.hibernate.type.AdaptedImmutableType@43ff9c06
17:18:24.402 [main] DEBUG org.hibernate.type.BasicTypeRegistry - Adding type registration characters_clob -> org.hibernate.type.PrimitiveCharacterArrayClobType@286ff682
17:18:24.402 [main] INFO  org.hibernate.type.BasicTypeRegistry - Type registration [characters_clob] overrides previous : org.hibernate.type.PrimitiveCharacterArrayClobType@3563b708
17:18:24.402 [main] DEBUG org.hibernate.type.BasicTypeRegistry - Adding type registration wrapper_characters_clob -> org.hibernate.type.CharacterArrayClobType@6b12f091
17:18:24.402 [main] INFO  org.hibernate.type.BasicTypeRegistry - Type registration [wrapper_characters_clob] overrides previous : org.hibernate.type.CharacterArrayClobType@666b581a
17:18:24.402 [main] DEBUG org.hibernate.type.BasicTypeRegistry - Adding type registration clob -> org.hibernate.type.ClobType@42f322f1
17:18:24.402 [main] INFO  org.hibernate.type.BasicTypeRegistry - Type registration [clob] overrides previous : org.hibernate.type.ClobType@3a21fa7
17:18:24.402 [main] DEBUG org.hibernate.type.BasicTypeRegistry - Adding type registration java.sql.Clob -> org.hibernate.type.ClobType@42f322f1
17:18:24.402 [main] INFO  org.hibernate.type.BasicTypeRegistry - Type registration [java.sql.Clob] overrides previous : org.hibernate.type.ClobType@3a21fa7
17:18:24.402 [main] DEBUG org.hibernate.type.BasicTypeRegistry - Adding type registration materialized_blob -> org.hibernate.type.MaterializedBlobType@4c2c4c62
17:18:24.402 [main] INFO  org.hibernate.type.BasicTypeRegistry - Type registration [materialized_blob] overrides previous : org.hibernate.type.MaterializedBlobType@6d8dbc42
17:18:24.402 [main] DEBUG org.hibernate.type.BasicTypeRegistry - Adding type registration blob -> org.hibernate.type.BlobType@ad5950c
17:18:24.402 [main] INFO  org.hibernate.type.BasicTypeRegistry - Type registration [blob] overrides previous : org.hibernate.type.BlobType@42d30057
17:18:24.402 [main] DEBUG org.hibernate.type.BasicTypeRegistry - Adding type registration java.sql.Blob -> org.hibernate.type.BlobType@ad5950c
17:18:24.402 [main] INFO  org.hibernate.type.BasicTypeRegistry - Type registration [java.sql.Blob] overrides previous : org.hibernate.type.BlobType@42d30057
17:18:24.403 [main] DEBUG org.hibernate.type.BasicTypeRegistry - Adding type registration wrapper_materialized_blob -> org.hibernate.type.WrappedMaterializedBlobType@704adcff
17:18:24.403 [main] INFO  org.hibernate.type.BasicTypeRegistry - Type registration [wrapper_materialized_blob] overrides previous : org.hibernate.type.WrappedMaterializedBlobType@5ab9c149
17:18:24.403 [main] DEBUG org.hibernate.type.BasicTypeRegistry - Adding type registration materialized_clob -> org.hibernate.type.MaterializedClobType@687b1e8d
17:18:24.403 [main] INFO  org.hibernate.type.BasicTypeRegistry - Type registration [materialized_clob] overrides previous : org.hibernate.type.MaterializedClobType@3ad2b44b
17:18:24.404 [main] DEBUG o.hibernate.impl.SessionFactoryImpl - Session factory constructed with filter configurations : {}
17:18:24.405 [main] DEBUG o.hibernate.impl.SessionFactoryImpl - instantiating session factory with properties: {java.vendor=Oracle Corporation, localRepository=C:\Users\dpurszke\.m2\repository, sun.java.launcher=SUN_STANDARD, sun.management.compiler=HotSpot 64-Bit Tiered Compilers, hibernate.ejb.discard_pc_on_close=false, hibernate.transaction.flush_before_completion=false, os.name=Windows 7, sun.boot.class.path=C:\Program Files\Java\jdk1.7.0_45\jre\lib\resources.jar;C:\Program Files\Java\jdk1.7.0_45\jre\lib\rt.jar;C:\Program Files\Java\jdk1.7.0_45\jre\lib\sunrsasign.jar;C:\Program Files\Java\jdk1.7.0_45\jre\lib\jsse.jar;C:\Program Files\Java\jdk1.7.0_45\jre\lib\jce.jar;C:\Program Files\Java\jdk1.7.0_45\jre\lib\charsets.jar;C:\Program Files\Java\jdk1.7.0_45\jre\lib\jfr.jar;C:\Program Files\Java\jdk1.7.0_45\jre\classes, user.country.format=DE, sun.desktop=windows, java.vm.specification.vendor=Oracle Corporation, java.runtime.version=1.7.0_45-b18, hibernate.connection.autocommit=true, user.name=DPURSZKE, user.language.format=de, javax.persistence.validation.mode=AUTO, hibernate.connection.release_mode=auto, user.language=en, sun.boot.library.path=C:\Program Files\Java\jdk1.7.0_45\jre\bin, java.version=1.7.0_45, user.timezone=Europe/Berlin, sun.arch.data.model=64, java.endorsed.dirs=C:\Program Files\Java\jdk1.7.0_45\jre\lib\endorsed, sun.cpu.isalist=amd64, sun.jnu.encoding=Cp1252, file.encoding.pkg=sun.io, file.separator=\, java.specification.name=Java Platform API Specification, hibernate.format_sql=true, java.class.version=51.0, user.country=US, java.home=C:\Program Files\Java\jdk1.7.0_45\jre, java.vm.info=mixed mode, os.version=6.1, hibernate.transaction.factory_class=org.hibernate.transaction.JDBCTransactionFactory, surefire.real.class.path=C:\Users\dpurszke\Desktop\workspace\stock-game\stock-game-service\target\surefire\surefirebooter4847988117666541887.jar, hibernate.query.jpaql_strict_compliance=true, path.separator=;, java.vm.version=24.45-b08, user.variant=, java.awt.printerjob=sun.awt.windows.WPrinterJob, sun.io.unicode.encoding=UnicodeLittle, awt.toolkit=sun.awt.windows.WToolkit, user.script=, user.home=C:\Users\dpurszke, java.specification.vendor=Oracle Corporation, hibernate.hbm2ddl.auto=create, java.library.path=C:\Program Files\Java\jdk1.7.0_45\jre\bin;C:\WINDOWS\Sun\Java\bin;C:\WINDOWS\system32;C:\WINDOWS;C:\WINDOWS\system32;C:\WINDOWS;C:\WINDOWS\System32\Wbem;C:\Program Files\apache-maven-3.3.9\bin;C:\WINDOWS\System32\WindowsPowerShell\v1.0\;C:\Users\dpurszke\AppData\Local\GitHub\PortableGit_c2ba306e536fdf878271f7fe636a147ff37326ad\bin;C:\Program Files\nodejs\;C:\Users\dpurszke\AppData\Roaming\npm;., java.vendor.url=http://java.oracle.com/, java.vm.vendor=Oracle Corporation, hibernate.dialect=org.hibernate.dialect.HSQLDialect, java.runtime.name=Java(TM) SE Runtime Environment, sun.java.command=C:\Users\dpurszke\Desktop\workspace\stock-game\stock-game-service\target\surefire\surefirebooter4847988117666541887.jar C:\Users\dpurszke\Desktop\workspace\stock-game\stock-game-service\target\surefire\surefire7801232961889588903tmp C:\Users\dpurszke\Desktop\workspace\stock-game\stock-game-service\target\surefire\surefire_03478157019314579319tmp, java.class.path=C:\Users\dpurszke\Desktop\workspace\stock-game\stock-game-service\target\test-classes;C:\Users\dpurszke\Desktop\workspace\stock-game\stock-game-service\target\classes;C:\Users\dpurszke\.m2\repository\org\jboss\jandex\2.0.0.Final\jandex-2.0.0.Final.jar;C:\Users\dpurszke\Desktop\workspace\stock-game\stock-game-dao\target\stock-game-dao-0.0.1-SNAPSHOT.jar;C:\Users\dpurszke\.m2\repository\com\mysema\querydsl\querydsl-jpa\3.6.3\querydsl-jpa-3.6.3.jar;C:\Users\dpurszke\.m2\repository\com\mysema\querydsl\querydsl-core\3.6.3\querydsl-core-3.6.3.jar;C:\Users\dpurszke\.m2\repository\com\google\guava\guava\18.0\guava-18.0.jar;C:\Users\dpurszke\.m2\repository\com\google\code\findbugs\jsr305\1.3.9\jsr305-1.3.9.jar;C:\Users\dpurszke\.m2\repository\com\mysema\commons\mysema-commons-lang\0.2.4\mysema-commons-lang-0.2.4.jar;C:\Users\dpurszke\.m2\repository\com\infradna\tool\bridge-method-annotation\1.13\bridge-method-annotation-1.13.jar;C:\Users\dpurszke\.m2\repository\com\mysema\querydsl\querydsl-apt\3.6.3\querydsl-apt-3.6.3.jar;C:\Users\dpurszke\.m2\repository\com\mysema\querydsl\querydsl-codegen\3.6.3\querydsl-codegen-3.6.3.jar;C:\Users\dpurszke\.m2\repository\com\mysema\codegen\codegen\0.6.6\codegen-0.6.6.jar;C:\Users\dpurszke\.m2\repository\org\eclipse\jdt\core\compiler\ecj\4.3.1\ecj-4.3.1.jar;C:\Users\dpurszke\.m2\repository\javax\inject\javax.inject\1\javax.inject-1.jar;C:\Users\dpurszke\.m2\repository\org\springframework\data\spring-data-jpa\1.7.2.RELEASE\spring-data-jpa-1.7.2.RELEASE.jar;C:\Users\dpurszke\.m2\repository\org\springframework\data\spring-data-commons\1.9.2.RELEASE\spring-data-commons-1.9.2.RELEASE.jar;C:\Users\dpurszke\.m2\repository\org\springframework\spring-orm\4.0.9.RELEASE\spring-orm-4.0.9.RELEASE.jar;C:\Users\dpurszke\.m2\repository\org\springframework\spring-jdbc\4.1.6.RELEASE\spring-jdbc-4.1.6.RELEASE.jar;C:\Users\dpurszke\.m2\repository\org\springframework\spring-tx\4.0.9.RELEASE\spring-tx-4.0.9.RELEASE.jar;C:\Users\dpurszke\.m2\repository\org\aspectj\aspectjrt\1.8.4\aspectjrt-1.8.4.jar;C:\Users\dpurszke\.m2\repository\org\slf4j\jcl-over-slf4j\1.7.10\jcl-over-slf4j-1.7.10.jar;C:\Users\dpurszke\.m2\repository\org\hsqldb\hsqldb\2.3.2\hsqldb-2.3.2.jar;C:\Users\dpurszke\Desktop\workspace\stock-game\stock-game-model\target\stock-game-model-0.0.1-SNAPSHOT.jar;C:\Users\dpurszke\.m2\repository\org\hibernate\hibernate-core\3.6.10.Final\hibernate-core-3.6.10.Final.jar;C:\Users\dpurszke\.m2\repository\antlr\antlr\2.7.6\antlr-2.7.6.jar;C:\Users\dpurszke\.m2\repository\commons-collections\commons-collections\3.1\commons-collections-3.1.jar;C:\Users\dpurszke\.m2\repository\dom4j\dom4j\1.6.1\dom4j-1.6.1.jar;C:\Users\dpurszke\.m2\repository\org\hibernate\hibernate-commons-annotations\3.2.0.Final\hibernate-commons-annotations-3.2.0.Final.jar;C:\Users\dpurszke\.m2\repository\javax\transaction\jta\1.1\jta-1.1.jar;C:\Users\dpurszke\.m2\repository\joda-time\joda-time-hibernate\1.3\joda-time-hibernate-1.3.jar;C:\Users\dpurszke\.m2\repository\joda-time\joda-time\2.9.1\joda-time-2.9.1.jar;C:\Users\dpurszke\.m2\repository\org\hibernate\javax\persistence\hibernate-jpa-2.1-api\1.0.0.Final\hibernate-jpa-2.1-api-1.0.0.Final.jar;C:\Users\dpurszke\.m2\repository\org\hibernate\hibernate-entitymanager\3.5.6-Final\hibernate-entitymanager-3.5.6-Final.jar;C:\Users\dpurszke\.m2\repository\org\hibernate\hibernate-annotations\3.5.6-Final\hibernate-annotations-3.5.6-Final.jar;C:\Users\dpurszke\.m2\repository\cglib\cglib\2.2\cglib-2.2.jar;C:\Users\dpurszke\.m2\repository\asm\asm\3.1\asm-3.1.jar;C:\Users\dpurszke\.m2\repository\javassist\javassist\3.9.0.GA\javassist-3.9.0.GA.jar;C:\Users\dpurszke\.m2\repository\org\hibernate\javax\persistence\hibernate-jpa-2.0-api\1.0.0.Final\hibernate-jpa-2.0-api-1.0.0.Final.jar;C:\Users\dpurszke\.m2\repository\org\springframework\spring-aop\4.1.6.RELEASE\spring-aop-4.1.6.RELEASE.jar;C:\Users\dpurszke\.m2\repository\aopalliance\aopalliance\1.0\aopalliance-1.0.jar;C:\Users\dpurszke\.m2\repository\org\springframework\spring-beans\4.1.6.RELEASE\spring-beans-4.1.6.RELEASE.jar;C:\Users\dpurszke\.m2\repository\org\springframework\spring-context-support\4.1.6.RELEASE\spring-context-support-4.1.6.RELEASE.jar;C:\Users\dpurszke\.m2\repository\org\springframework\spring-context\4.1.6.RELEASE\spring-context-4.1.6.RELEASE.jar;C:\Users\dpurszke\.m2\repository\org\springframework\spring-expression\4.1.6.RELEASE\spring-expression-4.1.6.RELEASE.jar;C:\Users\dpurszke\.m2\repository\org\springframework\spring-core\4.1.6.RELEASE\spring-core-4.1.6.RELEASE.jar;C:\Users\dpurszke\.m2\repository\commons-logging\commons-logging\1.2\commons-logging-1.2.jar;C:\Users\dpurszke\.m2\repository\org\slf4j\slf4j-api\1.7.10\slf4j-api-1.7.10.jar;C:\Users\dpurszke\.m2\repository\ch\qos\logback\logback-classic\1.1.2\logback-classic-1.1.2.jar;C:\Users\dpurszke\.m2\repository\ch\qos\logback\logback-core\1.1.2\logback-core-1.1.2.jar;C:\Users\dpurszke\.m2\repository\net\logstash\logback\logstash-logback-encoder\4.2\logstash-logback-encoder-4.2.jar;C:\Users\dpurszke\.m2\repository\com\fasterxml\jackson\core\jackson-databind\2.4.0\jackson-databind-2.4.0.jar;C:\Users\dpurszke\.m2\repository\com\fasterxml\jackson\core\jackson-annotations\2.4.0\jackson-annotations-2.4.0.jar;C:\Users\dpurszke\.m2\repository\com\fasterxml\jackson\core\jackson-core\2.4.0\jackson-core-2.4.0.jar;C:\Users\dpurszke\.m2\repository\junit\junit\4.12\junit-4.12.jar;C:\Users\dpurszke\.m2\repository\org\hamcrest\hamcrest-core\1.3\hamcrest-core-1.3.jar;C:\Users\dpurszke\.m2\repository\org\springframework\spring-test\4.1.6.RELEASE\spring-test-4.1.6.RELEASE.jar;, hibernate.bytecode.use_reflection_optimizer=false, java.vm.specification.name=Java Virtual Machine Specification, java.vm.specification.version=1.7, sun.cpu.endian=little, hibernate.ejb.naming_strategy=org.hibernate.cfg.ImprovedNamingStrategy, sun.os.patch.level=Service Pack 1, hibernate.connection.provider_class=org.hibernate.ejb.connection.InjectedDataSourceConnectionProvider, surefire.test.class.path=C:\Users\dpurszke\Desktop\workspace\stock-game\stock-game-service\target\test-classes;C:\Users\dpurszke\Desktop\workspace\stock-game\stock-game-service\target\classes;C:\Users\dpurszke\.m2\repository\org\jboss\jandex\2.0.0.Final\jandex-2.0.0.Final.jar;C:\Users\dpurszke\Desktop\workspace\stock-game\stock-game-dao\target\stock-game-dao-0.0.1-SNAPSHOT.jar;C:\Users\dpurszke\.m2\repository\com\mysema\querydsl\querydsl-jpa\3.6.3\querydsl-jpa-3.6.3.jar;C:\Users\dpurszke\.m2\repository\com\mysema\querydsl\querydsl-core\3.6.3\querydsl-core-3.6.3.jar;C:\Users\dpurszke\.m2\repository\com\google\guava\guava\18.0\guava-18.0.jar;C:\Users\dpurszke\.m2\repository\com\google\code\findbugs\jsr305\1.3.9\jsr305-1.3.9.jar;C:\Users\dpurszke\.m2\repository\com\mysema\commons\mysema-commons-lang\0.2.4\mysema-commons-lang-0.2.4.jar;C:\Users\dpurszke\.m2\repository\com\infradna\tool\bridge-method-annotation\1.13\bridge-method-annotation-1.13.jar;C:\Users\dpurszke\.m2\repository\com\mysema\querydsl\querydsl-apt\3.6.3\querydsl-apt-3.6.3.jar;C:\Users\dpurszke\.m2\repository\com\mysema\querydsl\querydsl-codegen\3.6.3\querydsl-codegen-3.6.3.jar;C:\Users\dpurszke\.m2\repository\com\mysema\codegen\codegen\0.6.6\codegen-0.6.6.jar;C:\Users\dpurszke\.m2\repository\org\eclipse\jdt\core\compiler\ecj\4.3.1\ecj-4.3.1.jar;C:\Users\dpurszke\.m2\repository\javax\inject\javax.inject\1\javax.inject-1.jar;C:\Users\dpurszke\.m2\repository\org\springframework\data\spring-data-jpa\1.7.2.RELEASE\spring-data-jpa-1.7.2.RELEASE.jar;C:\Users\dpurszke\.m2\repository\org\springframework\data\spring-data-commons\1.9.2.RELEASE\spring-data-commons-1.9.2.RELEASE.jar;C:\Users\dpurszke\.m2\repository\org\springframework\spring-orm\4.0.9.RELEASE\spring-orm-4.0.9.RELEASE.jar;C:\Users\dpurszke\.m2\repository\org\springframework\spring-jdbc\4.1.6.RELEASE\spring-jdbc-4.1.6.RELEASE.jar;C:\Users\dpurszke\.m2\repository\org\springframework\spring-tx\4.0.9.RELEASE\spring-tx-4.0.9.RELEASE.jar;C:\Users\dpurszke\.m2\repository\org\aspectj\aspectjrt\1.8.4\aspectjrt-1.8.4.jar;C:\Users\dpurszke\.m2\repository\org\slf4j\jcl-over-slf4j\1.7.10\jcl-over-slf4j-1.7.10.jar;C:\Users\dpurszke\.m2\repository\org\hsqldb\hsqldb\2.3.2\hsqldb-2.3.2.jar;C:\Users\dpurszke\Desktop\workspace\stock-game\stock-game-model\target\stock-game-model-0.0.1-SNAPSHOT.jar;C:\Users\dpurszke\.m2\repository\org\hibernate\hibernate-core\3.6.10.Final\hibernate-core-3.6.10.Final.jar;C:\Users\dpurszke\.m2\repository\antlr\antlr\2.7.6\antlr-2.7.6.jar;C:\Users\dpurszke\.m2\repository\commons-collections\commons-collections\3.1\commons-collections-3.1.jar;C:\Users\dpurszke\.m2\repository\dom4j\dom4j\1.6.1\dom4j-1.6.1.jar;C:\Users\dpurszke\.m2\repository\org\hibernate\hibernate-commons-annotations\3.2.0.Final\hibernate-commons-annotations-3.2.0.Final.jar;C:\Users\dpurszke\.m2\repository\javax\transaction\jta\1.1\jta-1.1.jar;C:\Users\dpurszke\.m2\repository\joda-time\joda-time-hibernate\1.3\joda-time-hibernate-1.3.jar;C:\Users\dpurszke\.m2\repository\joda-time\joda-time\2.9.1\joda-time-2.9.1.jar;C:\Users\dpurszke\.m2\repository\org\hibernate\javax\persistence\hibernate-jpa-2.1-api\1.0.0.Final\hibernate-jpa-2.1-api-1.0.0.Final.jar;C:\Users\dpurszke\.m2\repository\org\hibernate\hibernate-entitymanager\3.5.6-Final\hibernate-entitymanager-3.5.6-Final.jar;C:\Users\dpurszke\.m2\repository\org\hibernate\hibernate-annotations\3.5.6-Final\hibernate-annotations-3.5.6-Final.jar;C:\Users\dpurszke\.m2\repository\cglib\cglib\2.2\cglib-2.2.jar;C:\Users\dpurszke\.m2\repository\asm\asm\3.1\asm-3.1.jar;C:\Users\dpurszke\.m2\repository\javassist\javassist\3.9.0.GA\javassist-3.9.0.GA.jar;C:\Users\dpurszke\.m2\repository\org\hibernate\javax\persistence\hibernate-jpa-2.0-api\1.0.0.Final\hibernate-jpa-2.0-api-1.0.0.Final.jar;C:\Users\dpurszke\.m2\repository\org\springframework\spring-aop\4.1.6.RELEASE\spring-aop-4.1.6.RELEASE.jar;C:\Users\dpurszke\.m2\repository\aopalliance\aopalliance\1.0\aopalliance-1.0.jar;C:\Users\dpurszke\.m2\repository\org\springframework\spring-beans\4.1.6.RELEASE\spring-beans-4.1.6.RELEASE.jar;C:\Users\dpurszke\.m2\repository\org\springframework\spring-context-support\4.1.6.RELEASE\spring-context-support-4.1.6.RELEASE.jar;C:\Users\dpurszke\.m2\repository\org\springframework\spring-context\4.1.6.RELEASE\spring-context-4.1.6.RELEASE.jar;C:\Users\dpurszke\.m2\repository\org\springframework\spring-expression\4.1.6.RELEASE\spring-expression-4.1.6.RELEASE.jar;C:\Users\dpurszke\.m2\repository\org\springframework\spring-core\4.1.6.RELEASE\spring-core-4.1.6.RELEASE.jar;C:\Users\dpurszke\.m2\repository\commons-logging\commons-logging\1.2\commons-logging-1.2.jar;C:\Users\dpurszke\.m2\repository\org\slf4j\slf4j-api\1.7.10\slf4j-api-1.7.10.jar;C:\Users\dpurszke\.m2\repository\ch\qos\logback\logback-classic\1.1.2\logback-classic-1.1.2.jar;C:\Users\dpurszke\.m2\repository\ch\qos\logback\logback-core\1.1.2\logback-core-1.1.2.jar;C:\Users\dpurszke\.m2\repository\net\logstash\logback\logstash-logback-encoder\4.2\logstash-logback-encoder-4.2.jar;C:\Users\dpurszke\.m2\repository\com\fasterxml\jackson\core\jackson-databind\2.4.0\jackson-databind-2.4.0.jar;C:\Users\dpurszke\.m2\repository\com\fasterxml\jackson\core\jackson-annotations\2.4.0\jackson-annotations-2.4.0.jar;C:\Users\dpurszke\.m2\repository\com\fasterxml\jackson\core\jackson-core\2.4.0\jackson-core-2.4.0.jar;C:\Users\dpurszke\.m2\repository\junit\junit\4.12\junit-4.12.jar;C:\Users\dpurszke\.m2\repository\org\hamcrest\hamcrest-core\1.3\hamcrest-core-1.3.jar;C:\Users\dpurszke\.m2\repository\org\springframework\spring-test\4.1.6.RELEASE\spring-test-4.1.6.RELEASE.jar;, java.io.tmpdir=C:\Users\dpurszke\AppData\Local\Temp\, java.vendor.url.bug=http://bugreport.sun.com/bugreport/, javax.persistence.sharedCache.mode=UNSPECIFIED, os.arch=amd64, java.awt.graphicsenv=sun.awt.Win32GraphicsEnvironment, java.ext.dirs=C:\Program Files\Java\jdk1.7.0_45\jre\lib\ext;C:\WINDOWS\Sun\Java\lib\ext, user.dir=C:\Users\dpurszke\Desktop\workspace\stock-game\stock-game-service, line.separator=
, java.vm.name=Java HotSpot(TM) 64-Bit Server VM, basedir=C:\Users\dpurszke\Desktop\workspace\stock-game\stock-game-service, file.encoding=UTF-8, hibernate.use_identifier_rollback=false, java.specification.version=1.7, hibernate.show_sql=true}
17:18:24.415 [main] DEBUG o.h.i.f.DefaultIdentifierGeneratorFactory - Setting dialect [org.hibernate.dialect.HSQLDialect]
17:18:24.416 [main] DEBUG o.h.i.f.DefaultIdentifierGeneratorFactory - Setting dialect [org.hibernate.dialect.HSQLDialect]
17:18:24.492 [main] DEBUG o.h.p.entity.AbstractEntityPersister - Static SQL for entity: pl.dominika.entity.CompanyEntity
17:18:24.492 [main] DEBUG o.h.p.entity.AbstractEntityPersister -  Version select: select id from company where id =?
17:18:24.492 [main] DEBUG o.h.p.entity.AbstractEntityPersister -  Snapshot select: select companyent_.id, companyent_.name as name0_ from company companyent_ where companyent_.id=?
17:18:24.492 [main] DEBUG o.h.p.entity.AbstractEntityPersister -  Insert 0: insert into company (name, id) values (?, ?)
17:18:24.492 [main] DEBUG o.h.p.entity.AbstractEntityPersister -  Update 0: update company set name=? where id=?
17:18:24.492 [main] DEBUG o.h.p.entity.AbstractEntityPersister -  Delete 0: delete from company where id=?
17:18:24.492 [main] DEBUG o.h.p.entity.AbstractEntityPersister -  Identity insert: insert into company (id, name) values (default, ?)
17:18:24.496 [main] DEBUG o.h.p.entity.AbstractEntityPersister - Static SQL for entity: pl.dominika.entity.DataPriceEntity
17:18:24.496 [main] DEBUG o.h.p.entity.AbstractEntityPersister -  Version select: select id from data_price where id =?
17:18:24.496 [main] DEBUG o.h.p.entity.AbstractEntityPersister -  Snapshot select: select datapricee_.id, datapricee_.company_id as company4_1_, datapricee_.date as date1_, datapricee_.price as price1_ from data_price datapricee_ where datapricee_.id=?
17:18:24.496 [main] DEBUG o.h.p.entity.AbstractEntityPersister -  Insert 0: insert into data_price (company_id, date, price, id) values (?, ?, ?, ?)
17:18:24.496 [main] DEBUG o.h.p.entity.AbstractEntityPersister -  Update 0: update data_price set company_id=?, date=?, price=? where id=?
17:18:24.496 [main] DEBUG o.h.p.entity.AbstractEntityPersister -  Delete 0: delete from data_price where id=?
17:18:24.496 [main] DEBUG o.h.p.entity.AbstractEntityPersister -  Identity insert: insert into data_price (id, company_id, date, price) values (default, ?, ?, ?)
17:18:24.502 [main] DEBUG o.h.p.c.AbstractCollectionPersister - Static SQL for collection: pl.dominika.entity.CompanyEntity.datesAndPrices
17:18:24.502 [main] DEBUG o.h.p.c.AbstractCollectionPersister -  Row insert: update data_price set company_id=? where id=?
17:18:24.502 [main] DEBUG o.h.p.c.AbstractCollectionPersister -  Row delete: update data_price set company_id=null where company_id=? and id=?
17:18:24.502 [main] DEBUG o.h.p.c.AbstractCollectionPersister -  One-shot delete: update data_price set company_id=null where company_id=?
17:18:24.518 [main] DEBUG o.h.loader.entity.EntityLoader - Static select for entity pl.dominika.entity.CompanyEntity [NONE]: select companyent0_.id as id0_0_, companyent0_.name as name0_0_ from company companyent0_ where companyent0_.id=?
17:18:24.518 [main] DEBUG o.h.loader.entity.EntityLoader - Static select for entity pl.dominika.entity.CompanyEntity [READ]: select companyent0_.id as id0_0_, companyent0_.name as name0_0_ from company companyent0_ where companyent0_.id=?
17:18:24.518 [main] DEBUG o.h.loader.entity.EntityLoader - Static select for entity pl.dominika.entity.CompanyEntity [UPGRADE]: select companyent0_.id as id0_0_, companyent0_.name as name0_0_ from company companyent0_ where companyent0_.id=?
17:18:24.518 [main] DEBUG o.h.loader.entity.EntityLoader - Static select for entity pl.dominika.entity.CompanyEntity [UPGRADE_NOWAIT]: select companyent0_.id as id0_0_, companyent0_.name as name0_0_ from company companyent0_ where companyent0_.id=?
17:18:24.519 [main] DEBUG o.h.loader.entity.EntityLoader - Static select for entity pl.dominika.entity.CompanyEntity [FORCE]: select companyent0_.id as id0_0_, companyent0_.name as name0_0_ from company companyent0_ where companyent0_.id=?
17:18:24.519 [main] DEBUG o.h.loader.entity.EntityLoader - Static select for entity pl.dominika.entity.CompanyEntity [PESSIMISTIC_READ]: select companyent0_.id as id0_0_, companyent0_.name as name0_0_ from company companyent0_ where companyent0_.id=?
17:18:24.519 [main] DEBUG o.h.loader.entity.EntityLoader - Static select for entity pl.dominika.entity.CompanyEntity [PESSIMISTIC_WRITE]: select companyent0_.id as id0_0_, companyent0_.name as name0_0_ from company companyent0_ where companyent0_.id=?
17:18:24.519 [main] DEBUG o.h.loader.entity.EntityLoader - Static select for entity pl.dominika.entity.CompanyEntity [PESSIMISTIC_FORCE_INCREMENT]: select companyent0_.id as id0_0_, companyent0_.name as name0_0_ from company companyent0_ where companyent0_.id=?
17:18:24.519 [main] DEBUG o.h.loader.entity.EntityLoader - Static select for entity pl.dominika.entity.CompanyEntity [OPTIMISTIC]: select companyent0_.id as id0_0_, companyent0_.name as name0_0_ from company companyent0_ where companyent0_.id=?
17:18:24.519 [main] DEBUG o.h.loader.entity.EntityLoader - Static select for entity pl.dominika.entity.CompanyEntity [OPTIMISTIC_FORCE_INCREMENT]: select companyent0_.id as id0_0_, companyent0_.name as name0_0_ from company companyent0_ where companyent0_.id=?
17:18:24.524 [main] DEBUG o.h.loader.entity.EntityLoader - Static select for action ACTION_MERGE on entity pl.dominika.entity.CompanyEntity: select companyent0_.id as id0_0_, companyent0_.name as name0_0_ from company companyent0_ where companyent0_.id=?
17:18:24.525 [main] DEBUG o.h.loader.entity.EntityLoader - Static select for action ACTION_REFRESH on entity pl.dominika.entity.CompanyEntity: select companyent0_.id as id0_0_, companyent0_.name as name0_0_ from company companyent0_ where companyent0_.id=?
17:18:24.528 [main] DEBUG o.h.loader.entity.EntityLoader - Static select for entity pl.dominika.entity.DataPriceEntity [NONE]: select datapricee0_.id as id1_1_, datapricee0_.company_id as company4_1_1_, datapricee0_.date as date1_1_, datapricee0_.price as price1_1_, companyent1_.id as id0_0_, companyent1_.name as name0_0_ from data_price datapricee0_ inner join company companyent1_ on datapricee0_.company_id=companyent1_.id where datapricee0_.id=?
17:18:24.529 [main] DEBUG o.h.loader.entity.EntityLoader - Static select for entity pl.dominika.entity.DataPriceEntity [READ]: select datapricee0_.id as id1_1_, datapricee0_.company_id as company4_1_1_, datapricee0_.date as date1_1_, datapricee0_.price as price1_1_, companyent1_.id as id0_0_, companyent1_.name as name0_0_ from data_price datapricee0_ inner join company companyent1_ on datapricee0_.company_id=companyent1_.id where datapricee0_.id=?
17:18:24.529 [main] DEBUG o.h.loader.entity.EntityLoader - Static select for entity pl.dominika.entity.DataPriceEntity [UPGRADE]: select datapricee0_.id as id1_0_, datapricee0_.company_id as company4_1_0_, datapricee0_.date as date1_0_, datapricee0_.price as price1_0_ from data_price datapricee0_ where datapricee0_.id=?
17:18:24.529 [main] DEBUG o.h.loader.entity.EntityLoader - Static select for entity pl.dominika.entity.DataPriceEntity [UPGRADE_NOWAIT]: select datapricee0_.id as id1_0_, datapricee0_.company_id as company4_1_0_, datapricee0_.date as date1_0_, datapricee0_.price as price1_0_ from data_price datapricee0_ where datapricee0_.id=?
17:18:24.529 [main] DEBUG o.h.loader.entity.EntityLoader - Static select for entity pl.dominika.entity.DataPriceEntity [FORCE]: select datapricee0_.id as id1_0_, datapricee0_.company_id as company4_1_0_, datapricee0_.date as date1_0_, datapricee0_.price as price1_0_ from data_price datapricee0_ where datapricee0_.id=?
17:18:24.529 [main] DEBUG o.h.loader.entity.EntityLoader - Static select for entity pl.dominika.entity.DataPriceEntity [PESSIMISTIC_READ]: select datapricee0_.id as id1_0_, datapricee0_.company_id as company4_1_0_, datapricee0_.date as date1_0_, datapricee0_.price as price1_0_ from data_price datapricee0_ where datapricee0_.id=?
17:18:24.529 [main] DEBUG o.h.loader.entity.EntityLoader - Static select for entity pl.dominika.entity.DataPriceEntity [PESSIMISTIC_WRITE]: select datapricee0_.id as id1_0_, datapricee0_.company_id as company4_1_0_, datapricee0_.date as date1_0_, datapricee0_.price as price1_0_ from data_price datapricee0_ where datapricee0_.id=?
17:18:24.530 [main] DEBUG o.h.loader.entity.EntityLoader - Static select for entity pl.dominika.entity.DataPriceEntity [PESSIMISTIC_FORCE_INCREMENT]: select datapricee0_.id as id1_0_, datapricee0_.company_id as company4_1_0_, datapricee0_.date as date1_0_, datapricee0_.price as price1_0_ from data_price datapricee0_ where datapricee0_.id=?
17:18:24.530 [main] DEBUG o.h.loader.entity.EntityLoader - Static select for entity pl.dominika.entity.DataPriceEntity [OPTIMISTIC]: select datapricee0_.id as id1_1_, datapricee0_.company_id as company4_1_1_, datapricee0_.date as date1_1_, datapricee0_.price as price1_1_, companyent1_.id as id0_0_, companyent1_.name as name0_0_ from data_price datapricee0_ inner join company companyent1_ on datapricee0_.company_id=companyent1_.id where datapricee0_.id=?
17:18:24.530 [main] DEBUG o.h.loader.entity.EntityLoader - Static select for entity pl.dominika.entity.DataPriceEntity [OPTIMISTIC_FORCE_INCREMENT]: select datapricee0_.id as id1_1_, datapricee0_.company_id as company4_1_1_, datapricee0_.date as date1_1_, datapricee0_.price as price1_1_, companyent1_.id as id0_0_, companyent1_.name as name0_0_ from data_price datapricee0_ inner join company companyent1_ on datapricee0_.company_id=companyent1_.id where datapricee0_.id=?
17:18:24.530 [main] DEBUG o.h.loader.entity.EntityLoader - Static select for action ACTION_MERGE on entity pl.dominika.entity.DataPriceEntity: select datapricee0_.id as id1_1_, datapricee0_.company_id as company4_1_1_, datapricee0_.date as date1_1_, datapricee0_.price as price1_1_, companyent1_.id as id0_0_, companyent1_.name as name0_0_ from data_price datapricee0_ inner join company companyent1_ on datapricee0_.company_id=companyent1_.id where datapricee0_.id=?
17:18:24.530 [main] DEBUG o.h.loader.entity.EntityLoader - Static select for action ACTION_REFRESH on entity pl.dominika.entity.DataPriceEntity: select datapricee0_.id as id1_1_, datapricee0_.company_id as company4_1_1_, datapricee0_.date as date1_1_, datapricee0_.price as price1_1_, companyent1_.id as id0_0_, companyent1_.name as name0_0_ from data_price datapricee0_ inner join company companyent1_ on datapricee0_.company_id=companyent1_.id where datapricee0_.id=?
17:18:24.534 [main] DEBUG o.h.l.collection.OneToManyLoader - Static select for one-to-many pl.dominika.entity.CompanyEntity.datesAndPrices: select datesandpr0_.company_id as company4_0_1_, datesandpr0_.id as id1_, datesandpr0_.id as id1_0_, datesandpr0_.company_id as company4_1_0_, datesandpr0_.date as date1_0_, datesandpr0_.price as price1_0_ from data_price datesandpr0_ where datesandpr0_.company_id=?
17:18:24.565 [main] DEBUG o.h.impl.SessionFactoryObjectFactory - initializing class SessionFactoryObjectFactory
17:18:24.565 [main] DEBUG o.h.impl.SessionFactoryObjectFactory - registered: 34f01065-63ad-4796-b4e7-926069d92079 (unnamed)
17:18:24.565 [main] INFO  o.h.impl.SessionFactoryObjectFactory - Not binding factory to JNDI, no JNDI name configured
17:18:24.565 [main] DEBUG o.hibernate.impl.SessionFactoryImpl - instantiated session factory
17:18:24.569 [main] DEBUG org.hibernate.cfg.Configuration - Processing hbm.xml files
17:18:24.570 [main] DEBUG org.hibernate.cfg.Configuration - Process annotated classes
17:18:24.570 [main] DEBUG org.hibernate.cfg.Configuration - processing fk mappings (*ToOne and JoinedSubclass)
17:18:24.570 [main] DEBUG org.hibernate.cfg.Configuration - processing extends queue
17:18:24.570 [main] DEBUG org.hibernate.cfg.Configuration - processing extends queue
17:18:24.570 [main] DEBUG org.hibernate.cfg.Configuration - processing collection mappings
17:18:24.570 [main] DEBUG org.hibernate.cfg.Configuration - processing native query and ResultSetMapping mappings
17:18:24.570 [main] DEBUG org.hibernate.cfg.Configuration - processing association property references
17:18:24.570 [main] DEBUG org.hibernate.cfg.Configuration - processing foreign key constraints
17:18:24.570 [main] DEBUG org.hibernate.cfg.Configuration - resolving reference to class: pl.dominika.entity.CompanyEntity
17:18:24.571 [main] DEBUG o.h.i.f.DefaultIdentifierGeneratorFactory - Setting dialect [org.hibernate.dialect.HSQLDialect]
17:18:24.571 [main] DEBUG o.h.i.f.DefaultIdentifierGeneratorFactory - Setting dialect [org.hibernate.dialect.HSQLDialect]
17:18:24.572 [main] DEBUG org.hibernate.cfg.Configuration - Processing hbm.xml files
17:18:24.572 [main] DEBUG org.hibernate.cfg.Configuration - Process annotated classes
17:18:24.572 [main] DEBUG org.hibernate.cfg.Configuration - processing fk mappings (*ToOne and JoinedSubclass)
17:18:24.572 [main] DEBUG org.hibernate.cfg.Configuration - processing extends queue
17:18:24.572 [main] DEBUG org.hibernate.cfg.Configuration - processing extends queue
17:18:24.572 [main] DEBUG org.hibernate.cfg.Configuration - processing collection mappings
17:18:24.572 [main] DEBUG org.hibernate.cfg.Configuration - processing native query and ResultSetMapping mappings
17:18:24.572 [main] DEBUG org.hibernate.cfg.Configuration - processing association property references
17:18:24.572 [main] DEBUG org.hibernate.cfg.Configuration - processing foreign key constraints
17:18:24.572 [main] DEBUG org.hibernate.cfg.Configuration - resolving reference to class: pl.dominika.entity.CompanyEntity
17:18:24.573 [main] DEBUG o.h.i.f.DefaultIdentifierGeneratorFactory - Setting dialect [org.hibernate.dialect.HSQLDialect]
17:18:24.574 [main] DEBUG o.h.i.f.DefaultIdentifierGeneratorFactory - Setting dialect [org.hibernate.dialect.HSQLDialect]
17:18:24.574 [main] DEBUG o.h.i.f.DefaultIdentifierGeneratorFactory - Setting dialect [org.hibernate.dialect.HSQLDialect]
17:18:24.574 [main] DEBUG o.h.i.f.DefaultIdentifierGeneratorFactory - Setting dialect [org.hibernate.dialect.HSQLDialect]
17:18:24.578 [main] INFO  o.h.tool.hbm2ddl.SchemaExport - Running hbm2ddl schema export
17:18:24.578 [main] DEBUG o.h.tool.hbm2ddl.SchemaExport - import file not found: /import.sql
17:18:24.579 [main] INFO  o.h.tool.hbm2ddl.SchemaExport - exporting generated schema to database
17:18:24.579 [main] DEBUG o.s.j.d.SimpleDriverDataSource - Creating new JDBC Driver Connection to [jdbc:hsqldb:mem:dataSource]
17:18:24.579 [main] DEBUG o.h.tool.hbm2ddl.SchemaExport - 
    alter table data_price 
        drop constraint FK605F1C74F76C4B76
17:18:24.581 [main] DEBUG o.h.tool.hbm2ddl.SchemaExport - Unsuccessful: alter table data_price drop constraint FK605F1C74F76C4B76
17:18:24.582 [main] DEBUG o.h.tool.hbm2ddl.SchemaExport - user lacks privilege or object not found: PUBLIC.DATA_PRICE
17:18:24.582 [main] DEBUG o.h.tool.hbm2ddl.SchemaExport - 
    drop table company if exists
17:18:24.582 [main] DEBUG o.h.tool.hbm2ddl.SchemaExport - 
    drop table data_price if exists
17:18:24.582 [main] DEBUG o.h.tool.hbm2ddl.SchemaExport - 
    create table company (
        id bigint generated by default as identity (start with 1),
        name varchar(50) not null,
        primary key (id)
    )
17:18:24.583 [main] DEBUG o.h.tool.hbm2ddl.SchemaExport - 
    create table data_price (
        id bigint generated by default as identity (start with 1),
        date date,
        price double not null,
        company_id bigint not null,
        primary key (id)
    )
17:18:24.584 [main] DEBUG o.h.tool.hbm2ddl.SchemaExport - 
    alter table data_price 
        add constraint FK605F1C74F76C4B76 
        foreign key (company_id) 
        references company
17:18:24.585 [main] INFO  o.h.tool.hbm2ddl.SchemaExport - schema export complete
17:18:24.588 [main] DEBUG o.hibernate.impl.SessionFactoryImpl - Checking 0 named HQL queries
17:18:24.588 [main] DEBUG o.hibernate.impl.SessionFactoryImpl - Checking 0 named SQL queries
17:18:24.640 [main] DEBUG o.s.b.f.s.DefaultListableBeanFactory - Returning cached instance of singleton bean 'org.springframework.transaction.config.internalTransactionAdvisor'
17:18:24.644 [main] DEBUG o.s.b.f.s.DefaultListableBeanFactory - Finished creating instance of bean 'entityManagerFactory'
17:18:24.644 [main] DEBUG o.s.b.f.s.DefaultListableBeanFactory - Returning cached instance of singleton bean 'org.springframework.transaction.config.internalTransactionAdvisor'
17:18:24.649 [main] DEBUG o.s.b.f.s.DefaultListableBeanFactory - Invoking afterPropertiesSet() on bean with name 'transactionManager'
17:18:24.651 [main] DEBUG o.s.b.f.s.DefaultListableBeanFactory - Finished creating instance of bean 'transactionManager'
17:18:24.651 [main] DEBUG o.s.b.f.s.DefaultListableBeanFactory - Pre-instantiating singletons in org.springframework.beans.factory.support.DefaultListableBeanFactory@10786bdf: defining beans [jpaProps,dataSource,org.springframework.data.jpa.repository.config.JpaRepositoryConfigExtension#0,org.springframework.data.repository.core.support.RepositoryInterfaceAwareBeanPostProcessor,foo,jpaMappingContext,org.springframework.context.annotation.internalPersistenceAnnotationProcessor,dataPriceRepository,companyRepository,calendarImpl,investor,stockBroker,stockBrokerImpl,walletImpl,org.springframework.context.annotation.internalConfigurationAnnotationProcessor,org.springframework.context.annotation.internalAutowiredAnnotationProcessor,org.springframework.context.annotation.internalRequiredAnnotationProcessor,org.springframework.context.annotation.internalCommonAnnotationProcessor,org.springframework.aop.config.internalAutoProxyCreator,org.springframework.transaction.annotation.AnnotationTransactionAttributeSource#0,org.springframework.transaction.interceptor.TransactionInterceptor#0,org.springframework.transaction.config.internalTransactionAdvisor,transactionManager,entityManagerFactory,org.springframework.context.annotation.ConfigurationClassPostProcessor.importAwareProcessor,org.springframework.context.annotation.ConfigurationClassPostProcessor.enhancedConfigurationProcessor,org.springframework.orm.jpa.SharedEntityManagerCreator#0]; root of factory hierarchy
17:18:24.651 [main] DEBUG o.s.b.f.s.DefaultListableBeanFactory - Returning cached instance of singleton bean 'jpaProps'
17:18:24.652 [main] DEBUG o.s.b.f.s.DefaultListableBeanFactory - Returning cached instance of singleton bean 'dataSource'
17:18:24.652 [main] DEBUG o.s.b.f.s.DefaultListableBeanFactory - Returning cached instance of singleton bean 'org.springframework.data.repository.core.support.RepositoryInterfaceAwareBeanPostProcessor'
17:18:24.652 [main] DEBUG o.s.b.f.s.DefaultListableBeanFactory - Returning cached instance of singleton bean 'foo'
17:18:24.652 [main] DEBUG o.s.b.f.s.DefaultListableBeanFactory - Creating shared instance of singleton bean 'jpaMappingContext'
17:18:24.652 [main] DEBUG o.s.b.f.s.DefaultListableBeanFactory - Creating instance of bean 'jpaMappingContext'
17:18:24.654 [main] DEBUG o.s.b.f.s.DefaultListableBeanFactory - Eagerly caching bean 'jpaMappingContext' to allow for resolving potential circular references
17:18:24.660 [main] DEBUG o.s.b.f.s.DefaultListableBeanFactory - Invoking afterPropertiesSet() on bean with name 'jpaMappingContext'
17:18:24.661 [main] DEBUG o.s.b.f.s.DefaultListableBeanFactory - Returning cached instance of singleton bean 'org.springframework.transaction.config.internalTransactionAdvisor'
17:18:24.662 [main] DEBUG o.s.b.f.s.DefaultListableBeanFactory - Returning eagerly cached instance of singleton bean 'jpaMappingContext' that is not fully initialized yet - a consequence of a circular reference
17:18:24.663 [main] DEBUG o.s.b.f.s.DefaultListableBeanFactory - Returning cached instance of singleton bean 'entityManagerFactory'
17:18:24.688 [main] DEBUG o.s.b.f.s.DefaultListableBeanFactory - Finished creating instance of bean 'jpaMappingContext'
17:18:24.688 [main] DEBUG o.s.b.f.s.DefaultListableBeanFactory - Returning cached instance of singleton bean 'org.springframework.context.annotation.internalPersistenceAnnotationProcessor'
17:18:24.688 [main] DEBUG o.s.b.f.s.DefaultListableBeanFactory - Creating shared instance of singleton bean 'dataPriceRepository'
17:18:24.688 [main] DEBUG o.s.b.f.s.DefaultListableBeanFactory - Creating instance of bean 'dataPriceRepository'
17:18:24.712 [main] DEBUG o.s.b.f.annotation.InjectionMetadata - Registered injected element on class [org.springframework.data.jpa.repository.support.JpaRepositoryFactoryBean]: PersistenceElement for public void org.springframework.data.jpa.repository.support.JpaRepositoryFactoryBean.setEntityManager(javax.persistence.EntityManager)
17:18:24.714 [main] DEBUG o.s.b.f.s.DefaultListableBeanFactory - Eagerly caching bean 'dataPriceRepository' to allow for resolving potential circular references
17:18:24.715 [main] DEBUG o.s.b.f.annotation.InjectionMetadata - Processing injected element of bean 'dataPriceRepository': PersistenceElement for public void org.springframework.data.jpa.repository.support.JpaRepositoryFactoryBean.setEntityManager(javax.persistence.EntityManager)
17:18:24.717 [main] DEBUG o.s.b.f.s.DefaultListableBeanFactory - Creating instance of bean '(inner bean)#696c38ad'
17:18:24.720 [main] DEBUG o.s.b.f.s.DefaultListableBeanFactory - Creating instance of bean '(inner bean)#78cbe299'
17:18:24.722 [main] DEBUG o.s.b.f.s.DefaultListableBeanFactory - Invoking afterPropertiesSet() on bean with name '(inner bean)#78cbe299'
17:18:24.722 [main] DEBUG o.s.b.f.s.DefaultListableBeanFactory - Returning cached instance of singleton bean 'org.springframework.transaction.config.internalTransactionAdvisor'
17:18:24.722 [main] DEBUG o.s.b.f.s.DefaultListableBeanFactory - Finished creating instance of bean '(inner bean)#78cbe299'
17:18:24.723 [main] DEBUG o.s.b.f.s.DefaultListableBeanFactory - Returning cached instance of singleton bean 'org.springframework.transaction.config.internalTransactionAdvisor'
17:18:24.729 [main] DEBUG o.s.b.f.s.DefaultListableBeanFactory - Returning cached instance of singleton bean 'org.springframework.transaction.config.internalTransactionAdvisor'
17:18:24.730 [main] DEBUG o.s.b.f.s.DefaultListableBeanFactory - Finished creating instance of bean '(inner bean)#696c38ad'
17:18:24.731 [main] DEBUG o.s.b.f.s.DefaultListableBeanFactory - Creating instance of bean '(inner bean)#360eeb79'
17:18:24.737 [main] DEBUG o.s.b.f.s.DefaultListableBeanFactory - Returning cached instance of singleton bean 'org.springframework.transaction.config.internalTransactionAdvisor'
17:18:24.738 [main] DEBUG o.s.b.f.s.DefaultListableBeanFactory - Finished creating instance of bean '(inner bean)#360eeb79'
17:18:24.739 [main] DEBUG o.s.b.f.s.DefaultListableBeanFactory - Creating instance of bean '(inner bean)#718af5e5'
17:18:24.740 [main] DEBUG o.s.b.f.s.DefaultListableBeanFactory - Returning cached instance of singleton bean 'entityManagerFactory'
17:18:24.761 [main] DEBUG o.s.b.f.s.DefaultListableBeanFactory - Returning cached instance of singleton bean 'org.springframework.transaction.config.internalTransactionAdvisor'
17:18:24.768 [main] DEBUG o.s.b.f.s.DefaultListableBeanFactory - Finished creating instance of bean '(inner bean)#718af5e5'
17:18:24.769 [main] DEBUG o.s.b.f.s.DefaultListableBeanFactory - Returning cached instance of singleton bean 'jpaMappingContext'
17:18:24.769 [main] DEBUG o.s.b.f.s.DefaultListableBeanFactory - Returning cached instance of singleton bean 'org.springframework.transaction.config.internalTransactionAdvisor'
17:18:24.776 [main] DEBUG o.s.b.f.s.DefaultListableBeanFactory - Invoking afterPropertiesSet() on bean with name 'dataPriceRepository'
17:18:24.794 [main] DEBUG o.s.o.j.SharedEntityManagerCreator$SharedEntityManagerInvocationHandler - Creating new EntityManager for shared EntityManager invocation
17:18:24.841 [main] DEBUG org.hibernate.impl.SessionImpl - opened session at timestamp: 14492459048
17:18:24.846 [main] DEBUG o.s.o.jpa.EntityManagerFactoryUtils - Closing JPA EntityManager
17:18:24.849 [main] DEBUG o.s.o.j.SharedEntityManagerCreator$SharedEntityManagerInvocationHandler - Creating new EntityManager for shared EntityManager invocation
17:18:24.850 [main] DEBUG org.hibernate.impl.SessionImpl - opened session at timestamp: 14492459048
17:18:24.850 [main] DEBUG o.s.o.jpa.EntityManagerFactoryUtils - Closing JPA EntityManager
17:18:24.879 [main] DEBUG o.s.o.j.SharedEntityManagerCreator$SharedEntityManagerInvocationHandler - Creating new EntityManager for shared EntityManager invocation
17:18:24.880 [main] DEBUG org.hibernate.impl.SessionImpl - opened session at timestamp: 14492459048
17:18:24.880 [main] DEBUG o.s.o.jpa.EntityManagerFactoryUtils - Closing JPA EntityManager
17:18:24.881 [main] DEBUG o.s.o.j.SharedEntityManagerCreator$SharedEntityManagerInvocationHandler - Creating new EntityManager for shared EntityManager invocation
17:18:24.881 [main] DEBUG org.hibernate.impl.SessionImpl - opened session at timestamp: 14492459048
17:18:24.882 [main] DEBUG o.s.o.jpa.EntityManagerFactoryUtils - Closing JPA EntityManager
17:18:24.890 [main] DEBUG o.s.aop.framework.JdkDynamicAopProxy - Creating JDK dynamic proxy: target source is org.springframework.data.jpa.repository.support.CrudMethodMetadataPostProcessor$ThreadBoundTargetSource@30b6c3c3
17:18:24.925 [main] DEBUG o.s.d.j.r.query.JpaQueryFactory - Looking up query for method findDataPricebyDate
17:18:24.941 [main] DEBUG org.hibernate.impl.SessionImpl - opened session at timestamp: 14492459049
17:18:24.998 [main] DEBUG o.h.hql.ast.QueryTranslatorImpl - parse() - HQL: select dataPrice from pl.dominika.entity.DataPriceEntity dataPrice where dataPrice.date=:date
17:18:25.013 [main] DEBUG org.hibernate.hql.ast.AST - --- HQL AST ---
 \-[QUERY] Node: 'query'
    +-[SELECT_FROM] Node: 'SELECT_FROM'
    |  +-[FROM] Node: 'from'
    |  |  \-[RANGE] Node: 'RANGE'
    |  |     +-[DOT] Node: '.'
    |  |     |  +-[DOT] Node: '.'
    |  |     |  |  +-[DOT] Node: '.'
    |  |     |  |  |  +-[IDENT] Node: 'pl'
    |  |     |  |  |  \-[IDENT] Node: 'dominika'
    |  |     |  |  \-[IDENT] Node: 'entity'
    |  |     |  \-[IDENT] Node: 'DataPriceEntity'
    |  |     \-[ALIAS] Node: 'dataPrice'
    |  \-[SELECT] Node: 'select'
    |     \-[IDENT] Node: 'dataPrice'
    \-[WHERE] Node: 'where'
       \-[EQ] Node: '='
          +-[DOT] Node: '.'
          |  +-[IDENT] Node: 'dataPrice'
          |  \-[IDENT] Node: 'date'
          \-[COLON] Node: ':'
             \-[IDENT] Node: 'date'

17:18:25.013 [main] DEBUG org.hibernate.hql.ast.ErrorCounter - throwQueryException() : no errors
17:18:25.044 [main] DEBUG o.h.hql.antlr.HqlSqlBaseWalker - select << begin [level=1, statement=select]
17:18:25.060 [main] DEBUG o.hibernate.hql.ast.tree.FromElement - FromClause{level=1} :  pl.dominika.entity.DataPriceEntity (dataPrice) -> datapricee0_
17:18:25.061 [main] DEBUG o.h.hql.ast.tree.FromReferenceNode - Resolved :  dataPrice -> datapricee0_.id
17:18:25.066 [main] DEBUG o.h.hql.ast.tree.FromReferenceNode - Resolved :  dataPrice -> datapricee0_.id
17:18:25.069 [main] DEBUG org.hibernate.hql.ast.tree.DotNode - getDataType() : date -> org.hibernate.type.CustomType@369fb2ed
17:18:25.070 [main] DEBUG o.h.hql.ast.tree.FromReferenceNode - Resolved :  dataPrice.date -> datapricee0_.date
17:18:25.074 [main] DEBUG o.h.hql.antlr.HqlSqlBaseWalker - select : finishing up [level=1, statement=select]
17:18:25.074 [main] DEBUG org.hibernate.hql.ast.HqlSqlWalker - processQuery() :  ( SELECT ( {select clause} datapricee0_.id ) ( FromClause{level=1} data_price datapricee0_ ) ( where ( = ( datapricee0_.date datapricee0_.id date ) ? ) ) )
17:18:25.085 [main] DEBUG o.h.hql.ast.util.JoinProcessor - Using FROM fragment [data_price datapricee0_]
17:18:25.085 [main] DEBUG o.h.hql.antlr.HqlSqlBaseWalker - select >> end [level=1, statement=select]
17:18:25.086 [main] DEBUG org.hibernate.hql.ast.AST - --- SQL AST ---
 \-[SELECT] QueryNode: 'SELECT'  querySpaces (data_price)
    +-[SELECT_CLAUSE] SelectClause: '{select clause}'
    |  +-[ALIAS_REF] IdentNode: 'datapricee0_.id as id1_' {alias=dataPrice, className=pl.dominika.entity.DataPriceEntity, tableAlias=datapricee0_}
    |  \-[SQL_TOKEN] SqlFragment: 'datapricee0_.company_id as company4_1_, datapricee0_.date as date1_, datapricee0_.price as price1_'
    +-[FROM] FromClause: 'from' FromClause{level=1, fromElementCounter=1, fromElements=1, fromElementByClassAlias=[dataPrice], fromElementByTableAlias=[datapricee0_], fromElementsByPath=[], collectionJoinFromElementsByPath=[], impliedElements=[]}
    |  \-[FROM_FRAGMENT] FromElement: 'data_price datapricee0_' FromElement{explicit,not a collection join,not a fetch join,fetch non-lazy properties,classAlias=dataPrice,role=null,tableName=data_price,tableAlias=datapricee0_,origin=null,columns={,className=pl.dominika.entity.DataPriceEntity}}
    \-[WHERE] SqlNode: 'where'
       \-[EQ] BinaryLogicOperatorNode: '='
          +-[DOT] DotNode: 'datapricee0_.date' {propertyName=date,dereferenceType=ALL,propertyPath=date,path=dataPrice.date,tableAlias=datapricee0_,className=pl.dominika.entity.DataPriceEntity,classAlias=dataPrice}
          |  +-[ALIAS_REF] IdentNode: 'datapricee0_.id' {alias=dataPrice, className=pl.dominika.entity.DataPriceEntity, tableAlias=datapricee0_}
          |  \-[IDENT] IdentNode: 'date' {originalText=date}
          \-[NAMED_PARAM] ParameterNode: '?' {name=date, expectedType=org.hibernate.type.CustomType@369fb2ed}

17:18:25.086 [main] DEBUG org.hibernate.hql.ast.ErrorCounter - throwQueryException() : no errors
17:18:25.099 [main] DEBUG o.h.hql.ast.QueryTranslatorImpl - HQL: select dataPrice from pl.dominika.entity.DataPriceEntity dataPrice where dataPrice.date=:date
17:18:25.099 [main] DEBUG o.h.hql.ast.QueryTranslatorImpl - SQL: select datapricee0_.id as id1_, datapricee0_.company_id as company4_1_, datapricee0_.date as date1_, datapricee0_.price as price1_ from data_price datapricee0_ where datapricee0_.date=?
17:18:25.099 [main] DEBUG org.hibernate.hql.ast.ErrorCounter - throwQueryException() : no errors
17:18:25.122 [main] DEBUG o.s.d.j.r.query.JpaQueryFactory - Looking up query for method findCurrentPrice
17:18:25.124 [main] DEBUG org.hibernate.impl.SessionImpl - opened session at timestamp: 14492459051
17:18:25.126 [main] DEBUG o.h.hql.ast.QueryTranslatorImpl - parse() - HQL: select dataPrice.price from pl.dominika.entity.DataPriceEntity dataPrice join dataPrice.company company where dataPrice.date=:date and company.name = :company
17:18:25.133 [main] DEBUG org.hibernate.hql.ast.AST - --- HQL AST ---
 \-[QUERY] Node: 'query'
    +-[SELECT_FROM] Node: 'SELECT_FROM'
    |  +-[FROM] Node: 'from'
    |  |  +-[RANGE] Node: 'RANGE'
    |  |  |  +-[DOT] Node: '.'
    |  |  |  |  +-[DOT] Node: '.'
    |  |  |  |  |  +-[DOT] Node: '.'
    |  |  |  |  |  |  +-[IDENT] Node: 'pl'
    |  |  |  |  |  |  \-[IDENT] Node: 'dominika'
    |  |  |  |  |  \-[IDENT] Node: 'entity'
    |  |  |  |  \-[IDENT] Node: 'DataPriceEntity'
    |  |  |  \-[ALIAS] Node: 'dataPrice'
    |  |  \-[JOIN] Node: 'join'
    |  |     +-[DOT] Node: '.'
    |  |     |  +-[IDENT] Node: 'dataPrice'
    |  |     |  \-[IDENT] Node: 'company'
    |  |     \-[ALIAS] Node: 'company'
    |  \-[SELECT] Node: 'select'
    |     \-[DOT] Node: '.'
    |        +-[IDENT] Node: 'dataPrice'
    |        \-[IDENT] Node: 'price'
    \-[WHERE] Node: 'where'
       \-[AND] Node: 'and'
          +-[EQ] Node: '='
          |  +-[DOT] Node: '.'
          |  |  +-[IDENT] Node: 'dataPrice'
          |  |  \-[IDENT] Node: 'date'
          |  \-[COLON] Node: ':'
          |     \-[IDENT] Node: 'date'
          \-[EQ] Node: '='
             +-[DOT] Node: '.'
             |  +-[IDENT] Node: 'company'
             |  \-[IDENT] Node: 'name'
             \-[COLON] Node: ':'
                \-[IDENT] Node: 'company'

17:18:25.133 [main] DEBUG org.hibernate.hql.ast.ErrorCounter - throwQueryException() : no errors
17:18:25.134 [main] DEBUG o.h.hql.antlr.HqlSqlBaseWalker - select << begin [level=1, statement=select]
17:18:25.134 [main] DEBUG o.hibernate.hql.ast.tree.FromElement - FromClause{level=1} :  pl.dominika.entity.DataPriceEntity (dataPrice) -> datapricee0_
17:18:25.135 [main] DEBUG o.h.hql.ast.tree.FromReferenceNode - Resolved :  dataPrice -> datapricee0_.id
17:18:25.135 [main] DEBUG org.hibernate.hql.ast.tree.DotNode - getDataType() : company -> org.hibernate.type.ManyToOneType(pl.dominika.entity.CompanyEntity)
17:18:25.135 [main] DEBUG org.hibernate.hql.ast.tree.DotNode - dereferenceEntityJoin() : generating join for company in pl.dominika.entity.DataPriceEntity (company) parent = [ {null} ]
17:18:25.137 [main] DEBUG o.hibernate.hql.ast.tree.FromElement - FromClause{level=1} :  pl.dominika.entity.CompanyEntity (company) -> companyent1_
17:18:25.137 [main] DEBUG o.hibernate.hql.ast.tree.FromClause - addJoinByPathMap() : dataPrice.company -> FromElement{explicit,not a collection join,not a fetch join,fetch non-lazy properties,classAlias=company,role=null,tableName=company,tableAlias=companyent1_,origin=data_price datapricee0_,columns={datapricee0_.company_id ,className=pl.dominika.entity.CompanyEntity}}
17:18:25.138 [main] DEBUG o.h.hql.ast.tree.FromReferenceNode - Resolved :  dataPrice.company -> datapricee0_.company_id
17:18:25.138 [main] DEBUG org.hibernate.hql.ast.HqlSqlWalker - createFromJoinElement() : -- join tree --
 \-[JOIN_FRAGMENT] FromElement: 'company companyent1_' FromElement{explicit,not a collection join,not a fetch join,fetch non-lazy properties,classAlias=company,role=null,tableName=company,tableAlias=companyent1_,origin=data_price datapricee0_,columns={datapricee0_.company_id ,className=pl.dominika.entity.CompanyEntity}}

17:18:25.138 [main] DEBUG o.h.hql.ast.tree.FromReferenceNode - Resolved :  dataPrice -> datapricee0_.id
17:18:25.139 [main] DEBUG org.hibernate.hql.ast.tree.DotNode - getDataType() : price -> org.hibernate.type.DoubleType@a037ad8
17:18:25.139 [main] DEBUG o.h.hql.ast.tree.FromReferenceNode - Resolved :  dataPrice.price -> datapricee0_.price
17:18:25.140 [main] DEBUG o.h.hql.ast.tree.FromReferenceNode - Resolved :  dataPrice -> datapricee0_.id
17:18:25.140 [main] DEBUG org.hibernate.hql.ast.tree.DotNode - getDataType() : date -> org.hibernate.type.CustomType@369fb2ed
17:18:25.140 [main] DEBUG o.h.hql.ast.tree.FromReferenceNode - Resolved :  dataPrice.date -> datapricee0_.date
17:18:25.140 [main] DEBUG o.h.hql.ast.tree.FromReferenceNode - Resolved :  company -> companyent1_.id
17:18:25.140 [main] DEBUG org.hibernate.hql.ast.tree.DotNode - getDataType() : name -> org.hibernate.type.StringType@519bc06f
17:18:25.141 [main] DEBUG o.h.hql.ast.tree.FromReferenceNode - Resolved :  company.name -> companyent1_.name
17:18:25.141 [main] DEBUG o.h.hql.antlr.HqlSqlBaseWalker - select : finishing up [level=1, statement=select]
17:18:25.141 [main] DEBUG org.hibernate.hql.ast.HqlSqlWalker - processQuery() :  ( SELECT ( {select clause} ( datapricee0_.price datapricee0_.id price ) ) ( FromClause{level=1} ( data_price datapricee0_ company companyent1_ ) ) ( where ( and ( = ( datapricee0_.date datapricee0_.id date ) ? ) ( = ( companyent1_.name companyent1_.id name ) ? ) ) ) )
17:18:25.142 [main] DEBUG o.h.hql.ast.util.JoinProcessor - Using FROM fragment [data_price datapricee0_]
17:18:25.143 [main] DEBUG o.h.hql.ast.util.JoinProcessor - Using FROM fragment [inner join company companyent1_ on datapricee0_.company_id=companyent1_.id]
17:18:25.143 [main] DEBUG o.h.hql.antlr.HqlSqlBaseWalker - select >> end [level=1, statement=select]
17:18:25.144 [main] DEBUG org.hibernate.hql.ast.AST - --- SQL AST ---
 \-[SELECT] QueryNode: 'SELECT'  querySpaces (company,data_price)
    +-[SELECT_CLAUSE] SelectClause: '{select clause}'
    |  +-[DOT] DotNode: 'datapricee0_.price' {propertyName=price,dereferenceType=ALL,propertyPath=price,path=dataPrice.price,tableAlias=datapricee0_,className=pl.dominika.entity.DataPriceEntity,classAlias=dataPrice}
    |  |  +-[ALIAS_REF] IdentNode: 'datapricee0_.id' {alias=dataPrice, className=pl.dominika.entity.DataPriceEntity, tableAlias=datapricee0_}
    |  |  \-[IDENT] IdentNode: 'price' {originalText=price}
    |  \-[SELECT_COLUMNS] SqlNode: ' as col_0_0_'
    +-[FROM] FromClause: 'from' FromClause{level=1, fromElementCounter=2, fromElements=2, fromElementByClassAlias=[company, dataPrice], fromElementByTableAlias=[companyent1_, datapricee0_], fromElementsByPath=[dataPrice.company], collectionJoinFromElementsByPath=[], impliedElements=[]}
    |  \-[FROM_FRAGMENT] FromElement: 'data_price datapricee0_' FromElement{explicit,not a collection join,not a fetch join,fetch non-lazy properties,classAlias=dataPrice,role=null,tableName=data_price,tableAlias=datapricee0_,origin=null,columns={,className=pl.dominika.entity.DataPriceEntity}}
    |     \-[JOIN_FRAGMENT] FromElement: 'inner join company companyent1_ on datapricee0_.company_id=companyent1_.id' FromElement{explicit,not a collection join,not a fetch join,fetch non-lazy properties,classAlias=company,role=null,tableName=company,tableAlias=companyent1_,origin=data_price datapricee0_,columns={datapricee0_.company_id ,className=pl.dominika.entity.CompanyEntity}}
    \-[WHERE] SqlNode: 'where'
       \-[AND] SqlNode: 'and'
          +-[EQ] BinaryLogicOperatorNode: '='
          |  +-[DOT] DotNode: 'datapricee0_.date' {propertyName=date,dereferenceType=ALL,propertyPath=date,path=dataPrice.date,tableAlias=datapricee0_,className=pl.dominika.entity.DataPriceEntity,classAlias=dataPrice}
          |  |  +-[ALIAS_REF] IdentNode: 'datapricee0_.id' {alias=dataPrice, className=pl.dominika.entity.DataPriceEntity, tableAlias=datapricee0_}
          |  |  \-[IDENT] IdentNode: 'date' {originalText=date}
          |  \-[NAMED_PARAM] ParameterNode: '?' {name=date, expectedType=org.hibernate.type.CustomType@369fb2ed}
          \-[EQ] BinaryLogicOperatorNode: '='
             +-[DOT] DotNode: 'companyent1_.name' {propertyName=name,dereferenceType=ALL,propertyPath=name,path=company.name,tableAlias=companyent1_,className=pl.dominika.entity.CompanyEntity,classAlias=company}
             |  +-[ALIAS_REF] IdentNode: 'companyent1_.id' {alias=company, className=pl.dominika.entity.CompanyEntity, tableAlias=companyent1_}
             |  \-[IDENT] IdentNode: 'name' {originalText=name}
             \-[NAMED_PARAM] ParameterNode: '?' {name=company, expectedType=org.hibernate.type.StringType@519bc06f}

17:18:25.144 [main] DEBUG org.hibernate.hql.ast.ErrorCounter - throwQueryException() : no errors
17:18:25.144 [main] DEBUG o.h.hql.ast.QueryTranslatorImpl - HQL: select dataPrice.price from pl.dominika.entity.DataPriceEntity dataPrice join dataPrice.company company where dataPrice.date=:date and company.name = :company
17:18:25.144 [main] DEBUG o.h.hql.ast.QueryTranslatorImpl - SQL: select datapricee0_.price as col_0_0_ from data_price datapricee0_ inner join company companyent1_ on datapricee0_.company_id=companyent1_.id where datapricee0_.date=? and companyent1_.name=?
17:18:25.145 [main] DEBUG org.hibernate.hql.ast.ErrorCounter - throwQueryException() : no errors
17:18:25.145 [main] DEBUG o.s.d.j.r.query.JpaQueryFactory - Looking up query for method findAll
17:18:25.146 [main] DEBUG org.hibernate.impl.SessionImpl - opened session at timestamp: 14492459051
17:18:25.147 [main] DEBUG o.h.hql.ast.QueryTranslatorImpl - parse() - HQL: select dataPrice from pl.dominika.entity.DataPriceEntity dataPrice 
17:18:25.150 [main] DEBUG org.hibernate.hql.ast.AST - --- HQL AST ---
 \-[QUERY] Node: 'query'
    \-[SELECT_FROM] Node: 'SELECT_FROM'
       +-[FROM] Node: 'from'
       |  \-[RANGE] Node: 'RANGE'
       |     +-[DOT] Node: '.'
       |     |  +-[DOT] Node: '.'
       |     |  |  +-[DOT] Node: '.'
       |     |  |  |  +-[IDENT] Node: 'pl'
       |     |  |  |  \-[IDENT] Node: 'dominika'
       |     |  |  \-[IDENT] Node: 'entity'
       |     |  \-[IDENT] Node: 'DataPriceEntity'
       |     \-[ALIAS] Node: 'dataPrice'
       \-[SELECT] Node: 'select'
          \-[IDENT] Node: 'dataPrice'

17:18:25.150 [main] DEBUG org.hibernate.hql.ast.ErrorCounter - throwQueryException() : no errors
17:18:25.150 [main] DEBUG o.h.hql.antlr.HqlSqlBaseWalker - select << begin [level=1, statement=select]
17:18:25.151 [main] DEBUG o.hibernate.hql.ast.tree.FromElement - FromClause{level=1} :  pl.dominika.entity.DataPriceEntity (dataPrice) -> datapricee0_
17:18:25.151 [main] DEBUG o.h.hql.ast.tree.FromReferenceNode - Resolved :  dataPrice -> datapricee0_.id
17:18:25.151 [main] DEBUG o.h.hql.antlr.HqlSqlBaseWalker - select : finishing up [level=1, statement=select]
17:18:25.151 [main] DEBUG org.hibernate.hql.ast.HqlSqlWalker - processQuery() :  ( SELECT ( {select clause} datapricee0_.id ) ( FromClause{level=1} data_price datapricee0_ ) )
17:18:25.151 [main] DEBUG o.h.hql.ast.util.JoinProcessor - Using FROM fragment [data_price datapricee0_]
17:18:25.151 [main] DEBUG o.h.hql.antlr.HqlSqlBaseWalker - select >> end [level=1, statement=select]
17:18:25.152 [main] DEBUG org.hibernate.hql.ast.AST - --- SQL AST ---
 \-[SELECT] QueryNode: 'SELECT'  querySpaces (data_price)
    +-[SELECT_CLAUSE] SelectClause: '{select clause}'
    |  +-[ALIAS_REF] IdentNode: 'datapricee0_.id as id1_' {alias=dataPrice, className=pl.dominika.entity.DataPriceEntity, tableAlias=datapricee0_}
    |  \-[SQL_TOKEN] SqlFragment: 'datapricee0_.company_id as company4_1_, datapricee0_.date as date1_, datapricee0_.price as price1_'
    \-[FROM] FromClause: 'from' FromClause{level=1, fromElementCounter=1, fromElements=1, fromElementByClassAlias=[dataPrice], fromElementByTableAlias=[datapricee0_], fromElementsByPath=[], collectionJoinFromElementsByPath=[], impliedElements=[]}
       \-[FROM_FRAGMENT] FromElement: 'data_price datapricee0_' FromElement{explicit,not a collection join,not a fetch join,fetch non-lazy properties,classAlias=dataPrice,role=null,tableName=data_price,tableAlias=datapricee0_,origin=null,columns={,className=pl.dominika.entity.DataPriceEntity}}

17:18:25.152 [main] DEBUG org.hibernate.hql.ast.ErrorCounter - throwQueryException() : no errors
17:18:25.152 [main] DEBUG o.h.hql.ast.QueryTranslatorImpl - HQL: select dataPrice from pl.dominika.entity.DataPriceEntity dataPrice 
17:18:25.152 [main] DEBUG o.h.hql.ast.QueryTranslatorImpl - SQL: select datapricee0_.id as id1_, datapricee0_.company_id as company4_1_, datapricee0_.date as date1_, datapricee0_.price as price1_ from data_price datapricee0_
17:18:25.152 [main] DEBUG org.hibernate.hql.ast.ErrorCounter - throwQueryException() : no errors
17:18:25.153 [main] DEBUG o.s.aop.framework.JdkDynamicAopProxy - Creating JDK dynamic proxy: target source is SingletonTargetSource for target object [org.springframework.data.jpa.repository.support.SimpleJpaRepository@5339a9a9]
17:18:25.164 [main] DEBUG o.s.b.f.s.DefaultListableBeanFactory - Returning cached instance of singleton bean 'org.springframework.transaction.config.internalTransactionAdvisor'
17:18:25.166 [main] DEBUG o.s.b.f.s.DefaultListableBeanFactory - Finished creating instance of bean 'dataPriceRepository'
17:18:25.166 [main] DEBUG o.s.b.f.s.DefaultListableBeanFactory - Creating shared instance of singleton bean 'companyRepository'
17:18:25.166 [main] DEBUG o.s.b.f.s.DefaultListableBeanFactory - Creating instance of bean 'companyRepository'
17:18:25.167 [main] DEBUG o.s.b.f.annotation.InjectionMetadata - Registered injected element on class [org.springframework.data.jpa.repository.support.JpaRepositoryFactoryBean]: PersistenceElement for public void org.springframework.data.jpa.repository.support.JpaRepositoryFactoryBean.setEntityManager(javax.persistence.EntityManager)
17:18:25.168 [main] DEBUG o.s.b.f.s.DefaultListableBeanFactory - Eagerly caching bean 'companyRepository' to allow for resolving potential circular references
17:18:25.168 [main] DEBUG o.s.b.f.annotation.InjectionMetadata - Processing injected element of bean 'companyRepository': PersistenceElement for public void org.springframework.data.jpa.repository.support.JpaRepositoryFactoryBean.setEntityManager(javax.persistence.EntityManager)
17:18:25.169 [main] DEBUG o.s.b.f.s.DefaultListableBeanFactory - Creating instance of bean '(inner bean)#44982d8e'
17:18:25.169 [main] DEBUG o.s.b.f.s.DefaultListableBeanFactory - Creating instance of bean '(inner bean)#62d6e8d0'
17:18:25.170 [main] DEBUG o.s.b.f.s.DefaultListableBeanFactory - Invoking afterPropertiesSet() on bean with name '(inner bean)#62d6e8d0'
17:18:25.170 [main] DEBUG o.s.b.f.s.DefaultListableBeanFactory - Returning cached instance of singleton bean 'org.springframework.transaction.config.internalTransactionAdvisor'
17:18:25.170 [main] DEBUG o.s.b.f.s.DefaultListableBeanFactory - Finished creating instance of bean '(inner bean)#62d6e8d0'
17:18:25.171 [main] DEBUG o.s.b.f.s.DefaultListableBeanFactory - Returning cached instance of singleton bean 'org.springframework.transaction.config.internalTransactionAdvisor'
17:18:25.171 [main] DEBUG o.s.b.f.s.DefaultListableBeanFactory - Returning cached instance of singleton bean 'org.springframework.transaction.config.internalTransactionAdvisor'
17:18:25.171 [main] DEBUG o.s.b.f.s.DefaultListableBeanFactory - Finished creating instance of bean '(inner bean)#44982d8e'
17:18:25.171 [main] DEBUG o.s.b.f.s.DefaultListableBeanFactory - Creating instance of bean '(inner bean)#67f095ba'
17:18:25.172 [main] DEBUG o.s.b.f.s.DefaultListableBeanFactory - Returning cached instance of singleton bean 'org.springframework.transaction.config.internalTransactionAdvisor'
17:18:25.172 [main] DEBUG o.s.b.f.s.DefaultListableBeanFactory - Finished creating instance of bean '(inner bean)#67f095ba'
17:18:25.172 [main] DEBUG o.s.b.f.s.DefaultListableBeanFactory - Creating instance of bean '(inner bean)#63f61ba5'
17:18:25.172 [main] DEBUG o.s.b.f.s.DefaultListableBeanFactory - Returning cached instance of singleton bean 'entityManagerFactory'
17:18:25.175 [main] DEBUG o.s.b.f.s.DefaultListableBeanFactory - Returning cached instance of singleton bean 'org.springframework.transaction.config.internalTransactionAdvisor'
17:18:25.176 [main] DEBUG o.s.b.f.s.DefaultListableBeanFactory - Finished creating instance of bean '(inner bean)#63f61ba5'
17:18:25.176 [main] DEBUG o.s.b.f.s.DefaultListableBeanFactory - Returning cached instance of singleton bean 'jpaMappingContext'
17:18:25.176 [main] DEBUG o.s.b.f.s.DefaultListableBeanFactory - Invoking afterPropertiesSet() on bean with name 'companyRepository'
17:18:25.176 [main] DEBUG o.s.o.j.SharedEntityManagerCreator$SharedEntityManagerInvocationHandler - Creating new EntityManager for shared EntityManager invocation
17:18:25.177 [main] DEBUG org.hibernate.impl.SessionImpl - opened session at timestamp: 14492459051
17:18:25.177 [main] DEBUG o.s.o.jpa.EntityManagerFactoryUtils - Closing JPA EntityManager
17:18:25.177 [main] DEBUG o.s.o.j.SharedEntityManagerCreator$SharedEntityManagerInvocationHandler - Creating new EntityManager for shared EntityManager invocation
17:18:25.177 [main] DEBUG org.hibernate.impl.SessionImpl - opened session at timestamp: 14492459051
17:18:25.178 [main] DEBUG o.s.o.jpa.EntityManagerFactoryUtils - Closing JPA EntityManager
17:18:25.181 [main] DEBUG o.s.o.j.SharedEntityManagerCreator$SharedEntityManagerInvocationHandler - Creating new EntityManager for shared EntityManager invocation
17:18:25.181 [main] DEBUG org.hibernate.impl.SessionImpl - opened session at timestamp: 14492459051
17:18:25.182 [main] DEBUG o.s.o.jpa.EntityManagerFactoryUtils - Closing JPA EntityManager
17:18:25.182 [main] DEBUG o.s.o.j.SharedEntityManagerCreator$SharedEntityManagerInvocationHandler - Creating new EntityManager for shared EntityManager invocation
17:18:25.182 [main] DEBUG org.hibernate.impl.SessionImpl - opened session at timestamp: 14492459051
17:18:25.183 [main] DEBUG o.s.o.jpa.EntityManagerFactoryUtils - Closing JPA EntityManager
17:18:25.183 [main] DEBUG o.s.aop.framework.JdkDynamicAopProxy - Creating JDK dynamic proxy: target source is org.springframework.data.jpa.repository.support.CrudMethodMetadataPostProcessor$ThreadBoundTargetSource@47e9b9ae
17:18:25.184 [main] DEBUG o.s.aop.framework.JdkDynamicAopProxy - Creating JDK dynamic proxy: target source is SingletonTargetSource for target object [org.springframework.data.jpa.repository.support.SimpleJpaRepository@419d7364]
17:18:25.188 [main] DEBUG o.s.b.f.s.DefaultListableBeanFactory - Returning cached instance of singleton bean 'org.springframework.transaction.config.internalTransactionAdvisor'
17:18:25.188 [main] DEBUG o.s.b.f.s.DefaultListableBeanFactory - Finished creating instance of bean 'companyRepository'
17:18:25.189 [main] DEBUG o.s.b.f.s.DefaultListableBeanFactory - Creating shared instance of singleton bean 'calendarImpl'
17:18:25.189 [main] DEBUG o.s.b.f.s.DefaultListableBeanFactory - Creating instance of bean 'calendarImpl'
17:18:25.191 [main] DEBUG o.s.b.f.annotation.InjectionMetadata - Registered injected element on class [pl.dominika.calendar.CalendarImpl]: AutowiredFieldElement for private pl.dominika.dao.DataPriceRepository pl.dominika.calendar.CalendarImpl.dataPriceRepository
17:18:25.191 [main] DEBUG o.s.b.f.s.DefaultListableBeanFactory - Eagerly caching bean 'calendarImpl' to allow for resolving potential circular references
17:18:25.192 [main] DEBUG o.s.b.f.annotation.InjectionMetadata - Processing injected element of bean 'calendarImpl': AutowiredFieldElement for private pl.dominika.dao.DataPriceRepository pl.dominika.calendar.CalendarImpl.dataPriceRepository
17:18:25.194 [main] DEBUG o.s.b.f.s.DefaultListableBeanFactory - Returning cached instance of singleton bean 'dataPriceRepository'
17:18:25.194 [main] DEBUG o.s.b.f.s.DefaultListableBeanFactory - Returning cached instance of singleton bean 'org.springframework.transaction.config.internalTransactionAdvisor'
17:18:25.199 [main] DEBUG o.s.b.f.a.AutowiredAnnotationBeanPostProcessor - Autowiring by type from bean name 'calendarImpl' to bean named 'dataPriceRepository'
17:18:25.199 [main] DEBUG o.s.b.f.s.DefaultListableBeanFactory - Returning cached instance of singleton bean 'org.springframework.transaction.config.internalTransactionAdvisor'
17:18:25.201 [main] DEBUG o.s.b.f.s.DefaultListableBeanFactory - Finished creating instance of bean 'calendarImpl'
17:18:25.201 [main] DEBUG o.s.b.f.s.DefaultListableBeanFactory - Creating shared instance of singleton bean 'investor'
17:18:25.201 [main] DEBUG o.s.b.f.s.DefaultListableBeanFactory - Creating instance of bean 'investor'
17:18:25.207 [main] DEBUG o.s.b.f.annotation.InjectionMetadata - Registered injected element on class [pl.dominika.investor.Investor]: AutowiredFieldElement for private pl.dominika.stockbroker.StockBroker pl.dominika.investor.Investor.stockBroker
17:18:25.207 [main] DEBUG o.s.b.f.annotation.InjectionMetadata - Registered injected element on class [pl.dominika.investor.Investor]: AutowiredFieldElement for private pl.dominika.wallet.Wallet pl.dominika.investor.Investor.wallet
17:18:25.207 [main] DEBUG o.s.b.f.s.DefaultListableBeanFactory - Eagerly caching bean 'investor' to allow for resolving potential circular references
17:18:25.209 [main] DEBUG o.s.b.f.annotation.InjectionMetadata - Processing injected element of bean 'investor': AutowiredFieldElement for private pl.dominika.stockbroker.StockBroker pl.dominika.investor.Investor.stockBroker
17:18:25.209 [main] DEBUG o.s.b.f.s.DefaultListableBeanFactory - Creating shared instance of singleton bean 'stockBrokerImpl'
17:18:25.210 [main] DEBUG o.s.b.f.s.DefaultListableBeanFactory - Creating instance of bean 'stockBrokerImpl'
17:18:25.211 [main] DEBUG o.s.b.f.annotation.InjectionMetadata - Registered injected element on class [pl.dominika.stockbroker.StockBrokerImpl]: AutowiredFieldElement for private pl.dominika.dao.DataPriceRepository pl.dominika.stockbroker.StockBrokerImpl.dataPriceRepository
17:18:25.211 [main] DEBUG o.s.b.f.s.DefaultListableBeanFactory - Eagerly caching bean 'stockBrokerImpl' to allow for resolving potential circular references
17:18:25.213 [main] DEBUG o.s.b.f.annotation.InjectionMetadata - Processing injected element of bean 'stockBrokerImpl': AutowiredFieldElement for private pl.dominika.dao.DataPriceRepository pl.dominika.stockbroker.StockBrokerImpl.dataPriceRepository
17:18:25.214 [main] DEBUG o.s.b.f.s.DefaultListableBeanFactory - Returning cached instance of singleton bean 'dataPriceRepository'
17:18:25.214 [main] DEBUG o.s.b.f.a.AutowiredAnnotationBeanPostProcessor - Autowiring by type from bean name 'stockBrokerImpl' to bean named 'dataPriceRepository'
17:18:25.214 [main] DEBUG o.s.b.f.s.DefaultListableBeanFactory - Returning cached instance of singleton bean 'org.springframework.transaction.config.internalTransactionAdvisor'
17:18:25.217 [main] DEBUG o.s.t.a.AnnotationTransactionAttributeSource - Adding transactional method 'StockBrokerImpl.findAll' with attribute: PROPAGATION_REQUIRED,ISOLATION_DEFAULT,readOnly; ''
17:18:25.218 [main] DEBUG o.s.a.f.a.InfrastructureAdvisorAutoProxyCreator - Creating implicit proxy for bean 'stockBrokerImpl' with 0 common interceptors and 1 specific interceptors
17:18:25.218 [main] DEBUG o.s.aop.framework.JdkDynamicAopProxy - Creating JDK dynamic proxy: target source is SingletonTargetSource for target object [pl.dominika.stockbroker.StockBrokerImpl@67126e8e]
17:18:25.221 [main] DEBUG o.s.b.f.s.DefaultListableBeanFactory - Finished creating instance of bean 'stockBrokerImpl'
17:18:25.222 [main] DEBUG o.s.b.f.a.AutowiredAnnotationBeanPostProcessor - Autowiring by type from bean name 'investor' to bean named 'stockBrokerImpl'
17:18:25.222 [main] DEBUG o.s.b.f.annotation.InjectionMetadata - Processing injected element of bean 'investor': AutowiredFieldElement for private pl.dominika.wallet.Wallet pl.dominika.investor.Investor.wallet
17:18:25.222 [main] DEBUG o.s.b.f.s.DefaultListableBeanFactory - Creating shared instance of singleton bean 'walletImpl'
17:18:25.223 [main] DEBUG o.s.b.f.s.DefaultListableBeanFactory - Creating instance of bean 'walletImpl'
17:18:25.224 [main] DEBUG o.s.b.f.s.DefaultListableBeanFactory - Eagerly caching bean 'walletImpl' to allow for resolving potential circular references
17:18:25.226 [main] DEBUG o.s.b.f.s.DefaultListableBeanFactory - Returning cached instance of singleton bean 'org.springframework.transaction.config.internalTransactionAdvisor'
17:18:25.228 [main] DEBUG o.s.b.f.s.DefaultListableBeanFactory - Finished creating instance of bean 'walletImpl'
17:18:25.228 [main] DEBUG o.s.b.f.a.AutowiredAnnotationBeanPostProcessor - Autowiring by type from bean name 'investor' to bean named 'walletImpl'
17:18:25.228 [main] DEBUG o.s.b.f.s.DefaultListableBeanFactory - Returning cached instance of singleton bean 'org.springframework.transaction.config.internalTransactionAdvisor'
17:18:25.229 [main] DEBUG o.s.b.f.s.DefaultListableBeanFactory - Finished creating instance of bean 'investor'
17:18:25.229 [main] DEBUG o.s.b.f.s.DefaultListableBeanFactory - Creating shared instance of singleton bean 'stockBroker'
17:18:25.229 [main] DEBUG o.s.b.f.s.DefaultListableBeanFactory - Creating instance of bean 'stockBroker'
17:18:25.230 [main] DEBUG o.s.b.f.annotation.InjectionMetadata - Registered injected element on class [pl.dominika.service.impl.CSVReaderImpl]: AutowiredFieldElement for private pl.dominika.dao.DataPriceRepository pl.dominika.service.impl.CSVReaderImpl.dataPriceRepository
17:18:25.231 [main] DEBUG o.s.b.f.s.DefaultListableBeanFactory - Eagerly caching bean 'stockBroker' to allow for resolving potential circular references
17:18:25.233 [main] DEBUG o.s.b.f.annotation.InjectionMetadata - Processing injected element of bean 'stockBroker': AutowiredFieldElement for private pl.dominika.dao.DataPriceRepository pl.dominika.service.impl.CSVReaderImpl.dataPriceRepository
17:18:25.233 [main] DEBUG o.s.b.f.s.DefaultListableBeanFactory - Returning cached instance of singleton bean 'dataPriceRepository'
17:18:25.233 [main] DEBUG o.s.b.f.a.AutowiredAnnotationBeanPostProcessor - Autowiring by type from bean name 'stockBroker' to bean named 'dataPriceRepository'
17:18:25.234 [main] DEBUG o.s.b.f.s.DefaultListableBeanFactory - Returning cached instance of singleton bean 'org.springframework.transaction.config.internalTransactionAdvisor'
17:18:25.234 [main] DEBUG o.s.t.a.AnnotationTransactionAttributeSource - Adding transactional method 'CSVReaderImpl.readCSV' with attribute: PROPAGATION_REQUIRED,ISOLATION_DEFAULT; ''
17:18:25.234 [main] DEBUG o.s.a.f.a.InfrastructureAdvisorAutoProxyCreator - Creating implicit proxy for bean 'stockBroker' with 0 common interceptors and 1 specific interceptors
17:18:25.235 [main] DEBUG o.s.aop.framework.JdkDynamicAopProxy - Creating JDK dynamic proxy: target source is SingletonTargetSource for target object [pl.dominika.service.impl.CSVReaderImpl@8358eb5]
17:18:25.237 [main] DEBUG o.s.b.f.s.DefaultListableBeanFactory - Finished creating instance of bean 'stockBroker'
17:18:25.238 [main] DEBUG o.s.b.f.s.DefaultListableBeanFactory - Returning cached instance of singleton bean 'stockBrokerImpl'
17:18:25.238 [main] DEBUG o.s.b.f.s.DefaultListableBeanFactory - Returning cached instance of singleton bean 'walletImpl'
17:18:25.238 [main] DEBUG o.s.b.f.s.DefaultListableBeanFactory - Returning cached instance of singleton bean 'org.springframework.context.annotation.internalConfigurationAnnotationProcessor'
17:18:25.238 [main] DEBUG o.s.b.f.s.DefaultListableBeanFactory - Returning cached instance of singleton bean 'org.springframework.context.annotation.internalAutowiredAnnotationProcessor'
17:18:25.238 [main] DEBUG o.s.b.f.s.DefaultListableBeanFactory - Returning cached instance of singleton bean 'org.springframework.context.annotation.internalRequiredAnnotationProcessor'
17:18:25.238 [main] DEBUG o.s.b.f.s.DefaultListableBeanFactory - Returning cached instance of singleton bean 'org.springframework.context.annotation.internalCommonAnnotationProcessor'
17:18:25.238 [main] DEBUG o.s.b.f.s.DefaultListableBeanFactory - Returning cached instance of singleton bean 'org.springframework.aop.config.internalAutoProxyCreator'
17:18:25.238 [main] DEBUG o.s.b.f.s.DefaultListableBeanFactory - Returning cached instance of singleton bean 'org.springframework.transaction.annotation.AnnotationTransactionAttributeSource#0'
17:18:25.238 [main] DEBUG o.s.b.f.s.DefaultListableBeanFactory - Creating shared instance of singleton bean 'org.springframework.transaction.interceptor.TransactionInterceptor#0'
17:18:25.238 [main] DEBUG o.s.b.f.s.DefaultListableBeanFactory - Creating instance of bean 'org.springframework.transaction.interceptor.TransactionInterceptor#0'
17:18:25.241 [main] DEBUG o.s.b.f.s.DefaultListableBeanFactory - Eagerly caching bean 'org.springframework.transaction.interceptor.TransactionInterceptor#0' to allow for resolving potential circular references
17:18:25.245 [main] DEBUG o.s.b.f.s.DefaultListableBeanFactory - Returning cached instance of singleton bean 'org.springframework.transaction.annotation.AnnotationTransactionAttributeSource#0'
17:18:25.245 [main] DEBUG o.s.b.f.s.DefaultListableBeanFactory - Invoking afterPropertiesSet() on bean with name 'org.springframework.transaction.interceptor.TransactionInterceptor#0'
17:18:25.245 [main] DEBUG o.s.b.f.s.DefaultListableBeanFactory - Finished creating instance of bean 'org.springframework.transaction.interceptor.TransactionInterceptor#0'
17:18:25.246 [main] DEBUG o.s.b.f.s.DefaultListableBeanFactory - Returning cached instance of singleton bean 'org.springframework.transaction.config.internalTransactionAdvisor'
17:18:25.246 [main] DEBUG o.s.b.f.s.DefaultListableBeanFactory - Returning cached instance of singleton bean 'transactionManager'
17:18:25.246 [main] DEBUG o.s.b.f.s.DefaultListableBeanFactory - Returning cached instance of singleton bean 'entityManagerFactory'
17:18:25.246 [main] DEBUG o.s.b.f.s.DefaultListableBeanFactory - Returning cached instance of singleton bean 'org.springframework.context.annotation.ConfigurationClassPostProcessor.importAwareProcessor'
17:18:25.246 [main] DEBUG o.s.b.f.s.DefaultListableBeanFactory - Returning cached instance of singleton bean 'org.springframework.context.annotation.ConfigurationClassPostProcessor.enhancedConfigurationProcessor'
17:18:25.246 [main] DEBUG o.s.b.f.s.DefaultListableBeanFactory - Creating shared instance of singleton bean 'org.springframework.orm.jpa.SharedEntityManagerCreator#0'
17:18:25.246 [main] DEBUG o.s.b.f.s.DefaultListableBeanFactory - Creating instance of bean 'org.springframework.orm.jpa.SharedEntityManagerCreator#0'
17:18:25.246 [main] DEBUG o.s.b.f.s.DefaultListableBeanFactory - Returning cached instance of singleton bean 'entityManagerFactory'
17:18:25.250 [main] DEBUG o.s.b.f.s.DefaultListableBeanFactory - Eagerly caching bean 'org.springframework.orm.jpa.SharedEntityManagerCreator#0' to allow for resolving potential circular references
17:18:25.250 [main] DEBUG o.s.b.f.s.DefaultListableBeanFactory - Returning cached instance of singleton bean 'org.springframework.transaction.config.internalTransactionAdvisor'
17:18:25.250 [main] DEBUG o.s.b.f.s.DefaultListableBeanFactory - Finished creating instance of bean 'org.springframework.orm.jpa.SharedEntityManagerCreator#0'
17:18:25.253 [main] DEBUG o.s.c.s.GenericApplicationContext - Unable to locate LifecycleProcessor with name 'lifecycleProcessor': using default [org.springframework.context.support.DefaultLifecycleProcessor@411f455e]
17:18:25.253 [main] DEBUG o.s.b.f.s.DefaultListableBeanFactory - Returning cached instance of singleton bean 'lifecycleProcessor'
17:18:25.256 [main] DEBUG o.s.c.e.PropertySourcesPropertyResolver - Searching for key 'spring.liveBeansView.mbeanDomain' in [systemProperties]
17:18:25.256 [main] DEBUG o.s.c.e.PropertySourcesPropertyResolver - Searching for key 'spring.liveBeansView.mbeanDomain' in [systemEnvironment]
17:18:25.256 [main] DEBUG o.s.c.e.PropertySourcesPropertyResolver - Could not find key 'spring.liveBeansView.mbeanDomain' in any property source. Returning [null]
17:18:25.257 [main] DEBUG o.s.t.c.DefaultCacheAwareContextLoaderDelegate - Storing ApplicationContext in cache under key [[MergedContextConfiguration@21984b4a testClass = CalendarTest, locations = '{classpath:/spring/test-context.xml}', classes = '{}', contextInitializerClasses = '[]', activeProfiles = '{}', propertySourceLocations = '{}', propertySourceProperties = '{}', contextLoader = 'org.springframework.test.context.support.DelegatingSmartContextLoader', parent = [null]]]
17:18:25.257 [main] DEBUG o.springframework.test.context.cache - Spring test ApplicationContext cache statistics: [ContextCache@4df16ea1 size = 1, hitCount = 0, missCount = 1, parentContextCount = 0]
17:18:25.259 [main] DEBUG o.s.b.f.annotation.InjectionMetadata - Processing injected element of bean 'pl.dominika.calendar_test.CalendarTest': AutowiredFieldElement for private pl.dominika.calendar.MyCalendar pl.dominika.calendar_test.CalendarTest.calendar
17:18:25.260 [main] DEBUG o.s.b.f.s.DefaultListableBeanFactory - Returning cached instance of singleton bean 'calendarImpl'
17:18:25.260 [main] DEBUG o.s.b.f.a.AutowiredAnnotationBeanPostProcessor - Autowiring by type from bean name 'pl.dominika.calendar_test.CalendarTest' to bean named 'calendarImpl'
17:18:25.260 [main] DEBUG o.s.b.f.annotation.InjectionMetadata - Processing injected element of bean 'pl.dominika.calendar_test.CalendarTest': AutowiredFieldElement for private pl.dominika.service.impl.CSVReader pl.dominika.calendar_test.CalendarTest.csvReader
17:18:25.261 [main] DEBUG o.s.b.f.s.DefaultListableBeanFactory - Returning cached instance of singleton bean 'stockBroker'
17:18:25.261 [main] DEBUG o.s.b.f.a.AutowiredAnnotationBeanPostProcessor - Autowiring by type from bean name 'pl.dominika.calendar_test.CalendarTest' to bean named 'stockBroker'
17:18:25.261 [main] DEBUG o.s.b.f.s.DefaultListableBeanFactory - Returning cached instance of singleton bean 'org.springframework.transaction.config.internalTransactionAdvisor'
17:18:25.269 [main] DEBUG o.s.b.f.s.DefaultListableBeanFactory - Returning cached instance of singleton bean 'org.springframework.transaction.interceptor.TransactionInterceptor#0'
17:18:25.273 [main] DEBUG o.s.b.f.s.DefaultListableBeanFactory - Returning cached instance of singleton bean 'transactionManager'
17:18:25.275 [main] DEBUG o.s.orm.jpa.JpaTransactionManager - Creating new transaction with name [pl.dominika.service.impl.CSVReaderImpl.readCSV]: PROPAGATION_REQUIRED,ISOLATION_DEFAULT; ''
17:18:25.275 [main] DEBUG org.hibernate.impl.SessionImpl - opened session at timestamp: 14492459052
17:18:25.275 [main] DEBUG o.s.orm.jpa.JpaTransactionManager - Opened new EntityManager [org.hibernate.ejb.EntityManagerImpl@59ba0ea9] for JPA transaction
17:18:25.279 [main] DEBUG o.h.transaction.JDBCTransaction - begin
17:18:25.280 [main] DEBUG org.hibernate.jdbc.ConnectionManager - opening JDBC connection
17:18:25.280 [main] DEBUG o.s.j.d.SimpleDriverDataSource - Creating new JDBC Driver Connection to [jdbc:hsqldb:mem:dataSource]
17:18:25.280 [main] DEBUG o.h.transaction.JDBCTransaction - current autocommit status: true
17:18:25.280 [main] DEBUG o.h.transaction.JDBCTransaction - disabling autocommit
17:18:25.283 [main] DEBUG o.s.orm.jpa.JpaTransactionManager - Exposing JPA transaction as JDBC transaction [org.springframework.orm.jpa.vendor.HibernateJpaDialect$HibernateConnectionHandle@4eb6305]
17:18:25.365 [main] DEBUG o.s.d.r.c.s.TransactionalRepositoryProxyPostProcessor$CustomAnnotationTransactionAttributeSource - Adding transactional method 'save' with attribute: PROPAGATION_REQUIRED,ISOLATION_DEFAULT; ''
17:18:25.365 [main] DEBUG o.s.b.f.s.DefaultListableBeanFactory - Returning cached instance of singleton bean 'transactionManager'
17:18:25.365 [main] DEBUG o.s.orm.jpa.JpaTransactionManager - Found thread-bound EntityManager [org.hibernate.ejb.EntityManagerImpl@59ba0ea9] for JPA transaction
17:18:25.365 [main] DEBUG o.s.orm.jpa.JpaTransactionManager - Participating in existing transaction
17:18:25.382 [main] DEBUG o.h.e.def.AbstractSaveEventListener - executing identity-insert immediately
17:18:25.383 [main] DEBUG org.hibernate.jdbc.AbstractBatcher - about to open PreparedStatement (open PreparedStatements: 0, globally: 0)
17:18:25.385 [main] DEBUG org.hibernate.SQL - 
    insert 
    into
        company
        (id, name) 
    values
        (default, ?)
Hibernate: 
    insert 
    into
        company
        (id, name) 
    values
        (default, ?)
17:18:25.393 [main] DEBUG o.h.id.IdentifierGeneratorHelper - Natively generated identity: 1
17:18:25.394 [main] DEBUG org.hibernate.jdbc.AbstractBatcher - about to close PreparedStatement (open PreparedStatements: 1, globally: 1)
17:18:25.399 [main] DEBUG o.h.e.def.AbstractSaveEventListener - executing identity-insert immediately
17:18:25.399 [main] DEBUG org.hibernate.jdbc.AbstractBatcher - about to open PreparedStatement (open PreparedStatements: 0, globally: 0)
17:18:25.400 [main] DEBUG org.hibernate.SQL - 
    insert 
    into
        data_price
        (id, company_id, date, price) 
    values
        (default, ?, ?, ?)
Hibernate: 
    insert 
    into
        data_price
        (id, company_id, date, price) 
    values
        (default, ?, ?, ?)
17:18:25.411 [main] DEBUG o.h.id.IdentifierGeneratorHelper - Natively generated identity: 1
17:18:25.411 [main] DEBUG org.hibernate.jdbc.AbstractBatcher - about to close PreparedStatement (open PreparedStatements: 1, globally: 1)
KGHM
17:18:25.412 [main] DEBUG o.s.b.f.s.DefaultListableBeanFactory - Returning cached instance of singleton bean 'transactionManager'
17:18:25.412 [main] DEBUG o.s.orm.jpa.JpaTransactionManager - Found thread-bound EntityManager [org.hibernate.ejb.EntityManagerImpl@59ba0ea9] for JPA transaction
17:18:25.412 [main] DEBUG o.s.orm.jpa.JpaTransactionManager - Participating in existing transaction
17:18:25.413 [main] DEBUG o.h.e.def.AbstractSaveEventListener - executing identity-insert immediately
17:18:25.413 [main] DEBUG org.hibernate.jdbc.AbstractBatcher - about to open PreparedStatement (open PreparedStatements: 0, globally: 0)
17:18:25.413 [main] DEBUG org.hibernate.SQL - 
    insert 
    into
        company
        (id, name) 
    values
        (default, ?)
Hibernate: 
    insert 
    into
        company
        (id, name) 
    values
        (default, ?)
17:18:25.414 [main] DEBUG o.h.id.IdentifierGeneratorHelper - Natively generated identity: 2
17:18:25.414 [main] DEBUG org.hibernate.jdbc.AbstractBatcher - about to close PreparedStatement (open PreparedStatements: 1, globally: 1)
17:18:25.414 [main] DEBUG o.h.e.def.AbstractSaveEventListener - executing identity-insert immediately
17:18:25.414 [main] DEBUG org.hibernate.jdbc.AbstractBatcher - about to open PreparedStatement (open PreparedStatements: 0, globally: 0)
17:18:25.414 [main] DEBUG org.hibernate.SQL - 
    insert 
    into
        data_price
        (id, company_id, date, price) 
    values
        (default, ?, ?, ?)
Hibernate: 
    insert 
    into
        data_price
        (id, company_id, date, price) 
    values
        (default, ?, ?, ?)
17:18:25.415 [main] DEBUG o.h.id.IdentifierGeneratorHelper - Natively generated identity: 2
17:18:25.416 [main] DEBUG org.hibernate.jdbc.AbstractBatcher - about to close PreparedStatement (open PreparedStatements: 1, globally: 1)
PGNIG
17:18:25.416 [main] DEBUG o.s.b.f.s.DefaultListableBeanFactory - Returning cached instance of singleton bean 'transactionManager'
17:18:25.416 [main] DEBUG o.s.orm.jpa.JpaTransactionManager - Found thread-bound EntityManager [org.hibernate.ejb.EntityManagerImpl@59ba0ea9] for JPA transaction
17:18:25.416 [main] DEBUG o.s.orm.jpa.JpaTransactionManager - Participating in existing transaction
17:18:25.417 [main] DEBUG o.h.e.def.AbstractSaveEventListener - executing identity-insert immediately
17:18:25.417 [main] DEBUG org.hibernate.jdbc.AbstractBatcher - about to open PreparedStatement (open PreparedStatements: 0, globally: 0)
17:18:25.417 [main] DEBUG org.hibernate.SQL - 
    insert 
    into
        company
        (id, name) 
    values
        (default, ?)
Hibernate: 
    insert 
    into
        company
        (id, name) 
    values
        (default, ?)
17:18:25.417 [main] DEBUG o.h.id.IdentifierGeneratorHelper - Natively generated identity: 3
17:18:25.418 [main] DEBUG org.hibernate.jdbc.AbstractBatcher - about to close PreparedStatement (open PreparedStatements: 1, globally: 1)
17:18:25.418 [main] DEBUG o.h.e.def.AbstractSaveEventListener - executing identity-insert immediately
17:18:25.418 [main] DEBUG org.hibernate.jdbc.AbstractBatcher - about to open PreparedStatement (open PreparedStatements: 0, globally: 0)
17:18:25.418 [main] DEBUG org.hibernate.SQL - 
    insert 
    into
        data_price
        (id, company_id, date, price) 
    values
        (default, ?, ?, ?)
Hibernate: 
    insert 
    into
        data_price
        (id, company_id, date, price) 
    values
        (default, ?, ?, ?)
17:18:25.419 [main] DEBUG o.h.id.IdentifierGeneratorHelper - Natively generated identity: 3
17:18:25.419 [main] DEBUG org.hibernate.jdbc.AbstractBatcher - about to close PreparedStatement (open PreparedStatements: 1, globally: 1)
JSW
17:18:25.419 [main] DEBUG o.s.b.f.s.DefaultListableBeanFactory - Returning cached instance of singleton bean 'transactionManager'
17:18:25.419 [main] DEBUG o.s.orm.jpa.JpaTransactionManager - Found thread-bound EntityManager [org.hibernate.ejb.EntityManagerImpl@59ba0ea9] for JPA transaction
17:18:25.420 [main] DEBUG o.s.orm.jpa.JpaTransactionManager - Participating in existing transaction
17:18:25.420 [main] DEBUG o.h.e.def.AbstractSaveEventListener - executing identity-insert immediately
17:18:25.420 [main] DEBUG org.hibernate.jdbc.AbstractBatcher - about to open PreparedStatement (open PreparedStatements: 0, globally: 0)
17:18:25.420 [main] DEBUG org.hibernate.SQL - 
    insert 
    into
        company
        (id, name) 
    values
        (default, ?)
Hibernate: 
    insert 
    into
        company
        (id, name) 
    values
        (default, ?)
17:18:25.421 [main] DEBUG o.h.id.IdentifierGeneratorHelper - Natively generated identity: 4
17:18:25.421 [main] DEBUG org.hibernate.jdbc.AbstractBatcher - about to close PreparedStatement (open PreparedStatements: 1, globally: 1)
17:18:25.421 [main] DEBUG o.h.e.def.AbstractSaveEventListener - executing identity-insert immediately
17:18:25.421 [main] DEBUG org.hibernate.jdbc.AbstractBatcher - about to open PreparedStatement (open PreparedStatements: 0, globally: 0)
17:18:25.421 [main] DEBUG org.hibernate.SQL - 
    insert 
    into
        data_price
        (id, company_id, date, price) 
    values
        (default, ?, ?, ?)
Hibernate: 
    insert 
    into
        data_price
        (id, company_id, date, price) 
    values
        (default, ?, ?, ?)
17:18:25.422 [main] DEBUG o.h.id.IdentifierGeneratorHelper - Natively generated identity: 4
17:18:25.423 [main] DEBUG org.hibernate.jdbc.AbstractBatcher - about to close PreparedStatement (open PreparedStatements: 1, globally: 1)
TPSA
17:18:25.423 [main] DEBUG o.s.b.f.s.DefaultListableBeanFactory - Returning cached instance of singleton bean 'transactionManager'
17:18:25.423 [main] DEBUG o.s.orm.jpa.JpaTransactionManager - Found thread-bound EntityManager [org.hibernate.ejb.EntityManagerImpl@59ba0ea9] for JPA transaction
17:18:25.424 [main] DEBUG o.s.orm.jpa.JpaTransactionManager - Participating in existing transaction
17:18:25.424 [main] DEBUG o.h.e.def.AbstractSaveEventListener - executing identity-insert immediately
17:18:25.424 [main] DEBUG org.hibernate.jdbc.AbstractBatcher - about to open PreparedStatement (open PreparedStatements: 0, globally: 0)
17:18:25.424 [main] DEBUG org.hibernate.SQL - 
    insert 
    into
        company
        (id, name) 
    values
        (default, ?)
Hibernate: 
    insert 
    into
        company
        (id, name) 
    values
        (default, ?)
17:18:25.425 [main] DEBUG o.h.id.IdentifierGeneratorHelper - Natively generated identity: 5
17:18:25.425 [main] DEBUG org.hibernate.jdbc.AbstractBatcher - about to close PreparedStatement (open PreparedStatements: 1, globally: 1)
17:18:25.425 [main] DEBUG o.h.e.def.AbstractSaveEventListener - executing identity-insert immediately
17:18:25.425 [main] DEBUG org.hibernate.jdbc.AbstractBatcher - about to open PreparedStatement (open PreparedStatements: 0, globally: 0)
17:18:25.425 [main] DEBUG org.hibernate.SQL - 
    insert 
    into
        data_price
        (id, company_id, date, price) 
    values
        (default, ?, ?, ?)
Hibernate: 
    insert 
    into
        data_price
        (id, company_id, date, price) 
    values
        (default, ?, ?, ?)
17:18:25.426 [main] DEBUG o.h.id.IdentifierGeneratorHelper - Natively generated identity: 5
17:18:25.427 [main] DEBUG org.hibernate.jdbc.AbstractBatcher - about to close PreparedStatement (open PreparedStatements: 1, globally: 1)
PKOBP
17:18:25.427 [main] DEBUG o.s.b.f.s.DefaultListableBeanFactory - Returning cached instance of singleton bean 'transactionManager'
17:18:25.427 [main] DEBUG o.s.orm.jpa.JpaTransactionManager - Found thread-bound EntityManager [org.hibernate.ejb.EntityManagerImpl@59ba0ea9] for JPA transaction
17:18:25.427 [main] DEBUG o.s.orm.jpa.JpaTransactionManager - Participating in existing transaction
17:18:25.427 [main] DEBUG o.h.e.def.AbstractSaveEventListener - executing identity-insert immediately
17:18:25.428 [main] DEBUG org.hibernate.jdbc.AbstractBatcher - about to open PreparedStatement (open PreparedStatements: 0, globally: 0)
17:18:25.428 [main] DEBUG org.hibernate.SQL - 
    insert 
    into
        data_price
        (id, company_id, date, price) 
    values
        (default, ?, ?, ?)
Hibernate: 
    insert 
    into
        data_price
        (id, company_id, date, price) 
    values
        (default, ?, ?, ?)
17:18:25.429 [main] DEBUG o.h.id.IdentifierGeneratorHelper - Natively generated identity: 6
17:18:25.429 [main] DEBUG org.hibernate.jdbc.AbstractBatcher - about to close PreparedStatement (open PreparedStatements: 1, globally: 1)
KGHM
17:18:25.430 [main] DEBUG o.s.b.f.s.DefaultListableBeanFactory - Returning cached instance of singleton bean 'transactionManager'
17:18:25.430 [main] DEBUG o.s.orm.jpa.JpaTransactionManager - Found thread-bound EntityManager [org.hibernate.ejb.EntityManagerImpl@59ba0ea9] for JPA transaction
17:18:25.430 [main] DEBUG o.s.orm.jpa.JpaTransactionManager - Participating in existing transaction
17:18:25.430 [main] DEBUG o.h.e.def.AbstractSaveEventListener - executing identity-insert immediately
17:18:25.430 [main] DEBUG org.hibernate.jdbc.AbstractBatcher - about to open PreparedStatement (open PreparedStatements: 0, globally: 0)
17:18:25.431 [main] DEBUG org.hibernate.SQL - 
    insert 
    into
        data_price
        (id, company_id, date, price) 
    values
        (default, ?, ?, ?)
Hibernate: 
    insert 
    into
        data_price
        (id, company_id, date, price) 
    values
        (default, ?, ?, ?)
17:18:25.432 [main] DEBUG o.h.id.IdentifierGeneratorHelper - Natively generated identity: 7
17:18:25.432 [main] DEBUG org.hibernate.jdbc.AbstractBatcher - about to close PreparedStatement (open PreparedStatements: 1, globally: 1)
PGNIG
17:18:25.433 [main] DEBUG o.s.b.f.s.DefaultListableBeanFactory - Returning cached instance of singleton bean 'transactionManager'
17:18:25.433 [main] DEBUG o.s.orm.jpa.JpaTransactionManager - Found thread-bound EntityManager [org.hibernate.ejb.EntityManagerImpl@59ba0ea9] for JPA transaction
17:18:25.433 [main] DEBUG o.s.orm.jpa.JpaTransactionManager - Participating in existing transaction
17:18:25.433 [main] DEBUG o.h.e.def.AbstractSaveEventListener - executing identity-insert immediately
17:18:25.433 [main] DEBUG org.hibernate.jdbc.AbstractBatcher - about to open PreparedStatement (open PreparedStatements: 0, globally: 0)
17:18:25.434 [main] DEBUG org.hibernate.SQL - 
    insert 
    into
        data_price
        (id, company_id, date, price) 
    values
        (default, ?, ?, ?)
Hibernate: 
    insert 
    into
        data_price
        (id, company_id, date, price) 
    values
        (default, ?, ?, ?)
17:18:25.434 [main] DEBUG o.h.id.IdentifierGeneratorHelper - Natively generated identity: 8
17:18:25.435 [main] DEBUG org.hibernate.jdbc.AbstractBatcher - about to close PreparedStatement (open PreparedStatements: 1, globally: 1)
JSW
17:18:25.435 [main] DEBUG o.s.b.f.s.DefaultListableBeanFactory - Returning cached instance of singleton bean 'transactionManager'
17:18:25.435 [main] DEBUG o.s.orm.jpa.JpaTransactionManager - Found thread-bound EntityManager [org.hibernate.ejb.EntityManagerImpl@59ba0ea9] for JPA transaction
17:18:25.435 [main] DEBUG o.s.orm.jpa.JpaTransactionManager - Participating in existing transaction
17:18:25.436 [main] DEBUG o.h.e.def.AbstractSaveEventListener - executing identity-insert immediately
17:18:25.436 [main] DEBUG org.hibernate.jdbc.AbstractBatcher - about to open PreparedStatement (open PreparedStatements: 0, globally: 0)
17:18:25.436 [main] DEBUG org.hibernate.SQL - 
    insert 
    into
        data_price
        (id, company_id, date, price) 
    values
        (default, ?, ?, ?)
Hibernate: 
    insert 
    into
        data_price
        (id, company_id, date, price) 
    values
        (default, ?, ?, ?)
17:18:25.437 [main] DEBUG o.h.id.IdentifierGeneratorHelper - Natively generated identity: 9
17:18:25.437 [main] DEBUG org.hibernate.jdbc.AbstractBatcher - about to close PreparedStatement (open PreparedStatements: 1, globally: 1)
TPSA
17:18:25.437 [main] DEBUG o.s.b.f.s.DefaultListableBeanFactory - Returning cached instance of singleton bean 'transactionManager'
17:18:25.437 [main] DEBUG o.s.orm.jpa.JpaTransactionManager - Found thread-bound EntityManager [org.hibernate.ejb.EntityManagerImpl@59ba0ea9] for JPA transaction
17:18:25.438 [main] DEBUG o.s.orm.jpa.JpaTransactionManager - Participating in existing transaction
17:18:25.438 [main] DEBUG o.h.e.def.AbstractSaveEventListener - executing identity-insert immediately
17:18:25.438 [main] DEBUG org.hibernate.jdbc.AbstractBatcher - about to open PreparedStatement (open PreparedStatements: 0, globally: 0)
17:18:25.438 [main] DEBUG org.hibernate.SQL - 
    insert 
    into
        data_price
        (id, company_id, date, price) 
    values
        (default, ?, ?, ?)
Hibernate: 
    insert 
    into
        data_price
        (id, company_id, date, price) 
    values
        (default, ?, ?, ?)
17:18:25.439 [main] DEBUG o.h.id.IdentifierGeneratorHelper - Natively generated identity: 10
17:18:25.439 [main] DEBUG org.hibernate.jdbc.AbstractBatcher - about to close PreparedStatement (open PreparedStatements: 1, globally: 1)
PKOBP
17:18:25.440 [main] DEBUG o.s.b.f.s.DefaultListableBeanFactory - Returning cached instance of singleton bean 'transactionManager'
17:18:25.441 [main] DEBUG o.s.orm.jpa.JpaTransactionManager - Found thread-bound EntityManager [org.hibernate.ejb.EntityManagerImpl@59ba0ea9] for JPA transaction
17:18:25.441 [main] DEBUG o.s.orm.jpa.JpaTransactionManager - Participating in existing transaction
17:18:25.441 [main] DEBUG o.h.e.def.AbstractSaveEventListener - executing identity-insert immediately
17:18:25.441 [main] DEBUG org.hibernate.jdbc.AbstractBatcher - about to open PreparedStatement (open PreparedStatements: 0, globally: 0)
17:18:25.442 [main] DEBUG org.hibernate.SQL - 
    insert 
    into
        data_price
        (id, company_id, date, price) 
    values
        (default, ?, ?, ?)
Hibernate: 
    insert 
    into
        data_price
        (id, company_id, date, price) 
    values
        (default, ?, ?, ?)
17:18:25.442 [main] DEBUG o.h.id.IdentifierGeneratorHelper - Natively generated identity: 11
17:18:25.442 [main] DEBUG org.hibernate.jdbc.AbstractBatcher - about to close PreparedStatement (open PreparedStatements: 1, globally: 1)
KGHM
17:18:25.443 [main] DEBUG o.s.b.f.s.DefaultListableBeanFactory - Returning cached instance of singleton bean 'transactionManager'
17:18:25.443 [main] DEBUG o.s.orm.jpa.JpaTransactionManager - Found thread-bound EntityManager [org.hibernate.ejb.EntityManagerImpl@59ba0ea9] for JPA transaction
17:18:25.443 [main] DEBUG o.s.orm.jpa.JpaTransactionManager - Participating in existing transaction
17:18:25.443 [main] DEBUG o.h.e.def.AbstractSaveEventListener - executing identity-insert immediately
17:18:25.443 [main] DEBUG org.hibernate.jdbc.AbstractBatcher - about to open PreparedStatement (open PreparedStatements: 0, globally: 0)
17:18:25.444 [main] DEBUG org.hibernate.SQL - 
    insert 
    into
        data_price
        (id, company_id, date, price) 
    values
        (default, ?, ?, ?)
Hibernate: 
    insert 
    into
        data_price
        (id, company_id, date, price) 
    values
        (default, ?, ?, ?)
17:18:25.445 [main] DEBUG o.h.id.IdentifierGeneratorHelper - Natively generated identity: 12
17:18:25.445 [main] DEBUG org.hibernate.jdbc.AbstractBatcher - about to close PreparedStatement (open PreparedStatements: 1, globally: 1)
PGNIG
17:18:25.445 [main] DEBUG o.s.b.f.s.DefaultListableBeanFactory - Returning cached instance of singleton bean 'transactionManager'
17:18:25.445 [main] DEBUG o.s.orm.jpa.JpaTransactionManager - Found thread-bound EntityManager [org.hibernate.ejb.EntityManagerImpl@59ba0ea9] for JPA transaction
17:18:25.445 [main] DEBUG o.s.orm.jpa.JpaTransactionManager - Participating in existing transaction
17:18:25.446 [main] DEBUG o.h.e.def.AbstractSaveEventListener - executing identity-insert immediately
17:18:25.446 [main] DEBUG org.hibernate.jdbc.AbstractBatcher - about to open PreparedStatement (open PreparedStatements: 0, globally: 0)
17:18:25.446 [main] DEBUG org.hibernate.SQL - 
    insert 
    into
        data_price
        (id, company_id, date, price) 
    values
        (default, ?, ?, ?)
Hibernate: 
    insert 
    into
        data_price
        (id, company_id, date, price) 
    values
        (default, ?, ?, ?)
17:18:25.447 [main] DEBUG o.h.id.IdentifierGeneratorHelper - Natively generated identity: 13
17:18:25.447 [main] DEBUG org.hibernate.jdbc.AbstractBatcher - about to close PreparedStatement (open PreparedStatements: 1, globally: 1)
JSW
17:18:25.448 [main] DEBUG o.s.b.f.s.DefaultListableBeanFactory - Returning cached instance of singleton bean 'transactionManager'
17:18:25.448 [main] DEBUG o.s.orm.jpa.JpaTransactionManager - Found thread-bound EntityManager [org.hibernate.ejb.EntityManagerImpl@59ba0ea9] for JPA transaction
17:18:25.448 [main] DEBUG o.s.orm.jpa.JpaTransactionManager - Participating in existing transaction
17:18:25.449 [main] DEBUG o.h.e.def.AbstractSaveEventListener - executing identity-insert immediately
17:18:25.449 [main] DEBUG org.hibernate.jdbc.AbstractBatcher - about to open PreparedStatement (open PreparedStatements: 0, globally: 0)
17:18:25.449 [main] DEBUG org.hibernate.SQL - 
    insert 
    into
        data_price
        (id, company_id, date, price) 
    values
        (default, ?, ?, ?)
Hibernate: 
    insert 
    into
        data_price
        (id, company_id, date, price) 
    values
        (default, ?, ?, ?)
17:18:25.450 [main] DEBUG o.h.id.IdentifierGeneratorHelper - Natively generated identity: 14
17:18:25.450 [main] DEBUG org.hibernate.jdbc.AbstractBatcher - about to close PreparedStatement (open PreparedStatements: 1, globally: 1)
TPSA
17:18:25.451 [main] DEBUG o.s.orm.jpa.JpaTransactionManager - Initiating transaction rollback
17:18:25.451 [main] DEBUG o.s.orm.jpa.JpaTransactionManager - Rolling back JPA transaction on EntityManager [org.hibernate.ejb.EntityManagerImpl@59ba0ea9]
17:18:25.451 [main] DEBUG o.h.transaction.JDBCTransaction - rollback
17:18:25.451 [main] DEBUG o.h.transaction.JDBCTransaction - re-enabling autocommit
17:18:25.451 [main] DEBUG o.h.transaction.JDBCTransaction - rolled back JDBC Connection
17:18:25.451 [main] DEBUG org.hibernate.jdbc.ConnectionManager - aggressively releasing JDBC connection
17:18:25.451 [main] DEBUG org.hibernate.jdbc.ConnectionManager - releasing JDBC connection [ (open PreparedStatements: 0, globally: 0) (open ResultSets: 0, globally: 0)]
17:18:25.452 [main] DEBUG o.s.orm.jpa.JpaTransactionManager - Closing JPA EntityManager [org.hibernate.ejb.EntityManagerImpl@59ba0ea9] after transaction
17:18:25.452 [main] DEBUG o.s.o.jpa.EntityManagerFactoryUtils - Closing JPA EntityManager
17:18:25.453 [main] DEBUG o.s.t.c.s.DirtiesContextTestExecutionListener - After test method: context [DefaultTestContext@542ebbbd testClass = CalendarTest, testInstance = pl.dominika.calendar_test.CalendarTest@4827a078, testMethod = testShouldAdddates@CalendarTest, testException = java.lang.IndexOutOfBoundsException: Index: 1, Size: 1, mergedContextConfiguration = [MergedContextConfiguration@21984b4a testClass = CalendarTest, locations = '{classpath:/spring/test-context.xml}', classes = '{}', contextInitializerClasses = '[]', activeProfiles = '{}', propertySourceLocations = '{}', propertySourceProperties = '{}', contextLoader = 'org.springframework.test.context.support.DelegatingSmartContextLoader', parent = [null]]], class dirties context [false], class mode [null], method dirties context [false].
]]></system-out>
  </testcase>
</testsuite>