<?xml version="1.0" encoding="UTF-8"?>
<testsuite name="pl.dominika.stockbroker_test.StockBrokerTest" time="0.004" tests="3" errors="1" skipped="0" failures="0">
  <properties>
    <property name="java.runtime.name" value="Java(TM) SE Runtime Environment"/>
    <property name="sun.boot.library.path" value="C:\Program Files\Java\jdk1.7.0_45\jre\bin"/>
    <property name="java.vm.version" value="24.45-b08"/>
    <property name="user.country.format" value="DE"/>
    <property name="java.vm.vendor" value="Oracle Corporation"/>
    <property name="java.vendor.url" value="http://java.oracle.com/"/>
    <property name="path.separator" value=";"/>
    <property name="guice.disable.misplaced.annotation.check" value="true"/>
    <property name="java.vm.name" value="Java HotSpot(TM) 64-Bit Server VM"/>
    <property name="file.encoding.pkg" value="sun.io"/>
    <property name="user.script" value=""/>
    <property name="user.country" value="US"/>
    <property name="sun.java.launcher" value="SUN_STANDARD"/>
    <property name="sun.os.patch.level" value="Service Pack 1"/>
    <property name="java.vm.specification.name" value="Java Virtual Machine Specification"/>
    <property name="user.dir" value="C:\Users\dpurszke\Desktop\workspace\stock-game"/>
    <property name="java.runtime.version" value="1.7.0_45-b18"/>
    <property name="java.awt.graphicsenv" value="sun.awt.Win32GraphicsEnvironment"/>
    <property name="java.endorsed.dirs" value="C:\Program Files\Java\jdk1.7.0_45\jre\lib\endorsed"/>
    <property name="os.arch" value="amd64"/>
    <property name="java.io.tmpdir" value="C:\Users\dpurszke\AppData\Local\Temp\"/>
    <property name="line.separator" value="&#10;"/>
    <property name="java.vm.specification.vendor" value="Oracle Corporation"/>
    <property name="user.variant" value=""/>
    <property name="os.name" value="Windows 7"/>
    <property name="classworlds.conf" value="C:\Users\dpurszke\Desktop\workspace\.metadata\.plugins\org.eclipse.m2e.launching\launches\m2conf6314711907433378354.tmp"/>
    <property name="sun.jnu.encoding" value="Cp1252"/>
    <property name="java.library.path" value="C:\Program Files\Java\jdk1.7.0_45\bin;C:\WINDOWS\Sun\Java\bin;C:\WINDOWS\system32;C:\WINDOWS;C:\WINDOWS\system32;C:\WINDOWS;C:\WINDOWS\System32\Wbem;C:\Program Files\apache-maven-3.3.9\bin;C:\WINDOWS\System32\WindowsPowerShell\v1.0\;C:\Users\dpurszke\AppData\Local\GitHub\PortableGit_c2ba306e536fdf878271f7fe636a147ff37326ad\bin;C:\Program Files\nodejs\;C:\Users\dpurszke\AppData\Roaming\npm;."/>
    <property name="java.specification.name" value="Java Platform API Specification"/>
    <property name="java.class.version" value="51.0"/>
    <property name="sun.management.compiler" value="HotSpot 64-Bit Tiered Compilers"/>
    <property name="os.version" value="6.1"/>
    <property name="user.home" value="C:\Users\dpurszke"/>
    <property name="user.timezone" value="Europe/Berlin"/>
    <property name="java.awt.printerjob" value="sun.awt.windows.WPrinterJob"/>
    <property name="java.specification.version" value="1.7"/>
    <property name="file.encoding" value="Cp1252"/>
    <property name="user.name" value="DPURSZKE"/>
    <property name="java.class.path" value="/C:/Users/dpurszke/Desktop/eclipse/eclipse/plugins/org.eclipse.m2e.maven.runtime_1.5.1.20150109-1819/jars/plexus-classworlds-2.5.1.jar"/>
    <property name="org.slf4j.simpleLogger.defaultLogLevel" value="info"/>
    <property name="java.vm.specification.version" value="1.7"/>
    <property name="sun.arch.data.model" value="64"/>
    <property name="java.home" value="C:\Program Files\Java\jdk1.7.0_45\jre"/>
    <property name="sun.java.command" value="org.codehaus.plexus.classworlds.launcher.Launcher -B install"/>
    <property name="java.specification.vendor" value="Oracle Corporation"/>
    <property name="user.language" value="en"/>
    <property name="user.language.format" value="de"/>
    <property name="awt.toolkit" value="sun.awt.windows.WToolkit"/>
    <property name="java.vm.info" value="mixed mode"/>
    <property name="java.version" value="1.7.0_45"/>
    <property name="java.ext.dirs" value="C:\Program Files\Java\jdk1.7.0_45\jre\lib\ext;C:\WINDOWS\Sun\Java\lib\ext"/>
    <property name="sun.boot.class.path" value="C:\Program Files\Java\jdk1.7.0_45\jre\lib\resources.jar;C:\Program Files\Java\jdk1.7.0_45\jre\lib\rt.jar;C:\Program Files\Java\jdk1.7.0_45\jre\lib\sunrsasign.jar;C:\Program Files\Java\jdk1.7.0_45\jre\lib\jsse.jar;C:\Program Files\Java\jdk1.7.0_45\jre\lib\jce.jar;C:\Program Files\Java\jdk1.7.0_45\jre\lib\charsets.jar;C:\Program Files\Java\jdk1.7.0_45\jre\lib\jfr.jar;C:\Program Files\Java\jdk1.7.0_45\jre\classes"/>
    <property name="java.vendor" value="Oracle Corporation"/>
    <property name="maven.home" value="C:\Users\dpurszke\Desktop\workspace\stock-game\EMBEDDED"/>
    <property name="file.separator" value="\"/>
    <property name="java.vendor.url.bug" value="http://bugreport.sun.com/bugreport/"/>
    <property name="sun.cpu.endian" value="little"/>
    <property name="sun.io.unicode.encoding" value="UnicodeLittle"/>
    <property name="sun.desktop" value="windows"/>
    <property name="sun.cpu.isalist" value="amd64"/>
  </properties>
  <testcase name="testShouldFindShareByDate" classname="pl.dominika.stockbroker_test.StockBrokerTest" time="0"/>
  <testcase name="testShouldFindAllShares" classname="pl.dominika.stockbroker_test.StockBrokerTest" time="0"/>
  <testcase name="testShouldBuySharesFromInvestor" classname="pl.dominika.stockbroker_test.StockBrokerTest" time="0.004">
    <error message="Index: 1, Size: 1" type="java.lang.IndexOutOfBoundsException">java.lang.IndexOutOfBoundsException: Index: 1, Size: 1
	at java.util.ArrayList.rangeCheck(ArrayList.java:635)
	at java.util.ArrayList.get(ArrayList.java:411)
	at pl.dominika.service.impl.CSVReaderImpl.convertArray2Objects(CSVReaderImpl.java:62)
	at pl.dominika.service.impl.CSVReaderImpl.readCSV(CSVReaderImpl.java:40)
	at sun.reflect.NativeMethodAccessorImpl.invoke0(Native Method)
	at sun.reflect.NativeMethodAccessorImpl.invoke(NativeMethodAccessorImpl.java:57)
	at sun.reflect.DelegatingMethodAccessorImpl.invoke(DelegatingMethodAccessorImpl.java:43)
	at java.lang.reflect.Method.invoke(Method.java:606)
	at org.springframework.aop.support.AopUtils.invokeJoinpointUsingReflection(AopUtils.java:317)
	at org.springframework.aop.framework.ReflectiveMethodInvocation.invokeJoinpoint(ReflectiveMethodInvocation.java:190)
	at org.springframework.aop.framework.ReflectiveMethodInvocation.proceed(ReflectiveMethodInvocation.java:157)
	at org.springframework.transaction.interceptor.TransactionInterceptor$1.proceedWithInvocation(TransactionInterceptor.java:98)
	at org.springframework.transaction.interceptor.TransactionAspectSupport.invokeWithinTransaction(TransactionAspectSupport.java:262)
	at org.springframework.transaction.interceptor.TransactionInterceptor.invoke(TransactionInterceptor.java:95)
	at org.springframework.aop.framework.ReflectiveMethodInvocation.proceed(ReflectiveMethodInvocation.java:179)
	at org.springframework.aop.framework.JdkDynamicAopProxy.invoke(JdkDynamicAopProxy.java:207)
	at com.sun.proxy.$Proxy40.readCSV(Unknown Source)
	at pl.dominika.stockbroker_test.StockBrokerTest.testShouldBuySharesFromInvestor(StockBrokerTest.java:58)
</error>
    <system-out><![CDATA[17:18:25.654 [main] DEBUG o.s.t.annotation.ProfileValueUtils - Retrieved @ProfileValueSourceConfiguration [null] for test class [pl.dominika.stockbroker_test.StockBrokerTest]
17:18:25.655 [main] DEBUG o.s.t.annotation.ProfileValueUtils - Retrieved ProfileValueSource type [class org.springframework.test.annotation.SystemProfileValueSource] for class [pl.dominika.stockbroker_test.StockBrokerTest]
17:18:25.655 [main] DEBUG o.s.t.c.s.DependencyInjectionTestExecutionListener - Performing dependency injection for test context [[DefaultTestContext@5b580e04 testClass = StockBrokerTest, testInstance = pl.dominika.stockbroker_test.StockBrokerTest@60d2cd99, testMethod = [null], testException = [null], mergedContextConfiguration = [MergedContextConfiguration@746dfccb testClass = StockBrokerTest, locations = '{classpath:/spring/test-context.xml}', classes = '{}', contextInitializerClasses = '[]', activeProfiles = '{}', propertySourceLocations = '{}', propertySourceProperties = '{}', contextLoader = 'org.springframework.test.context.support.DelegatingSmartContextLoader', parent = [null]]]].
17:18:25.655 [main] DEBUG o.s.t.c.DefaultCacheAwareContextLoaderDelegate - Retrieved ApplicationContext from cache with key [[MergedContextConfiguration@746dfccb testClass = StockBrokerTest, locations = '{classpath:/spring/test-context.xml}', classes = '{}', contextInitializerClasses = '[]', activeProfiles = '{}', propertySourceLocations = '{}', propertySourceProperties = '{}', contextLoader = 'org.springframework.test.context.support.DelegatingSmartContextLoader', parent = [null]]]
17:18:25.655 [main] DEBUG o.springframework.test.context.cache - Spring test ApplicationContext cache statistics: [ContextCache@4df16ea1 size = 1, hitCount = 6, missCount = 1, parentContextCount = 0]
17:18:25.655 [main] DEBUG o.s.b.f.annotation.InjectionMetadata - Processing injected element of bean 'pl.dominika.stockbroker_test.StockBrokerTest': AutowiredFieldElement for private pl.dominika.stockbroker.StockBroker pl.dominika.stockbroker_test.StockBrokerTest.stockBroker
17:18:25.655 [main] DEBUG o.s.b.f.s.DefaultListableBeanFactory - Returning cached instance of singleton bean 'stockBrokerImpl'
17:18:25.655 [main] DEBUG o.s.b.f.annotation.InjectionMetadata - Processing injected element of bean 'pl.dominika.stockbroker_test.StockBrokerTest': AutowiredFieldElement for private pl.dominika.service.impl.CSVReader pl.dominika.stockbroker_test.StockBrokerTest.csvReader
17:18:25.655 [main] DEBUG o.s.b.f.s.DefaultListableBeanFactory - Returning cached instance of singleton bean 'stockBroker'
17:18:25.656 [main] DEBUG o.s.b.f.s.DefaultListableBeanFactory - Returning cached instance of singleton bean 'transactionManager'
17:18:25.656 [main] DEBUG o.s.orm.jpa.JpaTransactionManager - Creating new transaction with name [pl.dominika.service.impl.CSVReaderImpl.readCSV]: PROPAGATION_REQUIRED,ISOLATION_DEFAULT; ''
17:18:25.656 [main] DEBUG org.hibernate.impl.SessionImpl - opened session at timestamp: 14492459056
17:18:25.656 [main] DEBUG o.s.orm.jpa.JpaTransactionManager - Opened new EntityManager [org.hibernate.ejb.EntityManagerImpl@2fb82978] for JPA transaction
17:18:25.656 [main] DEBUG o.h.transaction.JDBCTransaction - begin
17:18:25.656 [main] DEBUG org.hibernate.jdbc.ConnectionManager - opening JDBC connection
17:18:25.656 [main] DEBUG o.s.j.d.SimpleDriverDataSource - Creating new JDBC Driver Connection to [jdbc:hsqldb:mem:dataSource]
17:18:25.656 [main] DEBUG o.h.transaction.JDBCTransaction - current autocommit status: true
17:18:25.656 [main] DEBUG o.h.transaction.JDBCTransaction - disabling autocommit
17:18:25.657 [main] DEBUG o.s.orm.jpa.JpaTransactionManager - Exposing JPA transaction as JDBC transaction [org.springframework.orm.jpa.vendor.HibernateJpaDialect$HibernateConnectionHandle@63aa9dc1]
17:18:25.657 [main] DEBUG o.s.b.f.s.DefaultListableBeanFactory - Returning cached instance of singleton bean 'transactionManager'
17:18:25.657 [main] DEBUG o.s.orm.jpa.JpaTransactionManager - Found thread-bound EntityManager [org.hibernate.ejb.EntityManagerImpl@2fb82978] for JPA transaction
17:18:25.657 [main] DEBUG o.s.orm.jpa.JpaTransactionManager - Participating in existing transaction
17:18:25.657 [main] DEBUG o.h.e.def.AbstractSaveEventListener - executing identity-insert immediately
17:18:25.657 [main] DEBUG org.hibernate.jdbc.AbstractBatcher - about to open PreparedStatement (open PreparedStatements: 0, globally: 0)
17:18:25.658 [main] DEBUG org.hibernate.SQL - 
    insert 
    into
        company
        (id, name) 
    values
        (default, ?)
Hibernate: 
    insert 
    into
        company
        (id, name) 
    values
        (default, ?)
17:18:25.658 [main] DEBUG o.h.id.IdentifierGeneratorHelper - Natively generated identity: 21
17:18:25.658 [main] DEBUG org.hibernate.jdbc.AbstractBatcher - about to close PreparedStatement (open PreparedStatements: 1, globally: 1)
17:18:25.663 [main] DEBUG o.h.e.def.AbstractSaveEventListener - executing identity-insert immediately
17:18:25.663 [main] DEBUG org.hibernate.jdbc.AbstractBatcher - about to open PreparedStatement (open PreparedStatements: 0, globally: 0)
17:18:25.663 [main] DEBUG org.hibernate.SQL - 
    insert 
    into
        data_price
        (id, company_id, date, price) 
    values
        (default, ?, ?, ?)
Hibernate: 
    insert 
    into
        data_price
        (id, company_id, date, price) 
    values
        (default, ?, ?, ?)
17:18:25.664 [main] DEBUG o.h.id.IdentifierGeneratorHelper - Natively generated identity: 57
17:18:25.664 [main] DEBUG org.hibernate.jdbc.AbstractBatcher - about to close PreparedStatement (open PreparedStatements: 1, globally: 1)
KGHM
17:18:25.664 [main] DEBUG o.s.b.f.s.DefaultListableBeanFactory - Returning cached instance of singleton bean 'transactionManager'
17:18:25.664 [main] DEBUG o.s.orm.jpa.JpaTransactionManager - Found thread-bound EntityManager [org.hibernate.ejb.EntityManagerImpl@2fb82978] for JPA transaction
17:18:25.664 [main] DEBUG o.s.orm.jpa.JpaTransactionManager - Participating in existing transaction
17:18:25.665 [main] DEBUG o.h.e.def.AbstractSaveEventListener - executing identity-insert immediately
17:18:25.665 [main] DEBUG org.hibernate.jdbc.AbstractBatcher - about to open PreparedStatement (open PreparedStatements: 0, globally: 0)
17:18:25.665 [main] DEBUG org.hibernate.SQL - 
    insert 
    into
        company
        (id, name) 
    values
        (default, ?)
Hibernate: 
    insert 
    into
        company
        (id, name) 
    values
        (default, ?)
17:18:25.665 [main] DEBUG o.h.id.IdentifierGeneratorHelper - Natively generated identity: 22
17:18:25.665 [main] DEBUG org.hibernate.jdbc.AbstractBatcher - about to close PreparedStatement (open PreparedStatements: 1, globally: 1)
17:18:25.665 [main] DEBUG o.h.e.def.AbstractSaveEventListener - executing identity-insert immediately
17:18:25.665 [main] DEBUG org.hibernate.jdbc.AbstractBatcher - about to open PreparedStatement (open PreparedStatements: 0, globally: 0)
17:18:25.666 [main] DEBUG org.hibernate.SQL - 
    insert 
    into
        data_price
        (id, company_id, date, price) 
    values
        (default, ?, ?, ?)
Hibernate: 
    insert 
    into
        data_price
        (id, company_id, date, price) 
    values
        (default, ?, ?, ?)
17:18:25.666 [main] DEBUG o.h.id.IdentifierGeneratorHelper - Natively generated identity: 58
17:18:25.666 [main] DEBUG org.hibernate.jdbc.AbstractBatcher - about to close PreparedStatement (open PreparedStatements: 1, globally: 1)
PGNIG
17:18:25.666 [main] DEBUG o.s.b.f.s.DefaultListableBeanFactory - Returning cached instance of singleton bean 'transactionManager'
17:18:25.666 [main] DEBUG o.s.orm.jpa.JpaTransactionManager - Found thread-bound EntityManager [org.hibernate.ejb.EntityManagerImpl@2fb82978] for JPA transaction
17:18:25.667 [main] DEBUG o.s.orm.jpa.JpaTransactionManager - Participating in existing transaction
17:18:25.667 [main] DEBUG o.h.e.def.AbstractSaveEventListener - executing identity-insert immediately
17:18:25.667 [main] DEBUG org.hibernate.jdbc.AbstractBatcher - about to open PreparedStatement (open PreparedStatements: 0, globally: 0)
17:18:25.667 [main] DEBUG org.hibernate.SQL - 
    insert 
    into
        company
        (id, name) 
    values
        (default, ?)
Hibernate: 
    insert 
    into
        company
        (id, name) 
    values
        (default, ?)
17:18:25.667 [main] DEBUG o.h.id.IdentifierGeneratorHelper - Natively generated identity: 23
17:18:25.667 [main] DEBUG org.hibernate.jdbc.AbstractBatcher - about to close PreparedStatement (open PreparedStatements: 1, globally: 1)
17:18:25.667 [main] DEBUG o.h.e.def.AbstractSaveEventListener - executing identity-insert immediately
17:18:25.667 [main] DEBUG org.hibernate.jdbc.AbstractBatcher - about to open PreparedStatement (open PreparedStatements: 0, globally: 0)
17:18:25.668 [main] DEBUG org.hibernate.SQL - 
    insert 
    into
        data_price
        (id, company_id, date, price) 
    values
        (default, ?, ?, ?)
Hibernate: 
    insert 
    into
        data_price
        (id, company_id, date, price) 
    values
        (default, ?, ?, ?)
17:18:25.668 [main] DEBUG o.h.id.IdentifierGeneratorHelper - Natively generated identity: 59
17:18:25.668 [main] DEBUG org.hibernate.jdbc.AbstractBatcher - about to close PreparedStatement (open PreparedStatements: 1, globally: 1)
JSW
17:18:25.668 [main] DEBUG o.s.b.f.s.DefaultListableBeanFactory - Returning cached instance of singleton bean 'transactionManager'
17:18:25.668 [main] DEBUG o.s.orm.jpa.JpaTransactionManager - Found thread-bound EntityManager [org.hibernate.ejb.EntityManagerImpl@2fb82978] for JPA transaction
17:18:25.668 [main] DEBUG o.s.orm.jpa.JpaTransactionManager - Participating in existing transaction
17:18:25.669 [main] DEBUG o.h.e.def.AbstractSaveEventListener - executing identity-insert immediately
17:18:25.669 [main] DEBUG org.hibernate.jdbc.AbstractBatcher - about to open PreparedStatement (open PreparedStatements: 0, globally: 0)
17:18:25.669 [main] DEBUG org.hibernate.SQL - 
    insert 
    into
        company
        (id, name) 
    values
        (default, ?)
Hibernate: 
    insert 
    into
        company
        (id, name) 
    values
        (default, ?)
17:18:25.669 [main] DEBUG o.h.id.IdentifierGeneratorHelper - Natively generated identity: 24
17:18:25.669 [main] DEBUG org.hibernate.jdbc.AbstractBatcher - about to close PreparedStatement (open PreparedStatements: 1, globally: 1)
17:18:25.669 [main] DEBUG o.h.e.def.AbstractSaveEventListener - executing identity-insert immediately
17:18:25.669 [main] DEBUG org.hibernate.jdbc.AbstractBatcher - about to open PreparedStatement (open PreparedStatements: 0, globally: 0)
17:18:25.670 [main] DEBUG org.hibernate.SQL - 
    insert 
    into
        data_price
        (id, company_id, date, price) 
    values
        (default, ?, ?, ?)
Hibernate: 
    insert 
    into
        data_price
        (id, company_id, date, price) 
    values
        (default, ?, ?, ?)
17:18:25.670 [main] DEBUG o.h.id.IdentifierGeneratorHelper - Natively generated identity: 60
17:18:25.670 [main] DEBUG org.hibernate.jdbc.AbstractBatcher - about to close PreparedStatement (open PreparedStatements: 1, globally: 1)
TPSA
17:18:25.670 [main] DEBUG o.s.b.f.s.DefaultListableBeanFactory - Returning cached instance of singleton bean 'transactionManager'
17:18:25.670 [main] DEBUG o.s.orm.jpa.JpaTransactionManager - Found thread-bound EntityManager [org.hibernate.ejb.EntityManagerImpl@2fb82978] for JPA transaction
17:18:25.670 [main] DEBUG o.s.orm.jpa.JpaTransactionManager - Participating in existing transaction
17:18:25.671 [main] DEBUG o.h.e.def.AbstractSaveEventListener - executing identity-insert immediately
17:18:25.671 [main] DEBUG org.hibernate.jdbc.AbstractBatcher - about to open PreparedStatement (open PreparedStatements: 0, globally: 0)
17:18:25.671 [main] DEBUG org.hibernate.SQL - 
    insert 
    into
        company
        (id, name) 
    values
        (default, ?)
Hibernate: 
    insert 
    into
        company
        (id, name) 
    values
        (default, ?)
17:18:25.671 [main] DEBUG o.h.id.IdentifierGeneratorHelper - Natively generated identity: 25
17:18:25.671 [main] DEBUG org.hibernate.jdbc.AbstractBatcher - about to close PreparedStatement (open PreparedStatements: 1, globally: 1)
17:18:25.671 [main] DEBUG o.h.e.def.AbstractSaveEventListener - executing identity-insert immediately
17:18:25.671 [main] DEBUG org.hibernate.jdbc.AbstractBatcher - about to open PreparedStatement (open PreparedStatements: 0, globally: 0)
17:18:25.671 [main] DEBUG org.hibernate.SQL - 
    insert 
    into
        data_price
        (id, company_id, date, price) 
    values
        (default, ?, ?, ?)
Hibernate: 
    insert 
    into
        data_price
        (id, company_id, date, price) 
    values
        (default, ?, ?, ?)
17:18:25.672 [main] DEBUG o.h.id.IdentifierGeneratorHelper - Natively generated identity: 61
17:18:25.672 [main] DEBUG org.hibernate.jdbc.AbstractBatcher - about to close PreparedStatement (open PreparedStatements: 1, globally: 1)
PKOBP
17:18:25.672 [main] DEBUG o.s.b.f.s.DefaultListableBeanFactory - Returning cached instance of singleton bean 'transactionManager'
17:18:25.672 [main] DEBUG o.s.orm.jpa.JpaTransactionManager - Found thread-bound EntityManager [org.hibernate.ejb.EntityManagerImpl@2fb82978] for JPA transaction
17:18:25.672 [main] DEBUG o.s.orm.jpa.JpaTransactionManager - Participating in existing transaction
17:18:25.673 [main] DEBUG o.h.e.def.AbstractSaveEventListener - executing identity-insert immediately
17:18:25.673 [main] DEBUG org.hibernate.jdbc.AbstractBatcher - about to open PreparedStatement (open PreparedStatements: 0, globally: 0)
17:18:25.673 [main] DEBUG org.hibernate.SQL - 
    insert 
    into
        data_price
        (id, company_id, date, price) 
    values
        (default, ?, ?, ?)
Hibernate: 
    insert 
    into
        data_price
        (id, company_id, date, price) 
    values
        (default, ?, ?, ?)
17:18:25.673 [main] DEBUG o.h.id.IdentifierGeneratorHelper - Natively generated identity: 62
17:18:25.673 [main] DEBUG org.hibernate.jdbc.AbstractBatcher - about to close PreparedStatement (open PreparedStatements: 1, globally: 1)
KGHM
17:18:25.673 [main] DEBUG o.s.b.f.s.DefaultListableBeanFactory - Returning cached instance of singleton bean 'transactionManager'
17:18:25.674 [main] DEBUG o.s.orm.jpa.JpaTransactionManager - Found thread-bound EntityManager [org.hibernate.ejb.EntityManagerImpl@2fb82978] for JPA transaction
17:18:25.674 [main] DEBUG o.s.orm.jpa.JpaTransactionManager - Participating in existing transaction
17:18:25.674 [main] DEBUG o.h.e.def.AbstractSaveEventListener - executing identity-insert immediately
17:18:25.674 [main] DEBUG org.hibernate.jdbc.AbstractBatcher - about to open PreparedStatement (open PreparedStatements: 0, globally: 0)
17:18:25.674 [main] DEBUG org.hibernate.SQL - 
    insert 
    into
        data_price
        (id, company_id, date, price) 
    values
        (default, ?, ?, ?)
Hibernate: 
    insert 
    into
        data_price
        (id, company_id, date, price) 
    values
        (default, ?, ?, ?)
17:18:25.674 [main] DEBUG o.h.id.IdentifierGeneratorHelper - Natively generated identity: 63
17:18:25.675 [main] DEBUG org.hibernate.jdbc.AbstractBatcher - about to close PreparedStatement (open PreparedStatements: 1, globally: 1)
PGNIG
17:18:25.675 [main] DEBUG o.s.b.f.s.DefaultListableBeanFactory - Returning cached instance of singleton bean 'transactionManager'
17:18:25.675 [main] DEBUG o.s.orm.jpa.JpaTransactionManager - Found thread-bound EntityManager [org.hibernate.ejb.EntityManagerImpl@2fb82978] for JPA transaction
17:18:25.675 [main] DEBUG o.s.orm.jpa.JpaTransactionManager - Participating in existing transaction
17:18:25.675 [main] DEBUG o.h.e.def.AbstractSaveEventListener - executing identity-insert immediately
17:18:25.675 [main] DEBUG org.hibernate.jdbc.AbstractBatcher - about to open PreparedStatement (open PreparedStatements: 0, globally: 0)
17:18:25.675 [main] DEBUG org.hibernate.SQL - 
    insert 
    into
        data_price
        (id, company_id, date, price) 
    values
        (default, ?, ?, ?)
Hibernate: 
    insert 
    into
        data_price
        (id, company_id, date, price) 
    values
        (default, ?, ?, ?)
17:18:25.676 [main] DEBUG o.h.id.IdentifierGeneratorHelper - Natively generated identity: 64
17:18:25.676 [main] DEBUG org.hibernate.jdbc.AbstractBatcher - about to close PreparedStatement (open PreparedStatements: 1, globally: 1)
JSW
17:18:25.676 [main] DEBUG o.s.b.f.s.DefaultListableBeanFactory - Returning cached instance of singleton bean 'transactionManager'
17:18:25.676 [main] DEBUG o.s.orm.jpa.JpaTransactionManager - Found thread-bound EntityManager [org.hibernate.ejb.EntityManagerImpl@2fb82978] for JPA transaction
17:18:25.676 [main] DEBUG o.s.orm.jpa.JpaTransactionManager - Participating in existing transaction
17:18:25.677 [main] DEBUG o.h.e.def.AbstractSaveEventListener - executing identity-insert immediately
17:18:25.677 [main] DEBUG org.hibernate.jdbc.AbstractBatcher - about to open PreparedStatement (open PreparedStatements: 0, globally: 0)
17:18:25.677 [main] DEBUG org.hibernate.SQL - 
    insert 
    into
        data_price
        (id, company_id, date, price) 
    values
        (default, ?, ?, ?)
Hibernate: 
    insert 
    into
        data_price
        (id, company_id, date, price) 
    values
        (default, ?, ?, ?)
17:18:25.677 [main] DEBUG o.h.id.IdentifierGeneratorHelper - Natively generated identity: 65
17:18:25.677 [main] DEBUG org.hibernate.jdbc.AbstractBatcher - about to close PreparedStatement (open PreparedStatements: 1, globally: 1)
TPSA
17:18:25.678 [main] DEBUG o.s.b.f.s.DefaultListableBeanFactory - Returning cached instance of singleton bean 'transactionManager'
17:18:25.678 [main] DEBUG o.s.orm.jpa.JpaTransactionManager - Found thread-bound EntityManager [org.hibernate.ejb.EntityManagerImpl@2fb82978] for JPA transaction
17:18:25.678 [main] DEBUG o.s.orm.jpa.JpaTransactionManager - Participating in existing transaction
17:18:25.678 [main] DEBUG o.h.e.def.AbstractSaveEventListener - executing identity-insert immediately
17:18:25.678 [main] DEBUG org.hibernate.jdbc.AbstractBatcher - about to open PreparedStatement (open PreparedStatements: 0, globally: 0)
17:18:25.678 [main] DEBUG org.hibernate.SQL - 
    insert 
    into
        data_price
        (id, company_id, date, price) 
    values
        (default, ?, ?, ?)
Hibernate: 
    insert 
    into
        data_price
        (id, company_id, date, price) 
    values
        (default, ?, ?, ?)
17:18:25.679 [main] DEBUG o.h.id.IdentifierGeneratorHelper - Natively generated identity: 66
17:18:25.679 [main] DEBUG org.hibernate.jdbc.AbstractBatcher - about to close PreparedStatement (open PreparedStatements: 1, globally: 1)
PKOBP
17:18:25.679 [main] DEBUG o.s.b.f.s.DefaultListableBeanFactory - Returning cached instance of singleton bean 'transactionManager'
17:18:25.680 [main] DEBUG o.s.orm.jpa.JpaTransactionManager - Found thread-bound EntityManager [org.hibernate.ejb.EntityManagerImpl@2fb82978] for JPA transaction
17:18:25.680 [main] DEBUG o.s.orm.jpa.JpaTransactionManager - Participating in existing transaction
17:18:25.680 [main] DEBUG o.h.e.def.AbstractSaveEventListener - executing identity-insert immediately
17:18:25.680 [main] DEBUG org.hibernate.jdbc.AbstractBatcher - about to open PreparedStatement (open PreparedStatements: 0, globally: 0)
17:18:25.680 [main] DEBUG org.hibernate.SQL - 
    insert 
    into
        data_price
        (id, company_id, date, price) 
    values
        (default, ?, ?, ?)
Hibernate: 
    insert 
    into
        data_price
        (id, company_id, date, price) 
    values
        (default, ?, ?, ?)
17:18:25.681 [main] DEBUG o.h.id.IdentifierGeneratorHelper - Natively generated identity: 67
17:18:25.681 [main] DEBUG org.hibernate.jdbc.AbstractBatcher - about to close PreparedStatement (open PreparedStatements: 1, globally: 1)
KGHM
17:18:25.681 [main] DEBUG o.s.b.f.s.DefaultListableBeanFactory - Returning cached instance of singleton bean 'transactionManager'
17:18:25.681 [main] DEBUG o.s.orm.jpa.JpaTransactionManager - Found thread-bound EntityManager [org.hibernate.ejb.EntityManagerImpl@2fb82978] for JPA transaction
17:18:25.681 [main] DEBUG o.s.orm.jpa.JpaTransactionManager - Participating in existing transaction
17:18:25.681 [main] DEBUG o.h.e.def.AbstractSaveEventListener - executing identity-insert immediately
17:18:25.681 [main] DEBUG org.hibernate.jdbc.AbstractBatcher - about to open PreparedStatement (open PreparedStatements: 0, globally: 0)
17:18:25.682 [main] DEBUG org.hibernate.SQL - 
    insert 
    into
        data_price
        (id, company_id, date, price) 
    values
        (default, ?, ?, ?)
Hibernate: 
    insert 
    into
        data_price
        (id, company_id, date, price) 
    values
        (default, ?, ?, ?)
17:18:25.682 [main] DEBUG o.h.id.IdentifierGeneratorHelper - Natively generated identity: 68
17:18:25.682 [main] DEBUG org.hibernate.jdbc.AbstractBatcher - about to close PreparedStatement (open PreparedStatements: 1, globally: 1)
PGNIG
17:18:25.682 [main] DEBUG o.s.b.f.s.DefaultListableBeanFactory - Returning cached instance of singleton bean 'transactionManager'
17:18:25.682 [main] DEBUG o.s.orm.jpa.JpaTransactionManager - Found thread-bound EntityManager [org.hibernate.ejb.EntityManagerImpl@2fb82978] for JPA transaction
17:18:25.682 [main] DEBUG o.s.orm.jpa.JpaTransactionManager - Participating in existing transaction
17:18:25.682 [main] DEBUG o.h.e.def.AbstractSaveEventListener - executing identity-insert immediately
17:18:25.682 [main] DEBUG org.hibernate.jdbc.AbstractBatcher - about to open PreparedStatement (open PreparedStatements: 0, globally: 0)
17:18:25.683 [main] DEBUG org.hibernate.SQL - 
    insert 
    into
        data_price
        (id, company_id, date, price) 
    values
        (default, ?, ?, ?)
Hibernate: 
    insert 
    into
        data_price
        (id, company_id, date, price) 
    values
        (default, ?, ?, ?)
17:18:25.683 [main] DEBUG o.h.id.IdentifierGeneratorHelper - Natively generated identity: 69
17:18:25.683 [main] DEBUG org.hibernate.jdbc.AbstractBatcher - about to close PreparedStatement (open PreparedStatements: 1, globally: 1)
JSW
17:18:25.683 [main] DEBUG o.s.b.f.s.DefaultListableBeanFactory - Returning cached instance of singleton bean 'transactionManager'
17:18:25.683 [main] DEBUG o.s.orm.jpa.JpaTransactionManager - Found thread-bound EntityManager [org.hibernate.ejb.EntityManagerImpl@2fb82978] for JPA transaction
17:18:25.683 [main] DEBUG o.s.orm.jpa.JpaTransactionManager - Participating in existing transaction
17:18:25.683 [main] DEBUG o.h.e.def.AbstractSaveEventListener - executing identity-insert immediately
17:18:25.683 [main] DEBUG org.hibernate.jdbc.AbstractBatcher - about to open PreparedStatement (open PreparedStatements: 0, globally: 0)
17:18:25.684 [main] DEBUG org.hibernate.SQL - 
    insert 
    into
        data_price
        (id, company_id, date, price) 
    values
        (default, ?, ?, ?)
Hibernate: 
    insert 
    into
        data_price
        (id, company_id, date, price) 
    values
        (default, ?, ?, ?)
17:18:25.684 [main] DEBUG o.h.id.IdentifierGeneratorHelper - Natively generated identity: 70
17:18:25.684 [main] DEBUG org.hibernate.jdbc.AbstractBatcher - about to close PreparedStatement (open PreparedStatements: 1, globally: 1)
TPSA
17:18:25.684 [main] DEBUG o.s.orm.jpa.JpaTransactionManager - Initiating transaction rollback
17:18:25.684 [main] DEBUG o.s.orm.jpa.JpaTransactionManager - Rolling back JPA transaction on EntityManager [org.hibernate.ejb.EntityManagerImpl@2fb82978]
17:18:25.684 [main] DEBUG o.h.transaction.JDBCTransaction - rollback
17:18:25.685 [main] DEBUG o.h.transaction.JDBCTransaction - re-enabling autocommit
17:18:25.685 [main] DEBUG o.h.transaction.JDBCTransaction - rolled back JDBC Connection
17:18:25.685 [main] DEBUG org.hibernate.jdbc.ConnectionManager - aggressively releasing JDBC connection
17:18:25.685 [main] DEBUG org.hibernate.jdbc.ConnectionManager - releasing JDBC connection [ (open PreparedStatements: 0, globally: 0) (open ResultSets: 0, globally: 0)]
17:18:25.685 [main] DEBUG o.s.orm.jpa.JpaTransactionManager - Closing JPA EntityManager [org.hibernate.ejb.EntityManagerImpl@2fb82978] after transaction
17:18:25.685 [main] DEBUG o.s.o.jpa.EntityManagerFactoryUtils - Closing JPA EntityManager
17:18:25.685 [main] DEBUG o.s.t.c.s.DirtiesContextTestExecutionListener - After test method: context [DefaultTestContext@5b580e04 testClass = StockBrokerTest, testInstance = pl.dominika.stockbroker_test.StockBrokerTest@60d2cd99, testMethod = testShouldBuySharesFromInvestor@StockBrokerTest, testException = java.lang.IndexOutOfBoundsException: Index: 1, Size: 1, mergedContextConfiguration = [MergedContextConfiguration@746dfccb testClass = StockBrokerTest, locations = '{classpath:/spring/test-context.xml}', classes = '{}', contextInitializerClasses = '[]', activeProfiles = '{}', propertySourceLocations = '{}', propertySourceProperties = '{}', contextLoader = 'org.springframework.test.context.support.DelegatingSmartContextLoader', parent = [null]]], class dirties context [false], class mode [null], method dirties context [false].
]]></system-out>
  </testcase>
</testsuite>